{"/home/hbb/hai-project/socius-friends/app/_layout.tsx": {"path":"/home/hbb/hai-project/socius-friends/app/_layout.tsx","statementMap":{"0":{"start":{"line":18,"column":28},"end":{"line":63,"column":1}},"1":{"start":{"line":19,"column":23},"end":{"line":19,"column":33}},"2":{"start":{"line":20,"column":30},"end":{"line":20,"column":46}},"3":{"start":{"line":21,"column":21},"end":{"line":21,"column":33}},"4":{"start":{"line":22,"column":19},"end":{"line":22,"column":30}},"5":{"start":{"line":24,"column":23},"end":{"line":24,"column":27}},"6":{"start":{"line":25,"column":4},"end":{"line":32,"column":5}},"7":{"start":{"line":26,"column":8},"end":{"line":26,"column":57}},"8":{"start":{"line":27,"column":11},"end":{"line":32,"column":5}},"9":{"start":{"line":28,"column":8},"end":{"line":28,"column":43}},"10":{"start":{"line":29,"column":11},"end":{"line":32,"column":5}},"11":{"start":{"line":31,"column":8},"end":{"line":31,"column":43}},"12":{"start":{"line":34,"column":22},"end":{"line":34,"column":36}},"13":{"start":{"line":36,"column":31},"end":{"line":38,"column":5}},"14":{"start":{"line":37,"column":8},"end":{"line":37,"column":35}},"15":{"start":{"line":40,"column":4},"end":{"line":62,"column":6}},"16":{"start":{"line":56,"column":31},"end":{"line":56,"column":55}},"17":{"start":{"line":66,"column":50},"end":{"line":66,"column":62}},"18":{"start":{"line":67,"column":18},"end":{"line":67,"column":31}},"19":{"start":{"line":68,"column":21},"end":{"line":68,"column":34}},"20":{"start":{"line":69,"column":19},"end":{"line":69,"column":30}},"21":{"start":{"line":70,"column":23},"end":{"line":70,"column":33}},"22":{"start":{"line":71,"column":33},"end":{"line":71,"column":51}},"23":{"start":{"line":73,"column":4},"end":{"line":75,"column":37}},"24":{"start":{"line":74,"column":8},"end":{"line":74,"column":35}},"25":{"start":{"line":79,"column":4},"end":{"line":100,"column":51}},"26":{"start":{"line":80,"column":8},"end":{"line":80,"column":34}},"27":{"start":{"line":80,"column":27},"end":{"line":80,"column":34}},"28":{"start":{"line":83,"column":29},"end":{"line":83,"column":62}},"29":{"start":{"line":87,"column":30},"end":{"line":87,"column":126}},"30":{"start":{"line":89,"column":8},"end":{"line":99,"column":9}},"31":{"start":{"line":91,"column":12},"end":{"line":93,"column":13}},"32":{"start":{"line":92,"column":16},"end":{"line":92,"column":36}},"33":{"start":{"line":94,"column":15},"end":{"line":99,"column":9}},"34":{"start":{"line":96,"column":12},"end":{"line":98,"column":13}},"35":{"start":{"line":97,"column":16},"end":{"line":97,"column":44}},"36":{"start":{"line":104,"column":4},"end":{"line":147,"column":6}},"37":{"start":{"line":124,"column":43},"end":{"line":124,"column":66}},"38":{"start":{"line":151,"column":4},"end":{"line":167,"column":6}}},"fnMap":{"0":{"name":"(anonymous_0)","decl":{"start":{"line":18,"column":28},"end":{"line":18,"column":29}},"loc":{"start":{"line":18,"column":34},"end":{"line":63,"column":1}},"line":18},"1":{"name":"(anonymous_1)","decl":{"start":{"line":36,"column":31},"end":{"line":36,"column":32}},"loc":{"start":{"line":36,"column":37},"end":{"line":38,"column":5}},"line":36},"2":{"name":"(anonymous_2)","decl":{"start":{"line":56,"column":25},"end":{"line":56,"column":26}},"loc":{"start":{"line":56,"column":31},"end":{"line":56,"column":55}},"line":56},"3":{"name":"RootLayoutNav","decl":{"start":{"line":65,"column":9},"end":{"line":65,"column":22}},"loc":{"start":{"line":65,"column":25},"end":{"line":148,"column":1}},"line":65},"4":{"name":"(anonymous_4)","decl":{"start":{"line":73,"column":14},"end":{"line":73,"column":15}},"loc":{"start":{"line":73,"column":20},"end":{"line":75,"column":5}},"line":73},"5":{"name":"(anonymous_5)","decl":{"start":{"line":79,"column":14},"end":{"line":79,"column":15}},"loc":{"start":{"line":79,"column":20},"end":{"line":100,"column":5}},"line":79},"6":{"name":"(anonymous_6)","decl":{"start":{"line":124,"column":37},"end":{"line":124,"column":38}},"loc":{"start":{"line":124,"column":43},"end":{"line":124,"column":66}},"line":124},"7":{"name":"RootLayout","decl":{"start":{"line":150,"column":24},"end":{"line":150,"column":34}},"loc":{"start":{"line":150,"column":37},"end":{"line":168,"column":1}},"line":150}},"branchMap":{"0":{"loc":{"start":{"line":25,"column":4},"end":{"line":32,"column":5}},"type":"if","locations":[{"start":{"line":25,"column":4},"end":{"line":32,"column":5}},{"start":{"line":27,"column":11},"end":{"line":32,"column":5}}],"line":25},"1":{"loc":{"start":{"line":25,"column":8},"end":{"line":25,"column":88}},"type":"binary-expr","locations":[{"start":{"line":25,"column":8},"end":{"line":25,"column":21}},{"start":{"line":25,"column":25},"end":{"line":25,"column":51}},{"start":{"line":25,"column":55},"end":{"line":25,"column":88}}],"line":25},"2":{"loc":{"start":{"line":27,"column":11},"end":{"line":32,"column":5}},"type":"if","locations":[{"start":{"line":27,"column":11},"end":{"line":32,"column":5}},{"start":{"line":29,"column":11},"end":{"line":32,"column":5}}],"line":27},"3":{"loc":{"start":{"line":27,"column":15},"end":{"line":27,"column":56}},"type":"binary-expr","locations":[{"start":{"line":27,"column":15},"end":{"line":27,"column":41}},{"start":{"line":27,"column":45},"end":{"line":27,"column":56}}],"line":27},"4":{"loc":{"start":{"line":29,"column":11},"end":{"line":32,"column":5}},"type":"if","locations":[{"start":{"line":29,"column":11},"end":{"line":32,"column":5}},{"start":{},"end":{}}],"line":29},"5":{"loc":{"start":{"line":46,"column":17},"end":{"line":53,"column":17}},"type":"cond-expr","locations":[{"start":{"line":47,"column":20},"end":{"line":50,"column":22}},{"start":{"line":52,"column":20},"end":{"line":52,"column":91}}],"line":46},"6":{"loc":{"start":{"line":80,"column":8},"end":{"line":80,"column":34}},"type":"if","locations":[{"start":{"line":80,"column":8},"end":{"line":80,"column":34}},{"start":{},"end":{}}],"line":80},"7":{"loc":{"start":{"line":87,"column":30},"end":{"line":87,"column":126}},"type":"binary-expr","locations":[{"start":{"line":87,"column":30},"end":{"line":87,"column":65}},{"start":{"line":87,"column":69},"end":{"line":87,"column":93}},{"start":{"line":87,"column":97},"end":{"line":87,"column":126}}],"line":87},"8":{"loc":{"start":{"line":89,"column":8},"end":{"line":99,"column":9}},"type":"if","locations":[{"start":{"line":89,"column":8},"end":{"line":99,"column":9}},{"start":{"line":94,"column":15},"end":{"line":99,"column":9}}],"line":89},"9":{"loc":{"start":{"line":91,"column":12},"end":{"line":93,"column":13}},"type":"if","locations":[{"start":{"line":91,"column":12},"end":{"line":93,"column":13}},{"start":{},"end":{}}],"line":91},"10":{"loc":{"start":{"line":94,"column":15},"end":{"line":99,"column":9}},"type":"if","locations":[{"start":{"line":94,"column":15},"end":{"line":99,"column":9}},{"start":{},"end":{}}],"line":94},"11":{"loc":{"start":{"line":96,"column":12},"end":{"line":98,"column":13}},"type":"if","locations":[{"start":{"line":96,"column":12},"end":{"line":98,"column":13}},{"start":{},"end":{}}],"line":96},"12":{"loc":{"start":{"line":106,"column":30},"end":{"line":106,"column":70}},"type":"cond-expr","locations":[{"start":{"line":106,"column":54},"end":{"line":106,"column":61}},{"start":{"line":106,"column":64},"end":{"line":106,"column":70}}],"line":106}},"s":{"0":0,"1":0,"2":0,"3":0,"4":0,"5":0,"6":0,"7":0,"8":0,"9":0,"10":0,"11":0,"12":0,"13":0,"14":0,"15":0,"16":0,"17":0,"18":0,"19":0,"20":0,"21":0,"22":0,"23":0,"24":0,"25":0,"26":0,"27":0,"28":0,"29":0,"30":0,"31":0,"32":0,"33":0,"34":0,"35":0,"36":0,"37":0,"38":0},"f":{"0":0,"1":0,"2":0,"3":0,"4":0,"5":0,"6":0,"7":0},"b":{"0":[0,0],"1":[0,0,0],"2":[0,0],"3":[0,0],"4":[0,0],"5":[0,0],"6":[0,0],"7":[0,0,0],"8":[0,0],"9":[0,0],"10":[0,0],"11":[0,0],"12":[0,0]}}
,"/home/hbb/hai-project/socius-friends/app/bible.tsx": {"path":"/home/hbb/hai-project/socius-friends/app/bible.tsx","statementMap":{"0":{"start":{"line":18,"column":19},"end":{"line":18,"column":38}},"1":{"start":{"line":19,"column":31},"end":{"line":19,"column":41}},"2":{"start":{"line":20,"column":28},"end":{"line":20,"column":41}},"3":{"start":{"line":21,"column":19},"end":{"line":21,"column":30}},"4":{"start":{"line":46,"column":8},"end":{"line":46,"column":18}},"5":{"start":{"line":48,"column":46},"end":{"line":48,"column":84}},"6":{"start":{"line":49,"column":24},"end":{"line":49,"column":38}},"7":{"start":{"line":52,"column":29},"end":{"line":52,"column":47}},"8":{"start":{"line":55,"column":4},"end":{"line":57,"column":41}},"9":{"start":{"line":56,"column":8},"end":{"line":56,"column":46}},"10":{"start":{"line":60,"column":24},"end":{"line":60,"column":33}},"11":{"start":{"line":61,"column":29},"end":{"line":61,"column":66}},"12":{"start":{"line":62,"column":26},"end":{"line":62,"column":41}},"13":{"start":{"line":64,"column":25},"end":{"line":102,"column":5}},"14":{"start":{"line":65,"column":31},"end":{"line":65,"column":64}},"15":{"start":{"line":66,"column":21},"end":{"line":66,"column":57}},"16":{"start":{"line":68,"column":8},"end":{"line":76,"column":9}},"17":{"start":{"line":70,"column":12},"end":{"line":74,"column":23}},"18":{"start":{"line":75,"column":12},"end":{"line":75,"column":19}},"19":{"start":{"line":78,"column":8},"end":{"line":99,"column":9}},"20":{"start":{"line":80,"column":12},"end":{"line":84,"column":23}},"21":{"start":{"line":85,"column":15},"end":{"line":99,"column":9}},"22":{"start":{"line":87,"column":12},"end":{"line":91,"column":23}},"23":{"start":{"line":92,"column":15},"end":{"line":99,"column":9}},"24":{"start":{"line":94,"column":12},"end":{"line":98,"column":23}},"25":{"start":{"line":101,"column":8},"end":{"line":101,"column":45}},"26":{"start":{"line":105,"column":25},"end":{"line":105,"column":95}},"27":{"start":{"line":106,"column":30},"end":{"line":106,"column":130}},"28":{"start":{"line":109,"column":27},"end":{"line":202,"column":5}},"29":{"start":{"line":110,"column":8},"end":{"line":112,"column":9}},"30":{"start":{"line":111,"column":12},"end":{"line":111,"column":24}},"31":{"start":{"line":114,"column":29},"end":{"line":114,"column":40}},"32":{"start":{"line":115,"column":29},"end":{"line":115,"column":51}},"33":{"start":{"line":116,"column":33},"end":{"line":116,"column":103}},"34":{"start":{"line":118,"column":8},"end":{"line":201,"column":10}},"35":{"start":{"line":123,"column":38},"end":{"line":123,"column":60}},"36":{"start":{"line":128,"column":61},"end":{"line":128,"column":79}},"37":{"start":{"line":131,"column":61},"end":{"line":131,"column":82}},"38":{"start":{"line":134,"column":61},"end":{"line":134,"column":83}},"39":{"start":{"line":143,"column":63},"end":{"line":143,"column":78}},"40":{"start":{"line":145,"column":36},"end":{"line":156,"column":55}},"41":{"start":{"line":148,"column":44},"end":{"line":148,"column":72}},"42":{"start":{"line":149,"column":44},"end":{"line":149,"column":71}},"43":{"start":{"line":150,"column":44},"end":{"line":150,"column":66}},"44":{"start":{"line":165,"column":67},"end":{"line":165,"column":85}},"45":{"start":{"line":167,"column":40},"end":{"line":187,"column":59}},"46":{"start":{"line":177,"column":48},"end":{"line":177,"column":79}},"47":{"start":{"line":178,"column":48},"end":{"line":178,"column":71}},"48":{"start":{"line":204,"column":4},"end":{"line":211,"column":5}},"49":{"start":{"line":205,"column":8},"end":{"line":210,"column":10}},"50":{"start":{"line":213,"column":4},"end":{"line":472,"column":6}},"51":{"start":{"line":234,"column":83},"end":{"line":234,"column":96}},"52":{"start":{"line":251,"column":51},"end":{"line":251,"column":75}},"53":{"start":{"line":255,"column":61},"end":{"line":255,"column":78}},"54":{"start":{"line":275,"column":49},"end":{"line":275,"column":158}},"55":{"start":{"line":287,"column":43},"end":{"line":287,"column":69}},"56":{"start":{"line":307,"column":28},"end":{"line":322,"column":47}},"57":{"start":{"line":310,"column":47},"end":{"line":310,"column":75}},"58":{"start":{"line":337,"column":28},"end":{"line":361,"column":47}},"59":{"start":{"line":345,"column":54},"end":{"line":345,"column":67}},"60":{"start":{"line":347,"column":57},"end":{"line":347,"column":88}},"61":{"start":{"line":348,"column":50},"end":{"line":348,"column":76}},"62":{"start":{"line":350,"column":36},"end":{"line":354,"column":39}},"63":{"start":{"line":355,"column":36},"end":{"line":355,"column":58}},"64":{"start":{"line":356,"column":36},"end":{"line":356,"column":66}},"65":{"start":{"line":382,"column":65},"end":{"line":382,"column":86}},"66":{"start":{"line":406,"column":31},"end":{"line":406,"column":58}},"67":{"start":{"line":410,"column":20},"end":{"line":410,"column":48}},"68":{"start":{"line":411,"column":20},"end":{"line":411,"column":71}},"69":{"start":{"line":411,"column":37},"end":{"line":411,"column":64}},"70":{"start":{"line":419,"column":31},"end":{"line":419,"column":59}},"71":{"start":{"line":428,"column":38},"end":{"line":428,"column":68}},"72":{"start":{"line":434,"column":35},"end":{"line":434,"column":65}},"73":{"start":{"line":475,"column":15},"end":{"line":1012,"column":2}}},"fnMap":{"0":{"name":"BibleScreen","decl":{"start":{"line":17,"column":24},"end":{"line":17,"column":35}},"loc":{"start":{"line":17,"column":38},"end":{"line":473,"column":1}},"line":17},"1":{"name":"(anonymous_1)","decl":{"start":{"line":55,"column":14},"end":{"line":55,"column":15}},"loc":{"start":{"line":55,"column":20},"end":{"line":57,"column":5}},"line":55},"2":{"name":"(anonymous_2)","decl":{"start":{"line":64,"column":25},"end":{"line":64,"column":26}},"loc":{"start":{"line":64,"column":77},"end":{"line":102,"column":5}},"line":64},"3":{"name":"(anonymous_3)","decl":{"start":{"line":109,"column":27},"end":{"line":109,"column":28}},"loc":{"start":{"line":109,"column":33},"end":{"line":202,"column":5}},"line":109},"4":{"name":"(anonymous_4)","decl":{"start":{"line":123,"column":32},"end":{"line":123,"column":33}},"loc":{"start":{"line":123,"column":38},"end":{"line":123,"column":60}},"line":123},"5":{"name":"(anonymous_5)","decl":{"start":{"line":128,"column":55},"end":{"line":128,"column":56}},"loc":{"start":{"line":128,"column":61},"end":{"line":128,"column":79}},"line":128},"6":{"name":"(anonymous_6)","decl":{"start":{"line":131,"column":55},"end":{"line":131,"column":56}},"loc":{"start":{"line":131,"column":61},"end":{"line":131,"column":82}},"line":131},"7":{"name":"(anonymous_7)","decl":{"start":{"line":134,"column":55},"end":{"line":134,"column":56}},"loc":{"start":{"line":134,"column":61},"end":{"line":134,"column":83}},"line":134},"8":{"name":"(anonymous_8)","decl":{"start":{"line":143,"column":46},"end":{"line":143,"column":47}},"loc":{"start":{"line":143,"column":63},"end":{"line":143,"column":78}},"line":143},"9":{"name":"(anonymous_9)","decl":{"start":{"line":144,"column":44},"end":{"line":144,"column":45}},"loc":{"start":{"line":145,"column":36},"end":{"line":156,"column":55}},"line":145},"10":{"name":"(anonymous_10)","decl":{"start":{"line":147,"column":49},"end":{"line":147,"column":50}},"loc":{"start":{"line":147,"column":55},"end":{"line":151,"column":41}},"line":147},"11":{"name":"(anonymous_11)","decl":{"start":{"line":165,"column":50},"end":{"line":165,"column":51}},"loc":{"start":{"line":165,"column":67},"end":{"line":165,"column":85}},"line":165},"12":{"name":"(anonymous_12)","decl":{"start":{"line":166,"column":48},"end":{"line":166,"column":49}},"loc":{"start":{"line":167,"column":40},"end":{"line":187,"column":59}},"line":167},"13":{"name":"(anonymous_13)","decl":{"start":{"line":176,"column":53},"end":{"line":176,"column":54}},"loc":{"start":{"line":176,"column":59},"end":{"line":179,"column":45}},"line":176},"14":{"name":"(anonymous_14)","decl":{"start":{"line":234,"column":77},"end":{"line":234,"column":78}},"loc":{"start":{"line":234,"column":83},"end":{"line":234,"column":96}},"line":234},"15":{"name":"(anonymous_15)","decl":{"start":{"line":251,"column":45},"end":{"line":251,"column":46}},"loc":{"start":{"line":251,"column":51},"end":{"line":251,"column":75}},"line":251},"16":{"name":"(anonymous_16)","decl":{"start":{"line":255,"column":55},"end":{"line":255,"column":56}},"loc":{"start":{"line":255,"column":61},"end":{"line":255,"column":78}},"line":255},"17":{"name":"(anonymous_17)","decl":{"start":{"line":275,"column":44},"end":{"line":275,"column":45}},"loc":{"start":{"line":275,"column":49},"end":{"line":275,"column":158}},"line":275},"18":{"name":"(anonymous_18)","decl":{"start":{"line":287,"column":37},"end":{"line":287,"column":38}},"loc":{"start":{"line":287,"column":43},"end":{"line":287,"column":69}},"line":287},"19":{"name":"(anonymous_19)","decl":{"start":{"line":306,"column":41},"end":{"line":306,"column":42}},"loc":{"start":{"line":307,"column":28},"end":{"line":322,"column":47}},"line":307},"20":{"name":"(anonymous_20)","decl":{"start":{"line":310,"column":41},"end":{"line":310,"column":42}},"loc":{"start":{"line":310,"column":47},"end":{"line":310,"column":75}},"line":310},"21":{"name":"(anonymous_21)","decl":{"start":{"line":336,"column":44},"end":{"line":336,"column":45}},"loc":{"start":{"line":337,"column":28},"end":{"line":361,"column":47}},"line":337},"22":{"name":"(anonymous_22)","decl":{"start":{"line":344,"column":41},"end":{"line":344,"column":42}},"loc":{"start":{"line":344,"column":48},"end":{"line":357,"column":33}},"line":344},"23":{"name":"(anonymous_23)","decl":{"start":{"line":382,"column":59},"end":{"line":382,"column":60}},"loc":{"start":{"line":382,"column":65},"end":{"line":382,"column":86}},"line":382},"24":{"name":"(anonymous_24)","decl":{"start":{"line":406,"column":25},"end":{"line":406,"column":26}},"loc":{"start":{"line":406,"column":31},"end":{"line":406,"column":58}},"line":406},"25":{"name":"(anonymous_25)","decl":{"start":{"line":409,"column":33},"end":{"line":409,"column":34}},"loc":{"start":{"line":409,"column":39},"end":{"line":412,"column":17}},"line":409},"26":{"name":"(anonymous_26)","decl":{"start":{"line":411,"column":31},"end":{"line":411,"column":32}},"loc":{"start":{"line":411,"column":37},"end":{"line":411,"column":64}},"line":411},"27":{"name":"(anonymous_27)","decl":{"start":{"line":419,"column":25},"end":{"line":419,"column":26}},"loc":{"start":{"line":419,"column":31},"end":{"line":419,"column":59}},"line":419},"28":{"name":"(anonymous_28)","decl":{"start":{"line":428,"column":32},"end":{"line":428,"column":33}},"loc":{"start":{"line":428,"column":38},"end":{"line":428,"column":68}},"line":428},"29":{"name":"(anonymous_29)","decl":{"start":{"line":434,"column":29},"end":{"line":434,"column":30}},"loc":{"start":{"line":434,"column":35},"end":{"line":434,"column":65}},"line":434}},"branchMap":{"0":{"loc":{"start":{"line":68,"column":8},"end":{"line":76,"column":9}},"type":"if","locations":[{"start":{"line":68,"column":8},"end":{"line":76,"column":9}},{"start":{},"end":{}}],"line":68},"1":{"loc":{"start":{"line":68,"column":12},"end":{"line":68,"column":55}},"type":"binary-expr","locations":[{"start":{"line":68,"column":12},"end":{"line":68,"column":34}},{"start":{"line":68,"column":38},"end":{"line":68,"column":55}}],"line":68},"2":{"loc":{"start":{"line":78,"column":8},"end":{"line":99,"column":9}},"type":"if","locations":[{"start":{"line":78,"column":8},"end":{"line":99,"column":9}},{"start":{"line":85,"column":15},"end":{"line":99,"column":9}}],"line":78},"3":{"loc":{"start":{"line":85,"column":15},"end":{"line":99,"column":9}},"type":"if","locations":[{"start":{"line":85,"column":15},"end":{"line":99,"column":9}},{"start":{"line":92,"column":15},"end":{"line":99,"column":9}}],"line":85},"4":{"loc":{"start":{"line":85,"column":19},"end":{"line":85,"column":61}},"type":"binary-expr","locations":[{"start":{"line":85,"column":19},"end":{"line":85,"column":27}},{"start":{"line":85,"column":31},"end":{"line":85,"column":61}}],"line":85},"5":{"loc":{"start":{"line":92,"column":15},"end":{"line":99,"column":9}},"type":"if","locations":[{"start":{"line":92,"column":15},"end":{"line":99,"column":9}},{"start":{},"end":{}}],"line":92},"6":{"loc":{"start":{"line":105,"column":28},"end":{"line":105,"column":94}},"type":"binary-expr","locations":[{"start":{"line":105,"column":28},"end":{"line":105,"column":40}},{"start":{"line":105,"column":44},"end":{"line":105,"column":55}},{"start":{"line":105,"column":59},"end":{"line":105,"column":94}}],"line":105},"7":{"loc":{"start":{"line":106,"column":30},"end":{"line":106,"column":130}},"type":"cond-expr","locations":[{"start":{"line":106,"column":106},"end":{"line":106,"column":126}},{"start":{"line":106,"column":129},"end":{"line":106,"column":130}}],"line":106},"8":{"loc":{"start":{"line":106,"column":30},"end":{"line":106,"column":103}},"type":"binary-expr","locations":[{"start":{"line":106,"column":30},"end":{"line":106,"column":41}},{"start":{"line":106,"column":45},"end":{"line":106,"column":103}}],"line":106},"9":{"loc":{"start":{"line":106,"column":69},"end":{"line":106,"column":102}},"type":"binary-expr","locations":[{"start":{"line":106,"column":69},"end":{"line":106,"column":97}},{"start":{"line":106,"column":101},"end":{"line":106,"column":102}}],"line":106},"10":{"loc":{"start":{"line":110,"column":8},"end":{"line":112,"column":9}},"type":"if","locations":[{"start":{"line":110,"column":8},"end":{"line":112,"column":9}},{"start":{},"end":{}}],"line":110},"11":{"loc":{"start":{"line":110,"column":12},"end":{"line":110,"column":86}},"type":"binary-expr","locations":[{"start":{"line":110,"column":12},"end":{"line":110,"column":25}},{"start":{"line":110,"column":29},"end":{"line":110,"column":48}},{"start":{"line":110,"column":52},"end":{"line":110,"column":86}}],"line":110},"12":{"loc":{"start":{"line":116,"column":33},"end":{"line":116,"column":103}},"type":"binary-expr","locations":[{"start":{"line":116,"column":33},"end":{"line":116,"column":45}},{"start":{"line":116,"column":49},"end":{"line":116,"column":76}},{"start":{"line":116,"column":80},"end":{"line":116,"column":103}}],"line":116},"13":{"loc":{"start":{"line":129,"column":96},"end":{"line":129,"column":163}},"type":"binary-expr","locations":[{"start":{"line":129,"column":96},"end":{"line":129,"column":114}},{"start":{"line":129,"column":118},"end":{"line":129,"column":163}}],"line":129},"14":{"loc":{"start":{"line":132,"column":96},"end":{"line":132,"column":166}},"type":"binary-expr","locations":[{"start":{"line":132,"column":96},"end":{"line":132,"column":117}},{"start":{"line":132,"column":121},"end":{"line":132,"column":166}}],"line":132},"15":{"loc":{"start":{"line":139,"column":25},"end":{"line":197,"column":25}},"type":"cond-expr","locations":[{"start":{"line":140,"column":28},"end":{"line":158,"column":30}},{"start":{"line":160,"column":28},"end":{"line":196,"column":29}}],"line":139},"16":{"loc":{"start":{"line":153,"column":98},"end":{"line":153,"column":174}},"type":"binary-expr","locations":[{"start":{"line":153,"column":98},"end":{"line":153,"column":125}},{"start":{"line":153,"column":129},"end":{"line":153,"column":174}}],"line":153},"17":{"loc":{"start":{"line":160,"column":28},"end":{"line":196,"column":29}},"type":"cond-expr","locations":[{"start":{"line":161,"column":32},"end":{"line":189,"column":34}},{"start":{"line":191,"column":32},"end":{"line":195,"column":39}}],"line":160},"18":{"loc":{"start":{"line":171,"column":69},"end":{"line":171,"column":141}},"type":"cond-expr","locations":[{"start":{"line":171,"column":102},"end":{"line":171,"column":116}},{"start":{"line":171,"column":119},"end":{"line":171,"column":141}}],"line":171},"19":{"loc":{"start":{"line":172,"column":65},"end":{"line":172,"column":128}},"type":"cond-expr","locations":[{"start":{"line":172,"column":98},"end":{"line":172,"column":112}},{"start":{"line":172,"column":115},"end":{"line":172,"column":128}}],"line":172},"20":{"loc":{"start":{"line":183,"column":57},"end":{"line":183,"column":110}},"type":"cond-expr","locations":[{"start":{"line":183,"column":90},"end":{"line":183,"column":96}},{"start":{"line":183,"column":99},"end":{"line":183,"column":110}}],"line":183},"21":{"loc":{"start":{"line":204,"column":4},"end":{"line":211,"column":5}},"type":"if","locations":[{"start":{"line":204,"column":4},"end":{"line":211,"column":5}},{"start":{},"end":{}}],"line":204},"22":{"loc":{"start":{"line":226,"column":35},"end":{"line":226,"column":54}},"type":"cond-expr","locations":[{"start":{"line":226,"column":44},"end":{"line":226,"column":47}},{"start":{"line":226,"column":50},"end":{"line":226,"column":54}}],"line":226},"23":{"loc":{"start":{"line":235,"column":44},"end":{"line":235,"column":97}},"type":"cond-expr","locations":[{"start":{"line":235,"column":68},"end":{"line":235,"column":82}},{"start":{"line":235,"column":85},"end":{"line":235,"column":97}}],"line":235},"24":{"loc":{"start":{"line":242,"column":56},"end":{"line":242,"column":76}},"type":"cond-expr","locations":[{"start":{"line":242,"column":65},"end":{"line":242,"column":69}},{"start":{"line":242,"column":72},"end":{"line":242,"column":76}}],"line":242},"25":{"loc":{"start":{"line":247,"column":41},"end":{"line":247,"column":121}},"type":"cond-expr","locations":[{"start":{"line":247,"column":61},"end":{"line":247,"column":107}},{"start":{"line":247,"column":110},"end":{"line":247,"column":121}}],"line":247},"26":{"loc":{"start":{"line":254,"column":25},"end":{"line":258,"column":25}},"type":"binary-expr","locations":[{"start":{"line":254,"column":25},"end":{"line":254,"column":46}},{"start":{"line":255,"column":28},"end":{"line":257,"column":47}}],"line":254},"27":{"loc":{"start":{"line":269,"column":49},"end":{"line":269,"column":102}},"type":"cond-expr","locations":[{"start":{"line":269,"column":58},"end":{"line":269,"column":81}},{"start":{"line":269,"column":84},"end":{"line":269,"column":102}}],"line":269},"28":{"loc":{"start":{"line":275,"column":29},"end":{"line":279,"column":29}},"type":"cond-expr","locations":[{"start":{"line":276,"column":32},"end":{"line":276,"column":93}},{"start":{"line":278,"column":32},"end":{"line":278,"column":107}}],"line":275},"29":{"loc":{"start":{"line":275,"column":49},"end":{"line":275,"column":158}},"type":"binary-expr","locations":[{"start":{"line":275,"column":49},"end":{"line":275,"column":82}},{"start":{"line":275,"column":86},"end":{"line":275,"column":125}},{"start":{"line":275,"column":129},"end":{"line":275,"column":158}}],"line":275},"30":{"loc":{"start":{"line":285,"column":49},"end":{"line":285,"column":102}},"type":"cond-expr","locations":[{"start":{"line":285,"column":58},"end":{"line":285,"column":81}},{"start":{"line":285,"column":84},"end":{"line":285,"column":102}}],"line":285},"31":{"loc":{"start":{"line":297,"column":16},"end":{"line":325,"column":17}},"type":"binary-expr","locations":[{"start":{"line":297,"column":16},"end":{"line":297,"column":38}},{"start":{"line":298,"column":20},"end":{"line":324,"column":27}}],"line":297},"32":{"loc":{"start":{"line":308,"column":64},"end":{"line":308,"column":92}},"type":"binary-expr","locations":[{"start":{"line":308,"column":64},"end":{"line":308,"column":82}},{"start":{"line":308,"column":86},"end":{"line":308,"column":92}}],"line":308},"33":{"loc":{"start":{"line":313,"column":42},"end":{"line":313,"column":111}},"type":"cond-expr","locations":[{"start":{"line":313,"column":71},"end":{"line":313,"column":85}},{"start":{"line":313,"column":88},"end":{"line":313,"column":111}}],"line":313},"34":{"loc":{"start":{"line":319,"column":33},"end":{"line":321,"column":33}},"type":"binary-expr","locations":[{"start":{"line":319,"column":33},"end":{"line":319,"column":62}},{"start":{"line":320,"column":36},"end":{"line":320,"column":108}}],"line":319},"35":{"loc":{"start":{"line":329,"column":16},"end":{"line":369,"column":17}},"type":"cond-expr","locations":[{"start":{"line":330,"column":20},"end":{"line":364,"column":33}},{"start":{"line":366,"column":20},"end":{"line":368,"column":27}}],"line":329},"36":{"loc":{"start":{"line":335,"column":106},"end":{"line":335,"column":128}},"type":"binary-expr","locations":[{"start":{"line":335,"column":106},"end":{"line":335,"column":123}},{"start":{"line":335,"column":127},"end":{"line":335,"column":128}}],"line":335},"37":{"loc":{"start":{"line":341,"column":36},"end":{"line":341,"column":174}},"type":"binary-expr","locations":[{"start":{"line":341,"column":36},"end":{"line":341,"column":60}},{"start":{"line":341,"column":64},"end":{"line":341,"column":174}}],"line":341},"38":{"loc":{"start":{"line":341,"column":83},"end":{"line":341,"column":143}},"type":"cond-expr","locations":[{"start":{"line":341,"column":92},"end":{"line":341,"column":116}},{"start":{"line":341,"column":119},"end":{"line":341,"column":143}}],"line":341},"39":{"loc":{"start":{"line":352,"column":43},"end":{"line":352,"column":74}},"type":"cond-expr","locations":[{"start":{"line":352,"column":51},"end":{"line":352,"column":61}},{"start":{"line":352,"column":64},"end":{"line":352,"column":74}}],"line":352},"40":{"loc":{"start":{"line":360,"column":146},"end":{"line":360,"column":157}},"type":"binary-expr","locations":[{"start":{"line":360,"column":146},"end":{"line":360,"column":151}},{"start":{"line":360,"column":155},"end":{"line":360,"column":157}}],"line":360},"41":{"loc":{"start":{"line":374,"column":16},"end":{"line":399,"column":17}},"type":"binary-expr","locations":[{"start":{"line":374,"column":16},"end":{"line":374,"column":28}},{"start":{"line":375,"column":20},"end":{"line":398,"column":27}}],"line":374},"42":{"loc":{"start":{"line":376,"column":82},"end":{"line":376,"column":144}},"type":"cond-expr","locations":[{"start":{"line":376,"column":91},"end":{"line":376,"column":115}},{"start":{"line":376,"column":118},"end":{"line":376,"column":144}}],"line":376},"43":{"loc":{"start":{"line":377,"column":59},"end":{"line":377,"column":84}},"type":"cond-expr","locations":[{"start":{"line":377,"column":68},"end":{"line":377,"column":74}},{"start":{"line":377,"column":77},"end":{"line":377,"column":84}}],"line":377},"44":{"loc":{"start":{"line":379,"column":83},"end":{"line":379,"column":137}},"type":"cond-expr","locations":[{"start":{"line":379,"column":92},"end":{"line":379,"column":116}},{"start":{"line":379,"column":119},"end":{"line":379,"column":137}}],"line":379},"45":{"loc":{"start":{"line":383,"column":84},"end":{"line":383,"column":137}},"type":"cond-expr","locations":[{"start":{"line":383,"column":93},"end":{"line":383,"column":117}},{"start":{"line":383,"column":120},"end":{"line":383,"column":137}}],"line":383},"46":{"loc":{"start":{"line":386,"column":83},"end":{"line":386,"column":137}},"type":"cond-expr","locations":[{"start":{"line":386,"column":92},"end":{"line":386,"column":116}},{"start":{"line":386,"column":119},"end":{"line":386,"column":137}}],"line":386},"47":{"loc":{"start":{"line":387,"column":41},"end":{"line":389,"column":97}},"type":"cond-expr","locations":[{"start":{"line":388,"column":46},"end":{"line":388,"column":96}},{"start":{"line":389,"column":46},"end":{"line":389,"column":97}}],"line":387},"48":{"loc":{"start":{"line":394,"column":86},"end":{"line":394,"column":140}},"type":"cond-expr","locations":[{"start":{"line":394,"column":95},"end":{"line":394,"column":119}},{"start":{"line":394,"column":122},"end":{"line":394,"column":140}}],"line":394},"49":{"loc":{"start":{"line":441,"column":33},"end":{"line":441,"column":82}},"type":"cond-expr","locations":[{"start":{"line":441,"column":55},"end":{"line":441,"column":70}},{"start":{"line":441,"column":73},"end":{"line":441,"column":82}}],"line":441},"50":{"loc":{"start":{"line":442,"column":36},"end":{"line":442,"column":122}},"type":"cond-expr","locations":[{"start":{"line":442,"column":60},"end":{"line":442,"column":109}},{"start":{"line":442,"column":113},"end":{"line":442,"column":122}}],"line":442},"51":{"loc":{"start":{"line":447,"column":91},"end":{"line":447,"column":128}},"type":"binary-expr","locations":[{"start":{"line":447,"column":91},"end":{"line":447,"column":112}},{"start":{"line":447,"column":116},"end":{"line":447,"column":128}}],"line":447},"52":{"loc":{"start":{"line":457,"column":38},"end":{"line":457,"column":136}},"type":"cond-expr","locations":[{"start":{"line":457,"column":101},"end":{"line":457,"column":113}},{"start":{"line":457,"column":116},"end":{"line":457,"column":136}}],"line":457},"53":{"loc":{"start":{"line":457,"column":38},"end":{"line":457,"column":98}},"type":"binary-expr","locations":[{"start":{"line":457,"column":38},"end":{"line":457,"column":60}},{"start":{"line":457,"column":64},"end":{"line":457,"column":98}}],"line":457},"54":{"loc":{"start":{"line":462,"column":33},"end":{"line":462,"column":141}},"type":"cond-expr","locations":[{"start":{"line":462,"column":96},"end":{"line":462,"column":118}},{"start":{"line":462,"column":121},"end":{"line":462,"column":141}}],"line":462},"55":{"loc":{"start":{"line":462,"column":33},"end":{"line":462,"column":93}},"type":"binary-expr","locations":[{"start":{"line":462,"column":33},"end":{"line":462,"column":55}},{"start":{"line":462,"column":59},"end":{"line":462,"column":93}}],"line":462}},"s":{"0":0,"1":0,"2":0,"3":0,"4":0,"5":0,"6":0,"7":0,"8":0,"9":0,"10":0,"11":0,"12":0,"13":0,"14":0,"15":0,"16":0,"17":0,"18":0,"19":0,"20":0,"21":0,"22":0,"23":0,"24":0,"25":0,"26":0,"27":0,"28":0,"29":0,"30":0,"31":0,"32":0,"33":0,"34":0,"35":0,"36":0,"37":0,"38":0,"39":0,"40":0,"41":0,"42":0,"43":0,"44":0,"45":0,"46":0,"47":0,"48":0,"49":0,"50":0,"51":0,"52":0,"53":0,"54":0,"55":0,"56":0,"57":0,"58":0,"59":0,"60":0,"61":0,"62":0,"63":0,"64":0,"65":0,"66":0,"67":0,"68":0,"69":0,"70":0,"71":0,"72":0,"73":0},"f":{"0":0,"1":0,"2":0,"3":0,"4":0,"5":0,"6":0,"7":0,"8":0,"9":0,"10":0,"11":0,"12":0,"13":0,"14":0,"15":0,"16":0,"17":0,"18":0,"19":0,"20":0,"21":0,"22":0,"23":0,"24":0,"25":0,"26":0,"27":0,"28":0,"29":0},"b":{"0":[0,0],"1":[0,0],"2":[0,0],"3":[0,0],"4":[0,0],"5":[0,0],"6":[0,0,0],"7":[0,0],"8":[0,0],"9":[0,0],"10":[0,0],"11":[0,0,0],"12":[0,0,0],"13":[0,0],"14":[0,0],"15":[0,0],"16":[0,0],"17":[0,0],"18":[0,0],"19":[0,0],"20":[0,0],"21":[0,0],"22":[0,0],"23":[0,0],"24":[0,0],"25":[0,0],"26":[0,0],"27":[0,0],"28":[0,0],"29":[0,0,0],"30":[0,0],"31":[0,0],"32":[0,0],"33":[0,0],"34":[0,0],"35":[0,0],"36":[0,0],"37":[0,0],"38":[0,0],"39":[0,0],"40":[0,0],"41":[0,0],"42":[0,0],"43":[0,0],"44":[0,0],"45":[0,0],"46":[0,0],"47":[0,0],"48":[0,0],"49":[0,0],"50":[0,0],"51":[0,0],"52":[0,0],"53":[0,0],"54":[0,0],"55":[0,0]}}
,"/home/hbb/hai-project/socius-friends/app/calories.tsx": {"path":"/home/hbb/hai-project/socius-friends/app/calories.tsx","statementMap":{"0":{"start":{"line":12,"column":31},"end":{"line":12,"column":41}},"1":{"start":{"line":13,"column":18},"end":{"line":13,"column":31}},"2":{"start":{"line":16,"column":69},"end":{"line":16,"column":82}},"3":{"start":{"line":18,"column":44},"end":{"line":18,"column":59}},"4":{"start":{"line":21,"column":44},"end":{"line":21,"column":79}},"5":{"start":{"line":22,"column":28},"end":{"line":22,"column":40}},"6":{"start":{"line":23,"column":36},"end":{"line":23,"column":48}},"7":{"start":{"line":25,"column":27},"end":{"line":50,"column":5}},"8":{"start":{"line":26,"column":8},"end":{"line":28,"column":9}},"9":{"start":{"line":27,"column":12},"end":{"line":27,"column":19}},"10":{"start":{"line":30,"column":23},"end":{"line":30,"column":45}},"11":{"start":{"line":31,"column":8},"end":{"line":34,"column":9}},"12":{"start":{"line":32,"column":12},"end":{"line":32,"column":70}},"13":{"start":{"line":33,"column":12},"end":{"line":33,"column":19}},"14":{"start":{"line":36,"column":8},"end":{"line":49,"column":9}},"15":{"start":{"line":37,"column":12},"end":{"line":41,"column":13}},"16":{"start":{"line":38,"column":16},"end":{"line":38,"column":72}},"17":{"start":{"line":40,"column":16},"end":{"line":40,"column":52}},"18":{"start":{"line":43,"column":12},"end":{"line":43,"column":24}},"19":{"start":{"line":44,"column":12},"end":{"line":44,"column":28}},"20":{"start":{"line":45,"column":12},"end":{"line":45,"column":34}},"21":{"start":{"line":46,"column":12},"end":{"line":46,"column":35}},"22":{"start":{"line":48,"column":12},"end":{"line":48,"column":67}},"23":{"start":{"line":52,"column":23},"end":{"line":57,"column":5}},"24":{"start":{"line":53,"column":8},"end":{"line":53,"column":31}},"25":{"start":{"line":54,"column":8},"end":{"line":54,"column":28}},"26":{"start":{"line":55,"column":8},"end":{"line":55,"column":47}},"27":{"start":{"line":56,"column":8},"end":{"line":56,"column":30}},"28":{"start":{"line":59,"column":25},"end":{"line":72,"column":5}},"29":{"start":{"line":60,"column":8},"end":{"line":71,"column":10}},"30":{"start":{"line":68,"column":35},"end":{"line":68,"column":50}},"31":{"start":{"line":75,"column":18},"end":{"line":90,"column":17}},"32":{"start":{"line":76,"column":25},"end":{"line":76,"column":63}},"33":{"start":{"line":77,"column":29},"end":{"line":77,"column":69}},"34":{"start":{"line":77,"column":49},"end":{"line":77,"column":68}},"35":{"start":{"line":78,"column":27},"end":{"line":78,"column":79}},"36":{"start":{"line":78,"column":59},"end":{"line":78,"column":75}},"37":{"start":{"line":82,"column":22},"end":{"line":82,"column":55}},"38":{"start":{"line":82,"column":47},"end":{"line":82,"column":53}},"39":{"start":{"line":84,"column":8},"end":{"line":84,"column":28}},"40":{"start":{"line":86,"column":25},"end":{"line":86,"column":72}},"41":{"start":{"line":86,"column":52},"end":{"line":86,"column":68}},"42":{"start":{"line":87,"column":24},"end":{"line":87,"column":78}},"43":{"start":{"line":89,"column":8},"end":{"line":89,"column":39}},"44":{"start":{"line":92,"column":23},"end":{"line":131,"column":5}},"45":{"start":{"line":93,"column":25},"end":{"line":93,"column":43}},"46":{"start":{"line":94,"column":31},"end":{"line":94,"column":71}},"47":{"start":{"line":96,"column":8},"end":{"line":130,"column":10}},"48":{"start":{"line":104,"column":49},"end":{"line":104,"column":69}},"49":{"start":{"line":104,"column":90},"end":{"line":104,"column":106}},"50":{"start":{"line":120,"column":61},"end":{"line":120,"column":77}},"51":{"start":{"line":123,"column":61},"end":{"line":123,"column":82}},"52":{"start":{"line":133,"column":4},"end":{"line":139,"column":5}},"53":{"start":{"line":134,"column":8},"end":{"line":138,"column":10}},"54":{"start":{"line":141,"column":26},"end":{"line":141,"column":79}},"55":{"start":{"line":141,"column":56},"end":{"line":141,"column":75}},"56":{"start":{"line":143,"column":4},"end":{"line":268,"column":6}},"57":{"start":{"line":154,"column":24},"end":{"line":156,"column":43}},"58":{"start":{"line":154,"column":57},"end":{"line":154,"column":78}},"59":{"start":{"line":182,"column":39},"end":{"line":182,"column":60}},"60":{"start":{"line":190,"column":42},"end":{"line":190,"column":49}},"61":{"start":{"line":204,"column":20},"end":{"line":204,"column":43}},"62":{"start":{"line":205,"column":20},"end":{"line":205,"column":42}},"63":{"start":{"line":206,"column":20},"end":{"line":206,"column":32}},"64":{"start":{"line":207,"column":20},"end":{"line":207,"column":36}},"65":{"start":{"line":215,"column":61},"end":{"line":215,"column":83}},"66":{"start":{"line":225,"column":32},"end":{"line":225,"column":55}},"67":{"start":{"line":226,"column":32},"end":{"line":226,"column":54}},"68":{"start":{"line":227,"column":32},"end":{"line":227,"column":44}},"69":{"start":{"line":228,"column":32},"end":{"line":228,"column":48}},"70":{"start":{"line":271,"column":15},"end":{"line":381,"column":2}}},"fnMap":{"0":{"name":"CaloriesScreen","decl":{"start":{"line":11,"column":24},"end":{"line":11,"column":38}},"loc":{"start":{"line":11,"column":41},"end":{"line":269,"column":1}},"line":11},"1":{"name":"(anonymous_1)","decl":{"start":{"line":25,"column":27},"end":{"line":25,"column":28}},"loc":{"start":{"line":25,"column":39},"end":{"line":50,"column":5}},"line":25},"2":{"name":"(anonymous_2)","decl":{"start":{"line":52,"column":23},"end":{"line":52,"column":24}},"loc":{"start":{"line":52,"column":48},"end":{"line":57,"column":5}},"line":52},"3":{"name":"(anonymous_3)","decl":{"start":{"line":59,"column":25},"end":{"line":59,"column":26}},"loc":{"start":{"line":59,"column":41},"end":{"line":72,"column":5}},"line":59},"4":{"name":"(anonymous_4)","decl":{"start":{"line":68,"column":29},"end":{"line":68,"column":30}},"loc":{"start":{"line":68,"column":35},"end":{"line":68,"column":50}},"line":68},"5":{"name":"(anonymous_5)","decl":{"start":{"line":75,"column":26},"end":{"line":75,"column":27}},"loc":{"start":{"line":75,"column":32},"end":{"line":90,"column":5}},"line":75},"6":{"name":"(anonymous_6)","decl":{"start":{"line":77,"column":44},"end":{"line":77,"column":45}},"loc":{"start":{"line":77,"column":49},"end":{"line":77,"column":68}},"line":77},"7":{"name":"(anonymous_7)","decl":{"start":{"line":78,"column":47},"end":{"line":78,"column":48}},"loc":{"start":{"line":78,"column":59},"end":{"line":78,"column":75}},"line":78},"8":{"name":"(anonymous_8)","decl":{"start":{"line":82,"column":42},"end":{"line":82,"column":43}},"loc":{"start":{"line":82,"column":47},"end":{"line":82,"column":53}},"line":82},"9":{"name":"(anonymous_9)","decl":{"start":{"line":86,"column":40},"end":{"line":86,"column":41}},"loc":{"start":{"line":86,"column":52},"end":{"line":86,"column":68}},"line":86},"10":{"name":"(anonymous_10)","decl":{"start":{"line":92,"column":23},"end":{"line":92,"column":24}},"loc":{"start":{"line":92,"column":83},"end":{"line":131,"column":5}},"line":92},"11":{"name":"(anonymous_11)","decl":{"start":{"line":104,"column":44},"end":{"line":104,"column":45}},"loc":{"start":{"line":104,"column":49},"end":{"line":104,"column":69}},"line":104},"12":{"name":"(anonymous_12)","decl":{"start":{"line":104,"column":78},"end":{"line":104,"column":79}},"loc":{"start":{"line":104,"column":90},"end":{"line":104,"column":106}},"line":104},"13":{"name":"(anonymous_13)","decl":{"start":{"line":120,"column":55},"end":{"line":120,"column":56}},"loc":{"start":{"line":120,"column":61},"end":{"line":120,"column":77}},"line":120},"14":{"name":"(anonymous_14)","decl":{"start":{"line":123,"column":55},"end":{"line":123,"column":56}},"loc":{"start":{"line":123,"column":61},"end":{"line":123,"column":82}},"line":123},"15":{"name":"(anonymous_15)","decl":{"start":{"line":141,"column":41},"end":{"line":141,"column":42}},"loc":{"start":{"line":141,"column":56},"end":{"line":141,"column":75}},"line":141},"16":{"name":"(anonymous_16)","decl":{"start":{"line":153,"column":33},"end":{"line":153,"column":34}},"loc":{"start":{"line":154,"column":24},"end":{"line":156,"column":43}},"line":154},"17":{"name":"(anonymous_17)","decl":{"start":{"line":154,"column":51},"end":{"line":154,"column":52}},"loc":{"start":{"line":154,"column":57},"end":{"line":154,"column":78}},"line":154},"18":{"name":"(anonymous_18)","decl":{"start":{"line":182,"column":33},"end":{"line":182,"column":34}},"loc":{"start":{"line":182,"column":39},"end":{"line":182,"column":60}},"line":182},"19":{"name":"(anonymous_19)","decl":{"start":{"line":190,"column":34},"end":{"line":190,"column":35}},"loc":{"start":{"line":190,"column":42},"end":{"line":190,"column":49}},"line":190},"20":{"name":"(anonymous_20)","decl":{"start":{"line":203,"column":32},"end":{"line":203,"column":33}},"loc":{"start":{"line":203,"column":38},"end":{"line":208,"column":17}},"line":203},"21":{"name":"(anonymous_21)","decl":{"start":{"line":215,"column":55},"end":{"line":215,"column":56}},"loc":{"start":{"line":215,"column":61},"end":{"line":215,"column":83}},"line":215},"22":{"name":"(anonymous_22)","decl":{"start":{"line":224,"column":55},"end":{"line":224,"column":56}},"loc":{"start":{"line":224,"column":61},"end":{"line":229,"column":29}},"line":224}},"branchMap":{"0":{"loc":{"start":{"line":26,"column":8},"end":{"line":28,"column":9}},"type":"if","locations":[{"start":{"line":26,"column":8},"end":{"line":28,"column":9}},{"start":{},"end":{}}],"line":26},"1":{"loc":{"start":{"line":26,"column":12},"end":{"line":26,"column":44}},"type":"binary-expr","locations":[{"start":{"line":26,"column":12},"end":{"line":26,"column":24}},{"start":{"line":26,"column":28},"end":{"line":26,"column":44}}],"line":26},"2":{"loc":{"start":{"line":31,"column":8},"end":{"line":34,"column":9}},"type":"if","locations":[{"start":{"line":31,"column":8},"end":{"line":34,"column":9}},{"start":{},"end":{}}],"line":31},"3":{"loc":{"start":{"line":37,"column":12},"end":{"line":41,"column":13}},"type":"if","locations":[{"start":{"line":37,"column":12},"end":{"line":41,"column":13}},{"start":{"line":39,"column":19},"end":{"line":41,"column":13}}],"line":37},"4":{"loc":{"start":{"line":87,"column":24},"end":{"line":87,"column":78}},"type":"cond-expr","locations":[{"start":{"line":87,"column":41},"end":{"line":87,"column":74}},{"start":{"line":87,"column":77},"end":{"line":87,"column":78}}],"line":87},"5":{"loc":{"start":{"line":94,"column":31},"end":{"line":94,"column":71}},"type":"binary-expr","locations":[{"start":{"line":94,"column":31},"end":{"line":94,"column":40}},{"start":{"line":94,"column":44},"end":{"line":94,"column":71}}],"line":94},"6":{"loc":{"start":{"line":98,"column":17},"end":{"line":107,"column":17}},"type":"binary-expr","locations":[{"start":{"line":98,"column":17},"end":{"line":98,"column":31}},{"start":{"line":99,"column":20},"end":{"line":106,"column":27}}],"line":98},"7":{"loc":{"start":{"line":99,"column":72},"end":{"line":99,"column":99}},"type":"cond-expr","locations":[{"start":{"line":99,"column":81},"end":{"line":99,"column":87}},{"start":{"line":99,"column":90},"end":{"line":99,"column":99}}],"line":99},"8":{"loc":{"start":{"line":101,"column":29},"end":{"line":101,"column":113}},"type":"cond-expr","locations":[{"start":{"line":101,"column":84},"end":{"line":101,"column":101}},{"start":{"line":101,"column":104},"end":{"line":101,"column":113}}],"line":101},"9":{"loc":{"start":{"line":124,"column":80},"end":{"line":124,"column":105}},"type":"binary-expr","locations":[{"start":{"line":124,"column":80},"end":{"line":124,"column":92}},{"start":{"line":124,"column":96},"end":{"line":124,"column":105}}],"line":124},"10":{"loc":{"start":{"line":133,"column":4},"end":{"line":139,"column":5}},"type":"if","locations":[{"start":{"line":133,"column":4},"end":{"line":139,"column":5}},{"start":{},"end":{}}],"line":133},"11":{"loc":{"start":{"line":176,"column":13},"end":{"line":195,"column":13}},"type":"cond-expr","locations":[{"start":{"line":177,"column":16},"end":{"line":186,"column":23}},{"start":{"line":188,"column":16},"end":{"line":194,"column":18}}],"line":176},"12":{"loc":{"start":{"line":211,"column":30},"end":{"line":211,"column":74}},"type":"cond-expr","locations":[{"start":{"line":211,"column":54},"end":{"line":211,"column":63}},{"start":{"line":211,"column":66},"end":{"line":211,"column":74}}],"line":211},"13":{"loc":{"start":{"line":213,"column":44},"end":{"line":213,"column":74}},"type":"cond-expr","locations":[{"start":{"line":213,"column":68},"end":{"line":213,"column":70}},{"start":{"line":213,"column":73},"end":{"line":213,"column":74}}],"line":213},"14":{"loc":{"start":{"line":222,"column":33},"end":{"line":222,"column":98}},"type":"cond-expr","locations":[{"start":{"line":222,"column":48},"end":{"line":222,"column":72}},{"start":{"line":222,"column":75},"end":{"line":222,"column":98}}],"line":222},"15":{"loc":{"start":{"line":259,"column":33},"end":{"line":259,"column":86}},"type":"cond-expr","locations":[{"start":{"line":259,"column":48},"end":{"line":259,"column":68}},{"start":{"line":259,"column":71},"end":{"line":259,"column":86}}],"line":259},"16":{"loc":{"start":{"line":357,"column":23},"end":{"line":357,"column":54}},"type":"cond-expr","locations":[{"start":{"line":357,"column":47},"end":{"line":357,"column":49}},{"start":{"line":357,"column":52},"end":{"line":357,"column":54}}],"line":357}},"s":{"0":0,"1":0,"2":0,"3":0,"4":0,"5":0,"6":0,"7":0,"8":0,"9":0,"10":0,"11":0,"12":0,"13":0,"14":0,"15":0,"16":0,"17":0,"18":0,"19":0,"20":0,"21":0,"22":0,"23":0,"24":0,"25":0,"26":0,"27":0,"28":0,"29":0,"30":0,"31":0,"32":0,"33":0,"34":0,"35":0,"36":0,"37":0,"38":0,"39":0,"40":0,"41":0,"42":0,"43":0,"44":0,"45":0,"46":0,"47":0,"48":0,"49":0,"50":0,"51":0,"52":0,"53":0,"54":0,"55":0,"56":0,"57":0,"58":0,"59":0,"60":0,"61":0,"62":0,"63":0,"64":0,"65":0,"66":0,"67":0,"68":0,"69":0,"70":0},"f":{"0":0,"1":0,"2":0,"3":0,"4":0,"5":0,"6":0,"7":0,"8":0,"9":0,"10":0,"11":0,"12":0,"13":0,"14":0,"15":0,"16":0,"17":0,"18":0,"19":0,"20":0,"21":0,"22":0},"b":{"0":[0,0],"1":[0,0],"2":[0,0],"3":[0,0],"4":[0,0],"5":[0,0],"6":[0,0],"7":[0,0],"8":[0,0],"9":[0,0],"10":[0,0],"11":[0,0],"12":[0,0],"13":[0,0],"14":[0,0],"15":[0,0],"16":[0,0]}}
,"/home/hbb/hai-project/socius-friends/app/diary.tsx": {"path":"/home/hbb/hai-project/socius-friends/app/diary.tsx","statementMap":{"0":{"start":{"line":20,"column":31},"end":{"line":20,"column":41}},"1":{"start":{"line":21,"column":28},"end":{"line":21,"column":41}},"2":{"start":{"line":22,"column":34},"end":{"line":22,"column":60}},"3":{"start":{"line":23,"column":38},"end":{"line":23,"column":52}},"4":{"start":{"line":26,"column":38},"end":{"line":26,"column":67}},"5":{"start":{"line":27,"column":42},"end":{"line":27,"column":54}},"6":{"start":{"line":28,"column":38},"end":{"line":28,"column":50}},"7":{"start":{"line":29,"column":44},"end":{"line":29,"column":59}},"8":{"start":{"line":30,"column":44},"end":{"line":30,"column":59}},"9":{"start":{"line":32,"column":27},"end":{"line":32,"column":55}},"10":{"start":{"line":33,"column":29},"end":{"line":33,"column":59}},"11":{"start":{"line":36,"column":44},"end":{"line":36,"column":59}},"12":{"start":{"line":37,"column":36},"end":{"line":37,"column":48}},"13":{"start":{"line":38,"column":40},"end":{"line":38,"column":52}},"14":{"start":{"line":40,"column":42},"end":{"line":40,"column":74}},"15":{"start":{"line":42,"column":25},"end":{"line":50,"column":5}},"16":{"start":{"line":43,"column":28},"end":{"line":43,"column":48}},"17":{"start":{"line":44,"column":8},"end":{"line":48,"column":9}},"18":{"start":{"line":45,"column":12},"end":{"line":45,"column":35}},"19":{"start":{"line":47,"column":12},"end":{"line":47,"column":32}},"20":{"start":{"line":49,"column":8},"end":{"line":49,"column":36}},"21":{"start":{"line":52,"column":25},"end":{"line":62,"column":5}},"22":{"start":{"line":53,"column":8},"end":{"line":61,"column":9}},"23":{"start":{"line":54,"column":12},"end":{"line":54,"column":31}},"24":{"start":{"line":55,"column":24},"end":{"line":55,"column":47}},"25":{"start":{"line":56,"column":12},"end":{"line":56,"column":33}},"26":{"start":{"line":58,"column":12},"end":{"line":58,"column":67}},"27":{"start":{"line":60,"column":12},"end":{"line":60,"column":32}},"28":{"start":{"line":64,"column":4},"end":{"line":66,"column":11}},"29":{"start":{"line":65,"column":8},"end":{"line":65,"column":23}},"30":{"start":{"line":68,"column":28},"end":{"line":86,"column":5}},"31":{"start":{"line":69,"column":8},"end":{"line":69,"column":45}},"32":{"start":{"line":69,"column":38},"end":{"line":69,"column":45}},"33":{"start":{"line":71,"column":8},"end":{"line":85,"column":9}},"34":{"start":{"line":72,"column":26},"end":{"line":72,"column":50}},"35":{"start":{"line":73,"column":24},"end":{"line":77,"column":14}},"36":{"start":{"line":79,"column":12},"end":{"line":79,"column":47}},"37":{"start":{"line":80,"column":12},"end":{"line":80,"column":28}},"38":{"start":{"line":81,"column":12},"end":{"line":81,"column":30}},"39":{"start":{"line":82,"column":12},"end":{"line":82,"column":35}},"40":{"start":{"line":84,"column":12},"end":{"line":84,"column":64}},"41":{"start":{"line":88,"column":25},"end":{"line":92,"column":5}},"42":{"start":{"line":89,"column":8},"end":{"line":89,"column":31}},"43":{"start":{"line":90,"column":8},"end":{"line":90,"column":38}},"44":{"start":{"line":91,"column":8},"end":{"line":91,"column":40}},"45":{"start":{"line":94,"column":26},"end":{"line":98,"column":5}},"46":{"start":{"line":95,"column":8},"end":{"line":95,"column":27}},"47":{"start":{"line":96,"column":8},"end":{"line":96,"column":27}},"48":{"start":{"line":97,"column":8},"end":{"line":97,"column":25}},"49":{"start":{"line":100,"column":21},"end":{"line":122,"column":5}},"50":{"start":{"line":101,"column":8},"end":{"line":101,"column":46}},"51":{"start":{"line":101,"column":39},"end":{"line":101,"column":46}},"52":{"start":{"line":103,"column":8},"end":{"line":104,"column":35}},"53":{"start":{"line":103,"column":20},"end":{"line":103,"column":42}},"54":{"start":{"line":104,"column":13},"end":{"line":104,"column":35}},"55":{"start":{"line":106,"column":8},"end":{"line":121,"column":9}},"56":{"start":{"line":107,"column":24},"end":{"line":110,"column":14}},"57":{"start":{"line":111,"column":12},"end":{"line":111,"column":69}},"58":{"start":{"line":111,"column":40},"end":{"line":111,"column":66}},"59":{"start":{"line":113,"column":12},"end":{"line":115,"column":13}},"60":{"start":{"line":114,"column":16},"end":{"line":114,"column":39}},"61":{"start":{"line":117,"column":12},"end":{"line":117,"column":66}},"62":{"start":{"line":119,"column":12},"end":{"line":120,"column":40}},"63":{"start":{"line":119,"column":24},"end":{"line":119,"column":47}},"64":{"start":{"line":120,"column":17},"end":{"line":120,"column":40}},"65":{"start":{"line":125,"column":4},"end":{"line":138,"column":43}},"66":{"start":{"line":126,"column":8},"end":{"line":126,"column":31}},"67":{"start":{"line":126,"column":24},"end":{"line":126,"column":31}},"68":{"start":{"line":127,"column":29},"end":{"line":127,"column":66}},"69":{"start":{"line":127,"column":47},"end":{"line":127,"column":65}},"70":{"start":{"line":128,"column":8},"end":{"line":128,"column":34}},"71":{"start":{"line":128,"column":27},"end":{"line":128,"column":34}},"72":{"start":{"line":131,"column":29},"end":{"line":131,"column":96}},"73":{"start":{"line":132,"column":31},"end":{"line":132,"column":86}},"74":{"start":{"line":134,"column":8},"end":{"line":136,"column":9}},"75":{"start":{"line":135,"column":12},"end":{"line":135,"column":38}},"76":{"start":{"line":140,"column":31},"end":{"line":221,"column":5}},"77":{"start":{"line":141,"column":26},"end":{"line":141,"column":47}},"78":{"start":{"line":142,"column":27},"end":{"line":142,"column":51}},"79":{"start":{"line":143,"column":24},"end":{"line":143,"column":43}},"80":{"start":{"line":144,"column":20},"end":{"line":144,"column":75}},"81":{"start":{"line":145,"column":22},"end":{"line":145,"column":107}},"82":{"start":{"line":146,"column":21},"end":{"line":146,"column":42}},"83":{"start":{"line":147,"column":27},"end":{"line":147,"column":55}},"84":{"start":{"line":149,"column":8},"end":{"line":220,"column":10}},"85":{"start":{"line":173,"column":32},"end":{"line":173,"column":54}},"86":{"start":{"line":174,"column":32},"end":{"line":174,"column":61}},"87":{"start":{"line":175,"column":32},"end":{"line":175,"column":63}},"88":{"start":{"line":176,"column":32},"end":{"line":176,"column":54}},"89":{"start":{"line":179,"column":32},"end":{"line":198,"column":34}},"90":{"start":{"line":188,"column":48},"end":{"line":194,"column":49}},"91":{"start":{"line":189,"column":52},"end":{"line":189,"column":90}},"92":{"start":{"line":190,"column":52},"end":{"line":190,"column":102}},"93":{"start":{"line":190,"column":83},"end":{"line":190,"column":99}},"94":{"start":{"line":192,"column":52},"end":{"line":192,"column":106}},"95":{"start":{"line":193,"column":52},"end":{"line":193,"column":132}},"96":{"start":{"line":223,"column":4},"end":{"line":327,"column":6}},"97":{"start":{"line":228,"column":20},"end":{"line":230,"column":39}},"98":{"start":{"line":228,"column":53},"end":{"line":228,"column":74}},"99":{"start":{"line":241,"column":44},"end":{"line":241,"column":51}},"100":{"start":{"line":262,"column":20},"end":{"line":262,"column":43}},"101":{"start":{"line":263,"column":20},"end":{"line":263,"column":51}},"102":{"start":{"line":263,"column":35},"end":{"line":263,"column":51}},"103":{"start":{"line":271,"column":36},"end":{"line":271,"column":59}},"104":{"start":{"line":272,"column":36},"end":{"line":272,"column":67}},"105":{"start":{"line":272,"column":51},"end":{"line":272,"column":67}},"106":{"start":{"line":330,"column":15},"end":{"line":482,"column":2}}},"fnMap":{"0":{"name":"DiaryScreen","decl":{"start":{"line":19,"column":24},"end":{"line":19,"column":35}},"loc":{"start":{"line":19,"column":38},"end":{"line":328,"column":1}},"line":19},"1":{"name":"(anonymous_1)","decl":{"start":{"line":42,"column":25},"end":{"line":42,"column":26}},"loc":{"start":{"line":42,"column":41},"end":{"line":50,"column":5}},"line":42},"2":{"name":"(anonymous_2)","decl":{"start":{"line":52,"column":25},"end":{"line":52,"column":26}},"loc":{"start":{"line":52,"column":37},"end":{"line":62,"column":5}},"line":52},"3":{"name":"(anonymous_3)","decl":{"start":{"line":64,"column":14},"end":{"line":64,"column":15}},"loc":{"start":{"line":64,"column":20},"end":{"line":66,"column":5}},"line":64},"4":{"name":"(anonymous_4)","decl":{"start":{"line":68,"column":28},"end":{"line":68,"column":29}},"loc":{"start":{"line":68,"column":40},"end":{"line":86,"column":5}},"line":68},"5":{"name":"(anonymous_5)","decl":{"start":{"line":88,"column":25},"end":{"line":88,"column":26}},"loc":{"start":{"line":88,"column":48},"end":{"line":92,"column":5}},"line":88},"6":{"name":"(anonymous_6)","decl":{"start":{"line":94,"column":26},"end":{"line":94,"column":27}},"loc":{"start":{"line":94,"column":32},"end":{"line":98,"column":5}},"line":94},"7":{"name":"(anonymous_7)","decl":{"start":{"line":100,"column":21},"end":{"line":100,"column":22}},"loc":{"start":{"line":100,"column":68},"end":{"line":122,"column":5}},"line":100},"8":{"name":"(anonymous_8)","decl":{"start":{"line":111,"column":35},"end":{"line":111,"column":36}},"loc":{"start":{"line":111,"column":40},"end":{"line":111,"column":66}},"line":111},"9":{"name":"(anonymous_9)","decl":{"start":{"line":125,"column":14},"end":{"line":125,"column":15}},"loc":{"start":{"line":125,"column":20},"end":{"line":138,"column":5}},"line":125},"10":{"name":"(anonymous_10)","decl":{"start":{"line":127,"column":42},"end":{"line":127,"column":43}},"loc":{"start":{"line":127,"column":47},"end":{"line":127,"column":65}},"line":127},"11":{"name":"(anonymous_11)","decl":{"start":{"line":140,"column":31},"end":{"line":140,"column":32}},"loc":{"start":{"line":140,"column":89},"end":{"line":221,"column":5}},"line":140},"12":{"name":"(anonymous_12)","decl":{"start":{"line":171,"column":37},"end":{"line":171,"column":38}},"loc":{"start":{"line":171,"column":43},"end":{"line":177,"column":29}},"line":171},"13":{"name":"(anonymous_13)","decl":{"start":{"line":178,"column":41},"end":{"line":178,"column":42}},"loc":{"start":{"line":178,"column":47},"end":{"line":199,"column":29}},"line":178},"14":{"name":"(anonymous_14)","decl":{"start":{"line":187,"column":53},"end":{"line":187,"column":54}},"loc":{"start":{"line":187,"column":65},"end":{"line":195,"column":45}},"line":187},"15":{"name":"(anonymous_15)","decl":{"start":{"line":190,"column":78},"end":{"line":190,"column":79}},"loc":{"start":{"line":190,"column":83},"end":{"line":190,"column":99}},"line":190},"16":{"name":"(anonymous_16)","decl":{"start":{"line":227,"column":29},"end":{"line":227,"column":30}},"loc":{"start":{"line":228,"column":20},"end":{"line":230,"column":39}},"line":228},"17":{"name":"(anonymous_17)","decl":{"start":{"line":228,"column":47},"end":{"line":228,"column":48}},"loc":{"start":{"line":228,"column":53},"end":{"line":228,"column":74}},"line":228},"18":{"name":"(anonymous_18)","decl":{"start":{"line":241,"column":34},"end":{"line":241,"column":35}},"loc":{"start":{"line":241,"column":44},"end":{"line":241,"column":51}},"line":241},"19":{"name":"(anonymous_19)","decl":{"start":{"line":261,"column":32},"end":{"line":261,"column":33}},"loc":{"start":{"line":261,"column":38},"end":{"line":264,"column":17}},"line":261},"20":{"name":"(anonymous_20)","decl":{"start":{"line":270,"column":41},"end":{"line":270,"column":42}},"loc":{"start":{"line":270,"column":47},"end":{"line":273,"column":33}},"line":270}},"branchMap":{"0":{"loc":{"start":{"line":44,"column":8},"end":{"line":48,"column":9}},"type":"if","locations":[{"start":{"line":44,"column":8},"end":{"line":48,"column":9}},{"start":{"line":46,"column":15},"end":{"line":48,"column":9}}],"line":44},"1":{"loc":{"start":{"line":69,"column":8},"end":{"line":69,"column":45}},"type":"if","locations":[{"start":{"line":69,"column":8},"end":{"line":69,"column":45}},{"start":{},"end":{}}],"line":69},"2":{"loc":{"start":{"line":75,"column":23},"end":{"line":75,"column":68}},"type":"cond-expr","locations":[{"start":{"line":75,"column":48},"end":{"line":75,"column":57}},{"start":{"line":75,"column":60},"end":{"line":75,"column":68}}],"line":75},"3":{"loc":{"start":{"line":91,"column":21},"end":{"line":91,"column":38}},"type":"binary-expr","locations":[{"start":{"line":91,"column":21},"end":{"line":91,"column":32}},{"start":{"line":91,"column":36},"end":{"line":91,"column":38}}],"line":91},"4":{"loc":{"start":{"line":100,"column":40},"end":{"line":100,"column":63}},"type":"default-arg","locations":[{"start":{"line":100,"column":58},"end":{"line":100,"column":63}}],"line":100},"5":{"loc":{"start":{"line":101,"column":8},"end":{"line":101,"column":46}},"type":"if","locations":[{"start":{"line":101,"column":8},"end":{"line":101,"column":46}},{"start":{},"end":{}}],"line":101},"6":{"loc":{"start":{"line":103,"column":8},"end":{"line":104,"column":35}},"type":"if","locations":[{"start":{"line":103,"column":8},"end":{"line":104,"column":35}},{"start":{"line":104,"column":13},"end":{"line":104,"column":35}}],"line":103},"7":{"loc":{"start":{"line":109,"column":23},"end":{"line":109,"column":70}},"type":"cond-expr","locations":[{"start":{"line":109,"column":49},"end":{"line":109,"column":58}},{"start":{"line":109,"column":61},"end":{"line":109,"column":70}}],"line":109},"8":{"loc":{"start":{"line":111,"column":40},"end":{"line":111,"column":66}},"type":"cond-expr","locations":[{"start":{"line":111,"column":54},"end":{"line":111,"column":62}},{"start":{"line":111,"column":65},"end":{"line":111,"column":66}}],"line":111},"9":{"loc":{"start":{"line":113,"column":12},"end":{"line":115,"column":13}},"type":"if","locations":[{"start":{"line":113,"column":12},"end":{"line":115,"column":13}},{"start":{},"end":{}}],"line":113},"10":{"loc":{"start":{"line":119,"column":12},"end":{"line":120,"column":40}},"type":"if","locations":[{"start":{"line":119,"column":12},"end":{"line":120,"column":40}},{"start":{"line":120,"column":17},"end":{"line":120,"column":40}}],"line":119},"11":{"loc":{"start":{"line":126,"column":8},"end":{"line":126,"column":31}},"type":"if","locations":[{"start":{"line":126,"column":8},"end":{"line":126,"column":31}},{"start":{},"end":{}}],"line":126},"12":{"loc":{"start":{"line":128,"column":8},"end":{"line":128,"column":34}},"type":"if","locations":[{"start":{"line":128,"column":8},"end":{"line":128,"column":34}},{"start":{},"end":{}}],"line":128},"13":{"loc":{"start":{"line":131,"column":30},"end":{"line":131,"column":50}},"type":"binary-expr","locations":[{"start":{"line":131,"column":30},"end":{"line":131,"column":44}},{"start":{"line":131,"column":48},"end":{"line":131,"column":50}}],"line":131},"14":{"loc":{"start":{"line":131,"column":64},"end":{"line":131,"column":88}},"type":"binary-expr","locations":[{"start":{"line":131,"column":64},"end":{"line":131,"column":82}},{"start":{"line":131,"column":86},"end":{"line":131,"column":88}}],"line":131},"15":{"loc":{"start":{"line":134,"column":8},"end":{"line":136,"column":9}},"type":"if","locations":[{"start":{"line":134,"column":8},"end":{"line":136,"column":9}},{"start":{},"end":{}}],"line":134},"16":{"loc":{"start":{"line":134,"column":12},"end":{"line":134,"column":42}},"type":"binary-expr","locations":[{"start":{"line":134,"column":12},"end":{"line":134,"column":24}},{"start":{"line":134,"column":28},"end":{"line":134,"column":42}}],"line":134},"17":{"loc":{"start":{"line":145,"column":49},"end":{"line":145,"column":86}},"type":"cond-expr","locations":[{"start":{"line":145,"column":69},"end":{"line":145,"column":76}},{"start":{"line":145,"column":79},"end":{"line":145,"column":86}}],"line":145},"18":{"loc":{"start":{"line":155,"column":21},"end":{"line":157,"column":21}},"type":"binary-expr","locations":[{"start":{"line":155,"column":21},"end":{"line":155,"column":54}},{"start":{"line":156,"column":24},"end":{"line":156,"column":102}}],"line":155},"19":{"loc":{"start":{"line":163,"column":21},"end":{"line":163,"column":110}},"type":"binary-expr","locations":[{"start":{"line":163,"column":21},"end":{"line":163,"column":32}},{"start":{"line":163,"column":36},"end":{"line":163,"column":110}}],"line":163},"20":{"loc":{"start":{"line":168,"column":92},"end":{"line":168,"column":116}},"type":"cond-expr","locations":[{"start":{"line":168,"column":101},"end":{"line":168,"column":107}},{"start":{"line":168,"column":110},"end":{"line":168,"column":116}}],"line":168},"21":{"loc":{"start":{"line":175,"column":45},"end":{"line":175,"column":61}},"type":"binary-expr","locations":[{"start":{"line":175,"column":45},"end":{"line":175,"column":55}},{"start":{"line":175,"column":59},"end":{"line":175,"column":61}}],"line":175},"22":{"loc":{"start":{"line":193,"column":83},"end":{"line":193,"column":130}},"type":"binary-expr","locations":[{"start":{"line":193,"column":83},"end":{"line":193,"column":108}},{"start":{"line":193,"column":112},"end":{"line":193,"column":130}}],"line":193},"23":{"loc":{"start":{"line":202,"column":33},"end":{"line":208,"column":33}},"type":"cond-expr","locations":[{"start":{"line":203,"column":36},"end":{"line":205,"column":43}},{"start":{"line":207,"column":36},"end":{"line":207,"column":64}}],"line":202},"24":{"loc":{"start":{"line":214,"column":60},"end":{"line":214,"column":97}},"type":"cond-expr","locations":[{"start":{"line":214,"column":80},"end":{"line":214,"column":87}},{"start":{"line":214,"column":90},"end":{"line":214,"column":97}}],"line":214},"25":{"loc":{"start":{"line":234,"column":13},"end":{"line":252,"column":13}},"type":"cond-expr","locations":[{"start":{"line":235,"column":16},"end":{"line":237,"column":23}},{"start":{"line":239,"column":16},"end":{"line":251,"column":18}}],"line":234},"26":{"loc":{"start":{"line":263,"column":20},"end":{"line":263,"column":51}},"type":"if","locations":[{"start":{"line":263,"column":20},"end":{"line":263,"column":51}},{"start":{},"end":{}}],"line":263},"27":{"loc":{"start":{"line":266,"column":48},"end":{"line":266,"column":93}},"type":"cond-expr","locations":[{"start":{"line":266,"column":72},"end":{"line":266,"column":81}},{"start":{"line":266,"column":84},"end":{"line":266,"column":93}}],"line":266},"28":{"loc":{"start":{"line":272,"column":36},"end":{"line":272,"column":67}},"type":"if","locations":[{"start":{"line":272,"column":36},"end":{"line":272,"column":67}},{"start":{},"end":{}}],"line":272},"29":{"loc":{"start":{"line":280,"column":33},"end":{"line":280,"column":122}},"type":"cond-expr","locations":[{"start":{"line":280,"column":46},"end":{"line":280,"column":98}},{"start":{"line":280,"column":102},"end":{"line":280,"column":122}}],"line":280},"30":{"loc":{"start":{"line":280,"column":46},"end":{"line":280,"column":98}},"type":"cond-expr","locations":[{"start":{"line":280,"column":61},"end":{"line":280,"column":79}},{"start":{"line":280,"column":82},"end":{"line":280,"column":98}}],"line":280},"31":{"loc":{"start":{"line":291,"column":39},"end":{"line":291,"column":71}},"type":"cond-expr","locations":[{"start":{"line":291,"column":51},"end":{"line":291,"column":60}},{"start":{"line":291,"column":63},"end":{"line":291,"column":71}}],"line":291},"32":{"loc":{"start":{"line":292,"column":46},"end":{"line":292,"column":84}},"type":"cond-expr","locations":[{"start":{"line":292,"column":58},"end":{"line":292,"column":70}},{"start":{"line":292,"column":73},"end":{"line":292,"column":84}}],"line":292},"33":{"loc":{"start":{"line":300,"column":39},"end":{"line":300,"column":75}},"type":"cond-expr","locations":[{"start":{"line":300,"column":51},"end":{"line":300,"column":62}},{"start":{"line":300,"column":65},"end":{"line":300,"column":75}}],"line":300},"34":{"loc":{"start":{"line":301,"column":46},"end":{"line":301,"column":88}},"type":"cond-expr","locations":[{"start":{"line":301,"column":58},"end":{"line":301,"column":72}},{"start":{"line":301,"column":75},"end":{"line":301,"column":88}}],"line":301},"35":{"loc":{"start":{"line":316,"column":21},"end":{"line":323,"column":21}},"type":"binary-expr","locations":[{"start":{"line":316,"column":21},"end":{"line":316,"column":31}},{"start":{"line":316,"column":36},"end":{"line":316,"column":64}},{"start":{"line":316,"column":68},"end":{"line":316,"column":94}},{"start":{"line":317,"column":24},"end":{"line":322,"column":43}}],"line":316},"36":{"loc":{"start":{"line":318,"column":91},"end":{"line":318,"column":122}},"type":"cond-expr","locations":[{"start":{"line":318,"column":115},"end":{"line":318,"column":117}},{"start":{"line":318,"column":120},"end":{"line":318,"column":122}}],"line":318}},"s":{"0":0,"1":0,"2":0,"3":0,"4":0,"5":0,"6":0,"7":0,"8":0,"9":0,"10":0,"11":0,"12":0,"13":0,"14":0,"15":0,"16":0,"17":0,"18":0,"19":0,"20":0,"21":0,"22":0,"23":0,"24":0,"25":0,"26":0,"27":0,"28":0,"29":0,"30":0,"31":0,"32":0,"33":0,"34":0,"35":0,"36":0,"37":0,"38":0,"39":0,"40":0,"41":0,"42":0,"43":0,"44":0,"45":0,"46":0,"47":0,"48":0,"49":0,"50":0,"51":0,"52":0,"53":0,"54":0,"55":0,"56":0,"57":0,"58":0,"59":0,"60":0,"61":0,"62":0,"63":0,"64":0,"65":0,"66":0,"67":0,"68":0,"69":0,"70":0,"71":0,"72":0,"73":0,"74":0,"75":0,"76":0,"77":0,"78":0,"79":0,"80":0,"81":0,"82":0,"83":0,"84":0,"85":0,"86":0,"87":0,"88":0,"89":0,"90":0,"91":0,"92":0,"93":0,"94":0,"95":0,"96":0,"97":0,"98":0,"99":0,"100":0,"101":0,"102":0,"103":0,"104":0,"105":0,"106":0},"f":{"0":0,"1":0,"2":0,"3":0,"4":0,"5":0,"6":0,"7":0,"8":0,"9":0,"10":0,"11":0,"12":0,"13":0,"14":0,"15":0,"16":0,"17":0,"18":0,"19":0,"20":0},"b":{"0":[0,0],"1":[0,0],"2":[0,0],"3":[0,0],"4":[0],"5":[0,0],"6":[0,0],"7":[0,0],"8":[0,0],"9":[0,0],"10":[0,0],"11":[0,0],"12":[0,0],"13":[0,0],"14":[0,0],"15":[0,0],"16":[0,0],"17":[0,0],"18":[0,0],"19":[0,0],"20":[0,0],"21":[0,0],"22":[0,0],"23":[0,0],"24":[0,0],"25":[0,0],"26":[0,0],"27":[0,0],"28":[0,0],"29":[0,0],"30":[0,0],"31":[0,0],"32":[0,0],"33":[0,0],"34":[0,0],"35":[0,0,0,0],"36":[0,0]}}
,"/home/hbb/hai-project/socius-friends/app/friends.tsx": {"path":"/home/hbb/hai-project/socius-friends/app/friends.tsx","statementMap":{"0":{"start":{"line":28,"column":19},"end":{"line":28,"column":30}},"1":{"start":{"line":29,"column":23},"end":{"line":29,"column":33}},"2":{"start":{"line":30,"column":18},"end":{"line":30,"column":31}},"3":{"start":{"line":31,"column":38},"end":{"line":31,"column":81}},"4":{"start":{"line":32,"column":34},"end":{"line":32,"column":60}},"5":{"start":{"line":33,"column":36},"end":{"line":33,"column":62}},"6":{"start":{"line":35,"column":37},"end":{"line":35,"column":55}},"7":{"start":{"line":38,"column":54},"end":{"line":38,"column":69}},"8":{"start":{"line":39,"column":42},"end":{"line":39,"column":54}},"9":{"start":{"line":40,"column":46},"end":{"line":40,"column":78}},"10":{"start":{"line":41,"column":42},"end":{"line":41,"column":57}},"11":{"start":{"line":43,"column":28},"end":{"line":48,"column":5}},"12":{"start":{"line":44,"column":8},"end":{"line":44,"column":33}},"13":{"start":{"line":44,"column":21},"end":{"line":44,"column":33}},"14":{"start":{"line":45,"column":8},"end":{"line":45,"column":74}},"15":{"start":{"line":45,"column":40},"end":{"line":45,"column":74}},"16":{"start":{"line":46,"column":8},"end":{"line":46,"column":62}},"17":{"start":{"line":46,"column":39},"end":{"line":46,"column":62}},"18":{"start":{"line":47,"column":8},"end":{"line":47,"column":87}},"19":{"start":{"line":50,"column":25},"end":{"line":57,"column":5}},"20":{"start":{"line":51,"column":8},"end":{"line":56,"column":9}},"21":{"start":{"line":52,"column":24},"end":{"line":52,"column":49}},"22":{"start":{"line":53,"column":12},"end":{"line":53,"column":33}},"23":{"start":{"line":55,"column":12},"end":{"line":55,"column":33}},"24":{"start":{"line":59,"column":26},"end":{"line":66,"column":5}},"25":{"start":{"line":60,"column":8},"end":{"line":65,"column":9}},"26":{"start":{"line":61,"column":24},"end":{"line":61,"column":58}},"27":{"start":{"line":62,"column":12},"end":{"line":62,"column":34}},"28":{"start":{"line":64,"column":12},"end":{"line":64,"column":33}},"29":{"start":{"line":68,"column":4},"end":{"line":71,"column":11}},"30":{"start":{"line":69,"column":8},"end":{"line":69,"column":23}},"31":{"start":{"line":70,"column":8},"end":{"line":70,"column":24}},"32":{"start":{"line":73,"column":30},"end":{"line":89,"column":5}},"33":{"start":{"line":74,"column":8},"end":{"line":74,"column":30}},"34":{"start":{"line":75,"column":8},"end":{"line":78,"column":9}},"35":{"start":{"line":76,"column":12},"end":{"line":76,"column":33}},"36":{"start":{"line":77,"column":12},"end":{"line":77,"column":19}},"37":{"start":{"line":80,"column":8},"end":{"line":80,"column":29}},"38":{"start":{"line":81,"column":8},"end":{"line":88,"column":9}},"39":{"start":{"line":82,"column":24},"end":{"line":82,"column":80}},"40":{"start":{"line":83,"column":12},"end":{"line":83,"column":39}},"41":{"start":{"line":85,"column":12},"end":{"line":85,"column":33}},"42":{"start":{"line":87,"column":12},"end":{"line":87,"column":34}},"43":{"start":{"line":91,"column":24},"end":{"line":101,"column":5}},"44":{"start":{"line":92,"column":8},"end":{"line":100,"column":9}},"45":{"start":{"line":93,"column":12},"end":{"line":93,"column":61}},"46":{"start":{"line":94,"column":12},"end":{"line":94,"column":83}},"47":{"start":{"line":95,"column":12},"end":{"line":95,"column":31}},"48":{"start":{"line":96,"column":12},"end":{"line":96,"column":33}},"49":{"start":{"line":97,"column":12},"end":{"line":97,"column":40}},"50":{"start":{"line":99,"column":12},"end":{"line":99,"column":101}},"51":{"start":{"line":103,"column":26},"end":{"line":112,"column":5}},"52":{"start":{"line":104,"column":8},"end":{"line":111,"column":9}},"53":{"start":{"line":105,"column":12},"end":{"line":105,"column":52}},"54":{"start":{"line":106,"column":12},"end":{"line":106,"column":28}},"55":{"start":{"line":107,"column":12},"end":{"line":107,"column":27}},"56":{"start":{"line":108,"column":12},"end":{"line":108,"column":35}},"57":{"start":{"line":110,"column":12},"end":{"line":110,"column":33}},"58":{"start":{"line":114,"column":26},"end":{"line":122,"column":5}},"59":{"start":{"line":115,"column":8},"end":{"line":121,"column":9}},"60":{"start":{"line":116,"column":12},"end":{"line":116,"column":52}},"61":{"start":{"line":117,"column":12},"end":{"line":117,"column":28}},"62":{"start":{"line":118,"column":12},"end":{"line":118,"column":35}},"63":{"start":{"line":120,"column":12},"end":{"line":120,"column":33}},"64":{"start":{"line":124,"column":21},"end":{"line":144,"column":5}},"65":{"start":{"line":125,"column":8},"end":{"line":143,"column":10}},"66":{"start":{"line":134,"column":24},"end":{"line":139,"column":25}},"67":{"start":{"line":135,"column":28},"end":{"line":135,"column":69}},"68":{"start":{"line":136,"column":28},"end":{"line":136,"column":43}},"69":{"start":{"line":138,"column":28},"end":{"line":138,"column":49}},"70":{"start":{"line":146,"column":29},"end":{"line":170,"column":5}},"71":{"start":{"line":147,"column":8},"end":{"line":169,"column":15}},"72":{"start":{"line":162,"column":92},"end":{"line":162,"column":256}},"73":{"start":{"line":165,"column":94},"end":{"line":165,"column":118}},"74":{"start":{"line":172,"column":30},"end":{"line":197,"column":5}},"75":{"start":{"line":173,"column":8},"end":{"line":196,"column":15}},"76":{"start":{"line":189,"column":94},"end":{"line":189,"column":116}},"77":{"start":{"line":192,"column":162},"end":{"line":192,"column":184}},"78":{"start":{"line":199,"column":4},"end":{"line":314,"column":6}},"79":{"start":{"line":204,"column":24},"end":{"line":206,"column":43}},"80":{"start":{"line":204,"column":57},"end":{"line":204,"column":83}},"81":{"start":{"line":217,"column":39},"end":{"line":217,"column":62}},"82":{"start":{"line":223,"column":39},"end":{"line":223,"column":63}},"83":{"start":{"line":235,"column":38},"end":{"line":235,"column":56}},"84":{"start":{"line":250,"column":38},"end":{"line":250,"column":65}},"85":{"start":{"line":261,"column":65},"end":{"line":261,"column":92}},"86":{"start":{"line":279,"column":58},"end":{"line":279,"column":76}},"87":{"start":{"line":283,"column":40},"end":{"line":299,"column":47}},"88":{"start":{"line":295,"column":63},"end":{"line":295,"column":89}},"89":{"start":{"line":305,"column":65},"end":{"line":305,"column":92}},"90":{"start":{"line":317,"column":15},"end":{"line":526,"column":2}}},"fnMap":{"0":{"name":"FriendsScreen","decl":{"start":{"line":27,"column":24},"end":{"line":27,"column":37}},"loc":{"start":{"line":27,"column":40},"end":{"line":315,"column":1}},"line":27},"1":{"name":"(anonymous_1)","decl":{"start":{"line":43,"column":28},"end":{"line":43,"column":29}},"loc":{"start":{"line":43,"column":67},"end":{"line":48,"column":5}},"line":43},"2":{"name":"(anonymous_2)","decl":{"start":{"line":50,"column":25},"end":{"line":50,"column":26}},"loc":{"start":{"line":50,"column":37},"end":{"line":57,"column":5}},"line":50},"3":{"name":"(anonymous_3)","decl":{"start":{"line":59,"column":26},"end":{"line":59,"column":27}},"loc":{"start":{"line":59,"column":38},"end":{"line":66,"column":5}},"line":59},"4":{"name":"(anonymous_4)","decl":{"start":{"line":68,"column":14},"end":{"line":68,"column":15}},"loc":{"start":{"line":68,"column":20},"end":{"line":71,"column":5}},"line":68},"5":{"name":"(anonymous_5)","decl":{"start":{"line":73,"column":30},"end":{"line":73,"column":31}},"loc":{"start":{"line":73,"column":55},"end":{"line":89,"column":5}},"line":73},"6":{"name":"(anonymous_6)","decl":{"start":{"line":91,"column":24},"end":{"line":91,"column":25}},"loc":{"start":{"line":91,"column":52},"end":{"line":101,"column":5}},"line":91},"7":{"name":"(anonymous_7)","decl":{"start":{"line":103,"column":26},"end":{"line":103,"column":27}},"loc":{"start":{"line":103,"column":48},"end":{"line":112,"column":5}},"line":103},"8":{"name":"(anonymous_8)","decl":{"start":{"line":114,"column":26},"end":{"line":114,"column":27}},"loc":{"start":{"line":114,"column":48},"end":{"line":122,"column":5}},"line":114},"9":{"name":"(anonymous_9)","decl":{"start":{"line":124,"column":21},"end":{"line":124,"column":22}},"loc":{"start":{"line":124,"column":49},"end":{"line":144,"column":5}},"line":124},"10":{"name":"(anonymous_10)","decl":{"start":{"line":133,"column":29},"end":{"line":133,"column":30}},"loc":{"start":{"line":133,"column":41},"end":{"line":140,"column":21}},"line":133},"11":{"name":"(anonymous_11)","decl":{"start":{"line":146,"column":29},"end":{"line":146,"column":30}},"loc":{"start":{"line":147,"column":8},"end":{"line":169,"column":15}},"line":147},"12":{"name":"(anonymous_12)","decl":{"start":{"line":162,"column":86},"end":{"line":162,"column":87}},"loc":{"start":{"line":162,"column":92},"end":{"line":162,"column":256}},"line":162},"13":{"name":"(anonymous_13)","decl":{"start":{"line":165,"column":88},"end":{"line":165,"column":89}},"loc":{"start":{"line":165,"column":94},"end":{"line":165,"column":118}},"line":165},"14":{"name":"(anonymous_14)","decl":{"start":{"line":172,"column":30},"end":{"line":172,"column":31}},"loc":{"start":{"line":173,"column":8},"end":{"line":196,"column":15}},"line":173},"15":{"name":"(anonymous_15)","decl":{"start":{"line":189,"column":88},"end":{"line":189,"column":89}},"loc":{"start":{"line":189,"column":94},"end":{"line":189,"column":116}},"line":189},"16":{"name":"(anonymous_16)","decl":{"start":{"line":
[...]
},"loc":{"start":{"line":107,"column":127},"end":{"line":157,"column":5}},"line":107},"11":{"name":"(anonymous_11)","decl":{"start":{"line":112,"column":20},"end":{"line":112,"column":21}},"loc":{"start":{"line":112,"column":28},"end":{"line":138,"column":9}},"line":112},"12":{"name":"(anonymous_12)","decl":{"start":{"line":117,"column":54},"end":{"line":117,"column":55}},"loc":{"start":{"line":118,"column":20},"end":{"line":120,"column":29}},"line":118},"13":{"name":"(anonymous_13)","decl":{"start":{"line":122,"column":59},"end":{"line":122,"column":60}},"loc":{"start":{"line":122,"column":64},"end":{"line":122,"column":75}},"line":122},"14":{"name":"(anonymous_14)","decl":{"start":{"line":160,"column":40},"end":{"line":160,"column":41}},"loc":{"start":{"line":160,"column":131},"end":{"line":225,"column":5}},"line":160},"15":{"name":"(anonymous_15)","decl":{"start":{"line":192,"column":20},"end":{"line":192,"column":21}},"loc":{"start":{"line":192,"column":28},"end":{"line":201,"column":9}},"line":192},"16":{"name":"(anonymous_16)","decl":{"start":{"line":195,"column":35},"end":{"line":195,"column":36}},"loc":{"start":{"line":195,"column":40},"end":{"line":195,"column":71}},"line":195},"17":{"name":"(anonymous_17)","decl":{"start":{"line":215,"column":24},"end":{"line":215,"column":25}},"loc":{"start":{"line":215,"column":32},"end":{"line":219,"column":13}},"line":215},"18":{"name":"(anonymous_18)","decl":{"start":{"line":216,"column":42},"end":{"line":216,"column":43}},"loc":{"start":{"line":216,"column":47},"end":{"line":216,"column":101}},"line":216},"19":{"name":"(anonymous_19)","decl":{"start":{"line":227,"column":38},"end":{"line":227,"column":39}},"loc":{"start":{"line":227,"column":60},"end":{"line":239,"column":5}},"line":227},"20":{"name":"(anonymous_20)","decl":{"start":{"line":228,"column":20},"end":{"line":228,"column":21}},"loc":{"start":{"line":228,"column":28},"end":{"line":232,"column":9}},"line":228},"21":{"name":"(anonymous_21)","decl":{"start":{"line":229,"column":40},"end":{"line":229,"column":41}},"loc":{"start":{"line":229,"column":45},"end":{"line":229,"column":56}},"line":229}},"branchMap":{"0":{"loc":{"start":{"line":23,"column":8},"end":{"line":23,"column":55}},"type":"if","locations":[{"start":{"line":23,"column":8},"end":{"line":23,"column":55}},{"start":{},"end":{}}],"line":23},"1":{"loc":{"start":{"line":38,"column":43},"end":{"line":38,"column":87}},"type":"cond-expr","locations":[{"start":{"line":38,"column":61},"end":{"line":38,"column":83}},{"start":{"line":38,"column":86},"end":{"line":38,"column":87}}],"line":38},"2":{"loc":{"start":{"line":45,"column":8},"end":{"line":48,"column":9}},"type":"if","locations":[{"start":{"line":45,"column":8},"end":{"line":48,"column":9}},{"start":{},"end":{}}],"line":45},"3":{"loc":{"start":{"line":55,"column":12},"end":{"line":75,"column":13}},"type":"if","locations":[{"start":{"line":55,"column":12},"end":{"line":75,"column":13}},{"start":{},"end":{}}],"line":55},"4":{"loc":{"start":{"line":85,"column":12},"end":{"line":88,"column":13}},"type":"if","locations":[{"start":{"line":85,"column":12},"end":{"line":88,"column":13}},{"start":{},"end":{}}],"line":85},"5":{"loc":{"start":{"line":115,"column":12},"end":{"line":134,"column":13}},"type":"if","locations":[{"start":{"line":115,"column":12},"end":{"line":134,"column":13}},{"start":{"line":123,"column":19},"end":{"line":134,"column":13}}],"line":115},"6":{"loc":{"start":{"line":118,"column":20},"end":{"line":120,"column":29}},"type":"cond-expr","locations":[{"start":{"line":119,"column":26},"end":{"line":119,"column":84}},{"start":{"line":120,"column":26},"end":{"line":120,"column":29}}],"line":118},"7":{"loc":{"start":{"line":165,"column":8},"end":{"line":189,"column":9}},"type":"if","locations":[{"start":{"line":165,"column":8},"end":{"line":189,"column":9}},{"start":{"line":181,"column":15},"end":{"line":189,"column":9}}],"line":165},"8":{"loc":{"start":{"line":194,"column":12},"end":{"line":198,"column":13}},"type":"if","locations":[{"start":{"line":194,"column":12},"end":{"line":198,"column":13}},{"start":{"line":196,"column":19},"end":{"line":198,"column":13}}],"line":194},"9":{"loc":{"start":{"line":195,"column":40},"end":{"line":195,"column":71}},"type":"cond-expr","locations":[{"start":{"line":195,"column":54},"end":{"line":195,"column":67}},{"start":{"line":195,"column":70},"end":{"line":195,"column":71}}],"line":195},"10":{"loc":{"start":{"line":216,"column":47},"end":{"line":216,"column":101}},"type":"cond-expr","locations":[{"start":{"line":216,"column":75},"end":{"line":216,"column":97}},{"start":{"line":216,"column":100},"end":{"line":216,"column":101}}],"line":216}},"s":{"0":0,"1":0,"2":0,"3":0,"4":0,"5":0,"6":0,"7":0,"8":0,"9":0,"10":0,"11":0,"12":0,"13":0,"14":0,"15":0,"16":0,"17":0,"18":0,"19":0,"20":0,"21":0,"22":0,"23":0,"24":0,"25":0,"26":0,"27":0,"28":0,"29":0,"30":0,"31":0,"32":0,"33":0,"34":0,"35":0,"36":0,"37":0,"38":0,"39":0,"40":0,"41":0,"42":0,"43":0,"44":0,"45":0,"46":0,"47":0,"48":0,"49":0,"50":0,"51":0,"52":0,"53":0,"54":0,"55":0,"56":0,"57":0,"58":0,"59":0,"60":0,"61":0,"62":0,"63":0,"64":0,"65":0,"66":0,"67":0,"68":0,"69":0,"70":0,"71":0,"72":0,"73":0,"74":0,"75":0,"76":0,"77":0,"78":0,"79":0,"80":0,"81":0,"82":0,"83":0,"84":0,"85":0,"86":0,"87":0,"88":0,"89":0,"90":0,"91":0,"92":0,"93":0,"94":0,"95":0,"96":0,"97":0},"f":{"0":0,"1":0,"2":0,"3":0,"4":0,"5":0,"6":0,"7":0,"8":0,"9":0,"10":0,"11":0,"12":0,"13":0,"14":0,"15":0,"16":0,"17":0,"18":0,"19":0,"20":0,"21":0},"b":{"0":[0,0],"1":[0,0],"2":[0,0],"3":[0,0],"4":[0,0],"5":[0,0],"6":[0,0],"7":[0,0],"8":[0,0],"9":[0,0],"10":[0,0]}}
,"/home/hbb/hai-project/socius-friends/hooks/useWorkouts.ts": {"path":"/home/hbb/hai-project/socius-friends/hooks/useWorkouts.ts","statementMap":{"0":{"start":{"line":25,"column":18},"end":{"line":25,"column":39}},"1":{"start":{"line":26,"column":23},"end":{"line":26,"column":43}},"2":{"start":{"line":29,"column":30},"end":{"line":29,"column":66}},"3":{"start":{"line":30,"column":40},"end":{"line":30,"column":64}},"4":{"start":{"line":31,"column":34},"end":{"line":31,"column":48}},"5":{"start":{"line":33,"column":24},"end":{"line":62,"column":10}},"6":{"start":{"line":34,"column":24},"end":{"line":34,"column":62}},"7":{"start":{"line":34,"column":52},"end":{"line":34,"column":61}},"8":{"start":{"line":35,"column":8},"end":{"line":35,"column":57}},"9":{"start":{"line":35,"column":34},"end":{"line":35,"column":57}},"10":{"start":{"line":37,"column":22},"end":{"line":37,"column":42}},"11":{"start":{"line":38,"column":22},"end":{"line":38,"column":27}},"12":{"start":{"line":40,"column":8},"end":{"line":55,"column":9}},"13":{"start":{"line":41,"column":12},"end":{"line":54,"column":13}},"14":{"start":{"line":42,"column":16},"end":{"line":49,"column":19}},"15":{"start":{"line":50,"column":16},"end":{"line":50,"column":89}},"16":{"start":{"line":50,"column":43},"end":{"line":50,"column":87}},"17":{"start":{"line":51,"column":16},"end":{"line":51,"column":31}},"18":{"start":{"line":57,"column":8},"end":{"line":60,"column":9}},"19":{"start":{"line":58,"column":12},"end":{"line":58,"column":80}},"20":{"start":{"line":59,"column":12},"end":{"line":59,"column":35}},"21":{"start":{"line":61,"column":8},"end":{"line":61,"column":23}},"22":{"start":{"line":64,"column":24},"end":{"line":99,"column":10}},"23":{"start":{"line":66,"column":8},"end":{"line":70,"column":36}},"24":{"start":{"line":67,"column":29},"end":{"line":67,"column":61}},"25":{"start":{"line":68,"column":12},"end":{"line":68,"column":36}},"26":{"start":{"line":69,"column":12},"end":{"line":69,"column":81}},"27":{"start":{"line":73,"column":8},"end":{"line":98,"column":36}},"28":{"start":{"line":74,"column":27},"end":{"line":74,"column":64}},"29":{"start":{"line":75,"column":12},"end":{"line":97,"column":13}},"30":{"start":{"line":76,"column":34},"end":{"line":76,"column":43}},"31":{"start":{"line":77,"column":16},"end":{"line":87,"column":19}},"32":{"start":{"line":78,"column":20},"end":{"line":86,"column":23}},"33":{"start":{"line":89,"column":38},"end":{"line":89,"column":77}},"34":{"start":{"line":89,"column":67},"end":{"line":89,"column":76}},"35":{"start":{"line":90,"column":35},"end":{"line":90,"column":65}},"36":{"start":{"line":91,"column":34},"end":{"line":91,"column":101}},"37":{"start":{"line":91,"column":79},"end":{"line":91,"column":99}},"38":{"start":{"line":93,"column":16},"end":{"line":93,"column":68}},"39":{"start":{"line":93,"column":41},"end":{"line":93,"column":66}},"40":{"start":{"line":95,"column":16},"end":{"line":95,"column":41}},"41":{"start":{"line":96,"column":16},"end":{"line":96,"column":86}},"42":{"start":{"line":101,"column":21},"end":{"line":128,"column":34}},"43":{"start":{"line":102,"column":8},"end":{"line":127,"column":9}},"44":{"start":{"line":103,"column":31},"end":{"line":103,"column":68}},"45":{"start":{"line":104,"column":36},"end":{"line":104,"column":78}},"46":{"start":{"line":107,"column":12},"end":{"line":109,"column":13}},"47":{"start":{"line":108,"column":16},"end":{"line":108,"column":49}},"48":{"start":{"line":111,"column":40},"end":{"line":111,"column":42}},"49":{"start":{"line":112,"column":12},"end":{"line":115,"column":13}},"50":{"start":{"line":113,"column":16},"end":{"line":113,"column":56}},"51":{"start":{"line":114,"column":16},"end":{"line":114,"column":41}},"52":{"start":{"line":118,"column":31},"end":{"line":118,"column":59}},"53":{"start":{"line":121,"column":12},"end":{"line":121,"column":42}},"54":{"start":{"line":124,"column":12},"end":{"line":124,"column":64}},"55":{"start":{"line":126,"column":12},"end":{"line":126,"column":30}},"56":{"start":{"line":130,"column":4},"end":{"line":132,"column":19}},"57":{"start":{"line":131,"column":8},"end":{"line":131,"column":19}},"58":{"start":{"line":134,"column":22},"end":{"line":143,"column":10}},"59":{"start":{"line":135,"column":8},"end":{"line":135,"column":27}},"60":{"start":{"line":136,"column":8},"end":{"line":136,"column":72}},"61":{"start":{"line":138,"column":8},"end":{"line":142,"column":9}},"62":{"start":{"line":139,"column":12},"end":{"line":139,"column":56}},"63":{"start":{"line":148,"column":28},"end":{"line":191,"column":10}},"64":{"start":{"line":149,"column":26},"end":{"line":149,"column":36}},"65":{"start":{"line":150,"column":25},"end":{"line":150,"column":76}},"66":{"start":{"line":151,"column":24},"end":{"line":151,"column":62}},"67":{"start":{"line":153,"column":38},"end":{"line":161,"column":9}},"68":{"start":{"line":163,"column":8},"end":{"line":167,"column":11}},"69":{"start":{"line":164,"column":28},"end":{"line":164,"column":50}},"70":{"start":{"line":165,"column":12},"end":{"line":165,"column":74}},"71":{"start":{"line":166,"column":12},"end":{"line":166,"column":27}},"72":{"start":{"line":169,"column":8},"end":{"line":188,"column":9}},"73":{"start":{"line":170,"column":12},"end":{"line":177,"column":15}},"74":{"start":{"line":180,"column":12},"end":{"line":184,"column":15}},"75":{"start":{"line":181,"column":32},"end":{"line":181,"column":93}},"76":{"start":{"line":181,"column":46},"end":{"line":181,"column":92}},"77":{"start":{"line":182,"column":16},"end":{"line":182,"column":78}},"78":{"start":{"line":183,"column":16},"end":{"line":183,"column":31}},"79":{"start":{"line":190,"column":8},"end":{"line":190,"column":27}},"80":{"start":{"line":193,"column":27},"end":{"line":205,"column":10}},"81":{"start":{"line":194,"column":8},"end":{"line":198,"column":11}},"82":{"start":{"line":195,"column":28},"end":{"line":195,"column":57}},"83":{"start":{"line":195,"column":45},"end":{"line":195,"column":56}},"84":{"start":{"line":196,"column":12},"end":{"line":196,"column":74}},"85":{"start":{"line":197,"column":12},"end":{"line":197,"column":27}},"86":{"start":{"line":200,"column":8},"end":{"line":204,"column":9}},"87":{"start":{"line":201,"column":12},"end":{"line":201,"column":59}},"88":{"start":{"line":203,"column":12},"end":{"line":203,"column":65}},"89":{"start":{"line":207,"column":4},"end":{"line":215,"column":6}}},"fnMap":{"0":{"name":"useWorkouts","decl":{"start":{"line":28,"column":16},"end":{"line":28,"column":27}},"loc":{"start":{"line":28,"column":30},"end":{"line":216,"column":1}},"line":28},"1":{"name":"(anonymous_1)","decl":{"start":{"line":33,"column":36},"end":{"line":33,"column":37}},"loc":{"start":{"line":33,"column":75},"end":{"line":62,"column":5}},"line":33},"2":{"name":"(anonymous_2)","decl":{"start":{"line":34,"column":47},"end":{"line":34,"column":48}},"loc":{"start":{"line":34,"column":52},"end":{"line":34,"column":61}},"line":34},"3":{"name":"(anonymous_3)","decl":{"start":{"line":50,"column":38},"end":{"line":50,"column":39}},"loc":{"start":{"line":50,"column":43},"end":{"line":50,"column":87}},"line":50},"4":{"name":"(anonymous_4)","decl":{"start":{"line":64,"column":36},"end":{"line":64,"column":37}},"loc":{"start":{"line":64,"column":76},"end":{"line":99,"column":5}},"line":64},"5":{"name":"(anonymous_5)","decl":{"start":{"line":77,"column":36},"end":{"line":77,"column":37}},"loc":{"start":{"line":77,"column":48},"end":{"line":87,"column":17}},"line":77},"6":{"name":"(anonymous_6)","decl":{"start":{"line":89,"column":62},"end":{"line":89,"column":63}},"loc":{"start":{"line":89,"column":67},"end":{"line":89,"column":76}},"line":89},"7":{"name":"(anonymous_7)","decl":{"start":{"line":91,"column":74},"end":{"line":91,"column":75}},"loc":{"start":{"line":91,"column":79},"end":{"line":91,"column":99}},"line":91},"8":{"name":"(anonymous_8)","decl":{"start":{"line":93,"column":31},"end":{"line":93,"column":32}},"loc":{"start":{"line":93,"column":41},"end":{"line":93,"column":66}},"line":93},"9":{"name":"(anonymous_9)","decl":{"start":{"line":101,"column":33},"end":{"line":101,"column":34}},"loc":{"start":{"line":101,"column":45},"end":{"line":128,"column":5}},"line":101},"10":{"name":"(anonymous_10)","decl":{"start":{"line":130,"column":14},"end":{"line":130,"column":15}},"loc":{"start":{"line":130,"column":20},"end":{"line":132,"column":5}},"line":130},"11":{"name":"(anonymous_11)","decl":{"start":{"line":134,"column":34},"end":{"line":134,"column":35}},"loc":{"start":{"line":134,"column":69},"end":{"line":143,"column":5}},"line":134},"12":{"name":"(anonymous_12)","decl":{"start":{"line":148,"column":40},"end":{"line":148,"column":41}},"loc":{"start":{"line":148,"column":100},"end":{"line":191,"column":5}},"line":148},"13":{"name":"(anonymous_13)","decl":{"start":{"line":163,"column":22},"end":{"line":163,"column":23}},"loc":{"start":{"line":163,"column":30},"end":{"line":167,"column":9}},"line":163},"14":{"name":"(anonymous_14)","decl":{"start":{"line":180,"column":26},"end":{"line":180,"column":27}},"loc":{"start":{"line":180,"column":34},"end":{"line":184,"column":13}},"line":180},"15":{"name":"(anonymous_15)","decl":{"start":{"line":181,"column":41},"end":{"line":181,"column":42}},"loc":{"start":{"line":181,"column":46},"end":{"line":181,"column":92}},"line":181},"16":{"name":"(anonymous_16)","decl":{"start":{"line":193,"column":39},"end":{"line":193,"column":40}},"loc":{"start":{"line":193,"column":61},"end":{"line":205,"column":5}},"line":193},"17":{"name":"(anonymous_17)","decl":{"start":{"line":194,"column":22},"end":{"line":194,"column":23}},"loc":{"start":{"line":194,"column":30},"end":{"line":198,"column":9}},"line":194},"18":{"name":"(anonymous_18)","decl":{"start":{"line":195,"column":40},"end":{"line":195,"column":41}},"loc":{"start":{"line":195,"column":45},"end":{"line":195,"column":56}},"line":195}},"branchMap":{"0":{"loc":{"start":{"line":35,"column":8},"end":{"line":35,"column":57}},"type":"if","locations":[{"start":{"line":35,"column":8},"end":{"line":35,"column":57}},{"start":{},"end":{}}],"line":35},"1":{"loc":{"start":{"line":50,"column":43},"end":{"line":50,"column":87}},"type":"cond-expr","locations":[{"start":{"line":50,"column":61},"end":{"line":50,"column":83}},{"start":{"line":50,"column":86},"end":{"line":50,"column":87}}],"line":50},"2":{"loc":{"start":{"line":57,"column":8},"end":{"line":60,"column":9}},"type":"if","locations":[{"start":{"line":57,"column":8},"end":{"line":60,"column":9}},{"start":{},"end":{}}],"line":57},"3":{"loc":{"start":{"line":75,"column":12},"end":{"line":97,"column":13}},"type":"if","locations":[{"start":{"line":75,"column":12},"end":{"line":97,"column":13}},{"start":{},"end":{}}],"line":75},"4":{"loc":{"start":{"line":107,"column":12},"end":{"line":109,"column":13}},"type":"if","locations":[{"start":{"line":107,"column":12},"end":{"line":109,"column":13}},{"start":{},"end":{}}],"line":107},"5":{"loc":{"start":{"line":112,"column":12},"end":{"line":115,"column":13}},"type":"if","locations":[{"start":{"line":112,"column":12},"end":{"line":115,"column":13}},{"start":{},"end":{}}],"line":112},"6":{"loc":{"start":{"line":181,"column":46},"end":{"line":181,"column":92}},"type":"cond-expr","locations":[{"start":{"line":181,"column":66},"end":{"line":181,"column":88}},{"start":{"line":181,"column":91},"end":{"line":181,"column":92}}],"line":181}},"s":{"0":0,"1":0,"2":0,"3":0,"4":0,"5":0,"6":0,"7":0,"8":0,"9":0,"10":0,"11":0,"12":0,"13":0,"14":0,"15":0,"16":0,"17":0,"18":0,"19":0,"20":0,"21":0,"22":0,"23":0,"24":0,"25":0,"26":0,"27":0,"28":0,"29":0,"30":0,"31":0,"32":0,"33":0,"34":0,"35":0,"36":0,"37":0,"38":0,"39":0,"40":0,"41":0,"42":0,"43":0,"44":0,"45":0,"46":0,"47":0,"48":0,"49":0,"50":0,"51":0,"52":0,"53":0,"54":0,"55":0,"56":0,"57":0,"58":0,"59":0,"60":0,"61":0,"62":0,"63":0,"64":0,"65":0,"66":0,"67":0,"68":0,"69":0,"70":0,"71":0,"72":0,"73":0,"74":0,"75":0,"76":0,"77":0,"78":0,"79":0,"80":0,"81":0,"82":0,"83":0,"84":0,"85":0,"86":0,"87":0,"88":0,"89":0},"f":{"0":0,"1":0,"2":0,"3":0,"4":0,"5":0,"6":0,"7":0,"8":0,"9":0,"10":0,"11":0,"12":0,"13":0,"14":0,"15":0,"16":0,"17":0,"18":0},"b":{"0":[0,0],"1":[0,0],"2":[0,0],"3":[0,0],"4":[0,0],"5":[0,0],"6":[0,0]}}
,"/home/hbb/hai-project/socius-friends/utils/date.ts": {"path":"/home/hbb/hai-project/socius-friends/utils/date.ts","statementMap":{"0":{"start":{"line":1,"column":28},"end":{"line":18,"column":1}},"1":{"start":{"line":2,"column":4},"end":{"line":2,"column":39}},"2":{"start":{"line":2,"column":21},"end":{"line":2,"column":39}},"3":{"start":{"line":6,"column":16},"end":{"line":6,"column":26}},"4":{"start":{"line":9,"column":4},"end":{"line":11,"column":5}},"5":{"start":{"line":10,"column":8},"end":{"line":10,"column":21}},"6":{"start":{"line":13,"column":14},"end":{"line":13,"column":29}},"7":{"start":{"line":14,"column":4},"end":{"line":16,"column":5}},"8":{"start":{"line":15,"column":8},"end":{"line":15,"column":26}},"9":{"start":{"line":17,"column":4},"end":{"line":17,"column":13}}},"fnMap":{"0":{"name":"(anonymous_0)","decl":{"start":{"line":1,"column":28},"end":{"line":1,"column":29}},"loc":{"start":{"line":1,"column":77},"end":{"line":18,"column":1}},"line":1}},"branchMap":{"0":{"loc":{"start":{"line":2,"column":4},"end":{"line":2,"column":39}},"type":"if","locations":[{"start":{"line":2,"column":4},"end":{"line":2,"column":39}},{"start":{},"end":{}}],"line":2},"1":{"loc":{"start":{"line":9,"column":4},"end":{"line":11,"column":5}},"type":"if","locations":[{"start":{"line":9,"column":4},"end":{"line":11,"column":5}},{"start":{},"end":{}}],"line":9},"2":{"loc":{"start":{"line":9,"column":8},"end":{"line":9,"column":75}},"type":"binary-expr","locations":[{"start":{"line":9,"column":8},"end":{"line":9,"column":27}},{"start":{"line":9,"column":31},"end":{"line":9,"column":51}},{"start":{"line":9,"column":55},"end":{"line":9,"column":75}}],"line":9},"3":{"loc":{"start":{"line":14,"column":4},"end":{"line":16,"column":5}},"type":"if","locations":[{"start":{"line":14,"column":4},"end":{"line":16,"column":5}},{"start":{},"end":{}}],"line":14}},"s":{"0":1,"1":0,"2":0,"3":0,"4":0,"5":0,"6":0,"7":0,"8":0,"9":0},"f":{"0":0},"b":{"0":[0,0],"1":[0,0],"2":[0,0,0],"3":[0,0]},"_coverageSchema":"1a1c01bbd47fc00a2c39e90264f33305004495a9","hash":"ed2bceece332766e6ea0e2a58f0a6442bfdc7f0b"}
}
