TN:
SF:app/_layout.tsx
FN:18,(anonymous_0)
FN:36,(anonymous_1)
FN:56,(anonymous_2)
FN:65,RootLayoutNav
FN:73,(anonymous_4)
FN:79,(anonymous_5)
FN:124,(anonymous_6)
FN:150,RootLayout
FNF:8
FNH:0
FNDA:0,(anonymous_0)
FNDA:0,(anonymous_1)
FNDA:0,(anonymous_2)
FNDA:0,RootLayoutNav
FNDA:0,(anonymous_4)
FNDA:0,(anonymous_5)
FNDA:0,(anonymous_6)
FNDA:0,RootLayout
DA:18,0
DA:19,0
DA:20,0
DA:21,0
DA:22,0
DA:24,0
DA:25,0
DA:26,0
DA:27,0
DA:28,0
DA:29,0
DA:31,0
DA:34,0
DA:36,0
DA:37,0
DA:40,0
DA:56,0
DA:66,0
DA:67,0
DA:68,0
DA:69,0
DA:70,0
DA:71,0
DA:73,0
DA:74,0
DA:79,0
DA:80,0
DA:83,0
DA:87,0
DA:89,0
DA:91,0
DA:92,0
DA:94,0
DA:96,0
DA:97,0
DA:104,0
DA:124,0
DA:151,0
LF:38
LH:0
BRDA:25,0,0,0
BRDA:25,0,1,0
BRDA:25,1,0,0
BRDA:25,1,1,0
BRDA:25,1,2,0
BRDA:27,2,0,0
BRDA:27,2,1,0
BRDA:27,3,0,0
BRDA:27,3,1,0
BRDA:29,4,0,0
BRDA:29,4,1,0
BRDA:46,5,0,0
BRDA:46,5,1,0
BRDA:80,6,0,0
BRDA:80,6,1,0
BRDA:87,7,0,0
BRDA:87,7,1,0
BRDA:87,7,2,0
BRDA:89,8,0,0
BRDA:89,8,1,0
BRDA:91,9,0,0
BRDA:91,9,1,0
BRDA:94,10,0,0
BRDA:94,10,1,0
BRDA:96,11,0,0
BRDA:96,11,1,0
BRDA:106,12,0,0
BRDA:106,12,1,0
BRF:28
BRH:0
end_of_record
TN:
SF:app/bible.tsx
FN:17,BibleScreen
FN:55,(anonymous_1)
FN:64,(anonymous_2)
FN:109,(anonymous_3)
FN:123,(anonymous_4)
FN:128,(anonymous_5)
FN:131,(anonymous_6)
FN:134,(anonymous_7)
FN:143,(anonymous_8)
FN:144,(anonymous_9)
FN:147,(anonymous_10)
FN:165,(anonymous_11)
FN:166,(anonymous_12)
FN:176,(anonymous_13)
FN:234,(anonymous_14)
FN:251,(anonymous_15)
FN:255,(anonymous_16)
FN:275,(anonymous_17)
FN:287,(anonymous_18)
FN:306,(anonymous_19)
FN:310,(anonymous_20)
FN:336,(anonymous_21)
FN:344,(anonymous_22)
FN:382,(anonymous_23)
FN:406,(anonymous_24)
FN:409,(anonymous_25)
FN:411,(anonymous_26)
FN:419,(anonymous_27)
FN:428,(anonymous_28)
FN:434,(anonymous_29)
FNF:30
FNH:0
FNDA:0,BibleScreen
FNDA:0,(anonymous_1)
FNDA:0,(anonymous_2)
FNDA:0,(anonymous_3)
FNDA:0,(anonymous_4)
FNDA:0,(anonymous_5)
FNDA:0,(anonymous_6)
FNDA:0,(anonymous_7)
FNDA:0,(anonymous_8)
FNDA:0,(anonymous_9)
FNDA:0,(anonymous_10)
FNDA:0,(anonymous_11)
FNDA:0,(anonymous_12)
FNDA:0,(anonymous_13)
FNDA:0,(anonymous_14)
FNDA:0,(anonymous_15)
FNDA:0,(anonymous_16)
FNDA:0,(anonymous_17)
FNDA:0,(anonymous_18)
FNDA:0,(anonymous_19)
FNDA:0,(anonymous_20)
FNDA:0,(anonymous_21)
FNDA:0,(anonymous_22)
FNDA:0,(anonymous_23)
FNDA:0,(anonymous_24)
FNDA:0,(anonymous_25)
FNDA:0,(anonymous_26)
FNDA:0,(anonymous_27)
FNDA:0,(anonymous_28)
FNDA:0,(anonymous_29)
DA:18,0
DA:19,0
DA:20,0
DA:21,0
DA:46,0
DA:48,0
DA:49,0
DA:52,0
DA:55,0
DA:56,0
DA:60,0
DA:61,0
DA:62,0
DA:64,0
DA:65,0
DA:66,0
DA:68,0
DA:70,0
DA:75,0
DA:78,0
DA:80,0
DA:85,0
DA:87,0
DA:92,0
DA:94,0
DA:101,0
DA:105,0
DA:106,0
DA:109,0
DA:110,0
DA:111,0
DA:114,0
DA:115,0
DA:116,0
DA:118,0
DA:123,0
DA:128,0
DA:131,0
DA:134,0
DA:143,0
DA:145,0
DA:148,0
DA:149,0
DA:150,0
DA:165,0
DA:167,0
DA:177,0
DA:178,0
DA:204,0
DA:205,0
DA:213,0
DA:234,0
DA:251,0
DA:255,0
DA:275,0
DA:287,0
DA:307,0
DA:310,0
DA:337,0
DA:345,0
DA:347,0
DA:348,0
DA:350,0
DA:355,0
DA:356,0
DA:382,0
DA:406,0
DA:410,0
DA:411,0
DA:419,0
DA:428,0
DA:434,0
DA:475,0
LF:73
LH:0
BRDA:68,0,0,0
BRDA:68,0,1,0
BRDA:68,1,0,0
BRDA:68,1,1,0
BRDA:78,2,0,0
BRDA:78,2,1,0
BRDA:85,3,0,0
BRDA:85,3,1,0
BRDA:85,4,0,0
BRDA:85,4,1,0
BRDA:92,5,0,0
BRDA:92,5,1,0
BRDA:105,6,0,0
BRDA:105,6,1,0
BRDA:105,6,2,0
BRDA:106,7,0,0
BRDA:106,7,1,0
BRDA:106,8,0,0
BRDA:106,8,1,0
BRDA:106,9,0,0
BRDA:106,9,1,0
BRDA:110,10,0,0
BRDA:110,10,1,0
BRDA:110,11,0,0
BRDA:110,11,1,0
BRDA:110,11,2,0
BRDA:116,12,0,0
BRDA:116,12,1,0
BRDA:116,12,2,0
BRDA:129,13,0,0
BRDA:129,13,1,0
BRDA:132,14,0,0
BRDA:132,14,1,0
BRDA:139,15,0,0
BRDA:139,15,1,0
BRDA:153,16,0,0
BRDA:153,16,1,0
BRDA:160,17,0,0
BRDA:160,17,1,0
BRDA:171,18,0,0
BRDA:171,18,1,0
BRDA:172,19,0,0
BRDA:172,19,1,0
BRDA:183,20,0,0
BRDA:183,20,1,0
BRDA:204,21,0,0
BRDA:204,21,1,0
BRDA:226,22,0,0
BRDA:226,22,1,0
BRDA:235,23,0,0
BRDA:235,23,1,0
BRDA:242,24,0,0
BRDA:242,24,1,0
BRDA:247,25,0,0
BRDA:247,25,1,0
BRDA:254,26,0,0
BRDA:254,26,1,0
BRDA:269,27,0,0
BRDA:269,27,1,0
BRDA:275,28,0,0
BRDA:275,28,1,0
BRDA:275,29,0,0
BRDA:275,29,1,0
BRDA:275,29,2,0
BRDA:285,30,0,0
BRDA:285,30,1,0
BRDA:297,31,0,0
BRDA:297,31,1,0
BRDA:308,32,0,0
BRDA:308,32,1,0
BRDA:313,33,0,0
BRDA:313,33,1,0
BRDA:319,34,0,0
BRDA:319,34,1,0
BRDA:329,35,0,0
BRDA:329,35,1,0
BRDA:335,36,0,0
BRDA:335,36,1,0
BRDA:341,37,0,0
BRDA:341,37,1,0
BRDA:341,38,0,0
BRDA:341,38,1,0
BRDA:352,39,0,0
BRDA:352,39,1,0
BRDA:360,40,0,0
BRDA:360,40,1,0
BRDA:374,41,0,0
BRDA:374,41,1,0
BRDA:376,42,0,0
BRDA:376,42,1,0
BRDA:377,43,0,0
BRDA:377,43,1,0
BRDA:379,44,0,0
BRDA:379,44,1,0
BRDA:383,45,0,0
BRDA:383,45,1,0
BRDA:386,46,0,0
BRDA:386,46,1,0
BRDA:387,47,0,0
BRDA:387,47,1,0
BRDA:394,48,0,0
BRDA:394,48,1,0
BRDA:441,49,0,0
BRDA:441,49,1,0
BRDA:442,50,0,0
BRDA:442,50,1,0
BRDA:447,51,0,0
BRDA:447,51,1,0
BRDA:457,52,0,0
BRDA:457,52,1,0
BRDA:457,53,0,0
BRDA:457,53,1,0
BRDA:462,54,0,0
BRDA:462,54,1,0
BRDA:462,55,0,0
BRDA:462,55,1,0
BRF:116
BRH:0
end_of_record
TN:
SF:app/calories.tsx
FN:11,CaloriesScreen
FN:25,(anonymous_1)
FN:52,(anonymous_2)
FN:59,(anonymous_3)
FN:68,(anonymous_4)
FN:75,(anonymous_5)
FN:77,(anonymous_6)
FN:78,(anonymous_7)
FN:82,(anonymous_8)
FN:86,(anonymous_9)
FN:92,(anonymous_10)
FN:104,(anonymous_11)
FN:104,(anonymous_12)
FN:120,(anonymous_13)
FN:123,(anonymous_14)
FN:141,(anonymous_15)
FN:153,(anonymous_16)
FN:154,(anonymous_17)
FN:182,(anonymous_18)
FN:190,(anonymous_19)
FN:203,(anonymous_20)
FN:215,(anonymous_21)
FN:224,(anonymous_22)
FNF:23
FNH:0
FNDA:0,CaloriesScreen
FNDA:0,(anonymous_1)
FNDA:0,(anonymous_2)
FNDA:0,(anonymous_3)
FNDA:0,(anonymous_4)
FNDA:0,(anonymous_5)
FNDA:0,(anonymous_6)
FNDA:0,(anonymous_7)
FNDA:0,(anonymous_8)
FNDA:0,(anonymous_9)
FNDA:0,(anonymous_10)
FNDA:0,(anonymous_11)
FNDA:0,(anonymous_12)
FNDA:0,(anonymous_13)
FNDA:0,(anonymous_14)
FNDA:0,(anonymous_15)
FNDA:0,(anonymous_16)
FNDA:0,(anonymous_17)
FNDA:0,(anonymous_18)
FNDA:0,(anonymous_19)
FNDA:0,(anonymous_20)
FNDA:0,(anonymous_21)
FNDA:0,(anonymous_22)
DA:12,0
DA:13,0
DA:16,0
DA:18,0
DA:21,0
DA:22,0
DA:23,0
DA:25,0
DA:26,0
DA:27,0
DA:30,0
DA:31,0
DA:32,0
DA:33,0
DA:36,0
DA:37,0
DA:38,0
DA:40,0
DA:43,0
DA:44,0
DA:45,0
DA:46,0
DA:48,0
DA:52,0
DA:53,0
DA:54,0
DA:55,0
DA:56,0
DA:59,0
DA:60,0
DA:68,0
DA:75,0
DA:76,0
DA:77,0
DA:78,0
DA:82,0
DA:84,0
DA:86,0
DA:87,0
DA:89,0
DA:92,0
DA:93,0
DA:94,0
DA:96,0
DA:104,0
DA:120,0
DA:123,0
DA:133,0
DA:134,0
DA:141,0
DA:143,0
DA:154,0
DA:182,0
DA:190,0
DA:204,0
DA:205,0
DA:206,0
DA:207,0
DA:215,0
DA:225,0
DA:226,0
DA:227,0
DA:228,0
DA:271,0
LF:64
LH:0
BRDA:26,0,0,0
BRDA:26,0,1,0
BRDA:26,1,0,0
BRDA:26,1,1,0
BRDA:31,2,0,0
BRDA:31,2,1,0
BRDA:37,3,0,0
BRDA:37,3,1,0
BRDA:87,4,0,0
BRDA:87,4,1,0
BRDA:94,5,0,0
BRDA:94,5,1,0
BRDA:98,6,0,0
BRDA:98,6,1,0
BRDA:99,7,0,0
BRDA:99,7,1,0
BRDA:101,8,0,0
BRDA:101,8,1,0
BRDA:124,9,0,0
BRDA:124,9,1,0
BRDA:133,10,0,0
BRDA:133,10,1,0
BRDA:176,11,0,0
BRDA:176,11,1,0
BRDA:211,12,0,0
BRDA:211,12,1,0
BRDA:213,13,0,0
BRDA:213,13,1,0
BRDA:222,14,0,0
BRDA:222,14,1,0
BRDA:259,15,0,0
BRDA:259,15,1,0
BRDA:357,16,0,0
BRDA:357,16,1,0
BRF:34
BRH:0
end_of_record
TN:
SF:app/diary.tsx
FN:19,DiaryScreen
FN:42,(anonymous_1)
FN:52,(anonymous_2)
FN:64,(anonymous_3)
FN:68,(anonymous_4)
FN:88,(anonymous_5)
FN:94,(anonymous_6)
FN:100,(anonymous_7)
FN:111,(anonymous_8)
FN:125,(anonymous_9)
FN:127,(anonymous_10)
FN:140,(anonymous_11)
FN:171,(anonymous_12)
FN:178,(anonymous_13)
FN:187,(anonymous_14)
FN:190,(anonymous_15)
FN:227,(anonymous_16)
FN:228,(anonymous_17)
FN:241,(anonymous_18)
FN:261,(anonymous_19)
FN:270,(anonymous_20)
FNF:21
FNH:0
FNDA:0,DiaryScreen
FNDA:0,(anonymous_1)
FNDA:0,(anonymous_2)
FNDA:0,(anonymous_3)
FNDA:0,(anonymous_4)
FNDA:0,(anonymous_5)
FNDA:0,(anonymous_6)
FNDA:0,(anonymous_7)
FNDA:0,(anonymous_8)
FNDA:0,(anonymous_9)
FNDA:0,(anonymous_10)
FNDA:0,(anonymous_11)
FNDA:0,(anonymous_12)
FNDA:0,(anonymous_13)
FNDA:0,(anonymous_14)
FNDA:0,(anonymous_15)
FNDA:0,(anonymous_16)
FNDA:0,(anonymous_17)
FNDA:0,(anonymous_18)
FNDA:0,(anonymous_19)
FNDA:0,(anonymous_20)
DA:20,0
DA:21,0
DA:22,0
DA:23,0
DA:26,0
DA:27,0
DA:28,0
DA:29,0
DA:30,0
DA:32,0
DA:33,0
DA:36,0
DA:37,0
DA:38,0
DA:40,0
DA:42,0
DA:43,0
DA:44,0
DA:45,0
DA:47,0
DA:49,0
DA:52,0
DA:53,0
DA:54,0
DA:55,0
DA:56,0
DA:58,0
DA:60,0
DA:64,0
DA:65,0
DA:68,0
DA:69,0
DA:71,0
DA:72,0
DA:73,0
DA:79,0
DA:80,0
DA:81,0
DA:82,0
DA:84,0
DA:88,0
DA:89,0
DA:90,0
DA:91,0
DA:94,0
DA:95,0
DA:96,0
DA:97,0
DA:100,0
DA:101,0
DA:103,0
DA:104,0
DA:106,0
DA:107,0
DA:111,0
DA:113,0
DA:114,0
DA:117,0
DA:119,0
DA:120,0
DA:125,0
DA:126,0
DA:127,0
DA:128,0
DA:131,0
DA:132,0
DA:134,0
DA:135,0
DA:140,0
DA:141,0
DA:142,0
DA:143,0
DA:144,0
DA:145,0
DA:146,0
DA:147,0
DA:149,0
DA:173,0
DA:174,0
DA:175,0
DA:176,0
DA:179,0
DA:188,0
DA:189,0
DA:190,0
DA:192,0
DA:193,0
DA:223,0
DA:228,0
DA:241,0
DA:262,0
DA:263,0
DA:271,0
DA:272,0
DA:330,0
LF:95
LH:0
BRDA:44,0,0,0
BRDA:44,0,1,0
BRDA:69,1,0,0
BRDA:69,1,1,0
BRDA:75,2,0,0
BRDA:75,2,1,0
BRDA:91,3,0,0
BRDA:91,3,1,0
BRDA:100,4,0,0
BRDA:101,5,0,0
BRDA:101,5,1,0
BRDA:103,6,0,0
BRDA:103,6,1,0
BRDA:109,7,0,0
BRDA:109,7,1,0
BRDA:111,8,0,0
BRDA:111,8,1,0
BRDA:113,9,0,0
BRDA:113,9,1,0
BRDA:119,10,0,0
BRDA:119,10,1,0
BRDA:126,11,0,0
BRDA:126,11,1,0
BRDA:128,12,0,0
BRDA:128,12,1,0
BRDA:131,13,0,0
BRDA:131,13,1,0
BRDA:131,14,0,0
BRDA:131,14,1,0
BRDA:134,15,0,0
BRDA:134,15,1,0
BRDA:134,16,0,0
BRDA:134,16,1,0
BRDA:145,17,0,0
BRDA:145,17,1,0
BRDA:155,18,0,0
BRDA:155,18,1,0
BRDA:163,19,0,0
BRDA:163,19,1,0
BRDA:168,20,0,0
BRDA:168,20,1,0
BRDA:175,21,0,0
BRDA:175,21,1,0
BRDA:193,22,0,0
BRDA:193,22,1,0
BRDA:202,23,0,0
BRDA:202,23,1,0
BRDA:214,24,0,0
BRDA:214,24,1,0
BRDA:234,25,0,0
BRDA:234,25,1,0
BRDA:263,26,0,0
BRDA:263,26,1,0
BRDA:266,27,0,0
BRDA:266,27,1,0
BRDA:272,28,0,0
BRDA:272,28,1,0
BRDA:280,29,0,0
BRDA:280,29,1,0
BRDA:280,30,0,0
BRDA:280,30,1,0
BRDA:291,31,0,0
BRDA:291,31,1,0
BRDA:292,32,0,0
BRDA:292,32,1,0
BRDA:300,33,0,0
BRDA:300,33,1,0
BRDA:301,34,0,0
BRDA:301,34,1,0
BRDA:316,35,0,0
BRDA:316,35,1,0
BRDA:316,35,2,0
BRDA:316,35,3,0
BRDA:318,36,0,0
BRDA:318,36,1,0
BRF:75
BRH:0
end_of_record
TN:
SF:app/friends.tsx
FN:27,FriendsScreen
FN:43,(anonymous_1)
FN:50,(anonymous_2)
FN:59,(anonymous_3)
FN:68,(anonymous_4)
FN:73,(anonymous_5)
FN:91,(anonymous_6)
FN:103,(anonymous_7)
FN:114,(anonymous_8)
FN:124,(anonymous_9)
FN:133,(anonymous_10)
FN:146,(anonymous_11)
FN:162,(anonymous_12)
FN:165,(anonymous_13)
FN:172,(anonymous_14)
FN:189,(anonymous_15)
FN:192,(anonymous_16)
FN:203,(anonymous_17)
FN:204,(anonymous_18)
FN:217,(anonymous_19)
FN:223,(anonymous_20)
FN:235,(anonymous_21)
FN:250,(anonymous_22)
FN:261,(anonymous_23)
FN:279,(anonymous_24)
FN:282,(anonymous_25)
FN:295,(anonymous_26)
FN:305,(anonymous_27)
FNF:28
FNH:0
FNDA:0,FriendsScreen
FNDA:0,(anonymous_1)
FNDA:0,(anonymous_2)
FNDA:0,(anonymous_3)
FNDA:0,(anonymous_4)
FNDA:0,(anonymous_5)
FNDA:0,(anonymous_6)
FNDA:0,(anonymous_7)
FNDA:0,(anonymous_8)
FNDA:0,(anonymous_9)
FNDA:0,(anonymous_10)
FNDA:0,(anonymous_11)
FNDA:0,(anonymous_12)
FNDA:0,(anonymous_13)
FNDA:0,(anonymous_14)
FNDA:0,(anonymous_15)
FNDA:0,(anonymous_16)
FNDA:0,(anonymous_17)
FNDA:0,(anonymous_18)
FNDA:0,(anonymous_19)
FNDA:0,(anonymous_20)
FNDA:0,(anonymous_21)
FNDA:0,(anonymous_22)
FNDA:0,(anonymous_23)
FNDA:0,(anonymous_24)
FNDA:0,(anonymous_25)
FNDA:0,(anonymous_26)
FNDA:0,(anonymous_27)
DA:28,0
DA:29,0
DA:30,0
DA:31,0
DA:32,0
DA:33,0
DA:35,0
DA:38,0
DA:39,0
DA:40,0
DA:41,0
DA:43,0
DA:44,0
DA:45,0
DA:46,0
DA:47,0
DA:50,0
DA:51,0
DA:52,0
DA:53,0
DA:55,0
DA:59,0
DA:60,0
DA:61,0
DA:62,0
DA:64,0
DA:68,0
DA:69,0
DA:70,0
DA:73,0
DA:74,0
DA:75,0
DA:76,0
DA:77,0
DA:80,0
DA:81,0
DA:82,0
DA:83,0
DA:85,0
DA:87,0
DA:91,0
DA:92,0
DA:93,0
DA:94,0
DA:95,0
DA:96,0
DA:97,0
DA:99,0
DA:103,0
DA:104,0
DA:105,0
DA:106,0
DA:107,0
DA:108,0
DA:110,0
DA:114,0
DA:115,0
DA:116,0
DA:117,0
DA:118,0
DA:120,0
DA:124,0
DA:125,0
DA:134,0
DA:135,0
DA:136,0
DA:138,0
DA:146,0
DA:147,0
DA:162,0
DA:165,0
DA:172,0
DA:173,0
DA:189,0
DA:192,0
DA:199,0
DA:204,0
DA:217,0
DA:223,0
DA:235,0
DA:250,0
DA:261,0
DA:279,0
DA:283,0
DA:295,0
DA:305,0
DA:317,0
LF:87
LH:0
BRDA:44,0,0,0
BRDA:44,0,1,0
BRDA:45,1,0,0
BRDA:45,1,1,0
BRDA:46,2,0,0
BRDA:46,2,1,0
BRDA:75,3,0,0
BRDA:75,3,1,0
BRDA:99,4,0,0
BRDA:99,4,1,0
BRDA:148,5,0,0
BRDA:148,5,1,0
BRDA:148,6,0,0
BRDA:148,6,1,0
BRDA:162,7,0,0
BRDA:162,7,1,0
BRDA:174,8,0,0
BRDA:174,8,1,0
BRDA:174,9,0,0
BRDA:174,9,1,0
BRDA:216,10,0,0
BRDA:216,10,1,0
BRDA:219,11,0,0
BRDA:219,11,1,0
BRDA:222,12,0,0
BRDA:222,12,1,0
BRDA:225,13,0,0
BRDA:225,13,1,0
BRDA:226,14,0,0
BRDA:226,14,1,0
BRDA:226,15,0,0
BRDA:226,15,1,0
BRDA:233,16,0,0
BRDA:233,16,1,0
BRDA:234,17,0,0
BRDA:234,17,1,0
BRDA:240,18,0,0
BRDA:240,18,1,0
BRDA:253,19,0,0
BRDA:253,19,1,0
BRDA:255,20,0,0
BRDA:255,20,1,0
BRDA:274,21,0,0
BRDA:274,21,1,0
BRDA:284,22,0,0
BRDA:284,22,1,0
BRDA:284,23,0,0
BRDA:284,23,1,0
BRF:48
BRH:0
end_of_record
TN:
SF:app/index.tsx
FN:15,LoginScreen
FN:24,(anonymous_1)
FN:27,(anonymous_2)
FN:55,(anonymous_3)
FN:59,(anonymous_4)
FN:118,(anonymous_5)
FNF:6
FNH:0
FNDA:0,LoginScreen
FNDA:0,(anonymous_1)
FNDA:0,(anonymous_2)
FNDA:0,(anonymous_3)
FNDA:0,(anonymous_4)
FNDA:0,(anonymous_5)
DA:16,0
DA:17,0
DA:18,0
DA:19,0
DA:20,0
DA:21,0
DA:22,0
DA:24,0
DA:25,0
DA:27,0
DA:28,0
DA:30,0
DA:32,0
DA:34,0
DA:35,0
DA:36,0
DA:40,0
DA:41,0
DA:42,0
DA:46,0
DA:48,0
DA:49,0
DA:53,0
DA:55,0
DA:59,0
DA:60,0
DA:61,0
DA:62,0
DA:63,0
DA:64,0
DA:65,0
DA:67,0
DA:68,0
DA:72,0
DA:74,0
DA:78,0
DA:80,0
DA:83,0
DA:84,0
DA:90,0
DA:92,0
DA:94,0
DA:95,0
DA:97,0
DA:100,0
DA:105,0
DA:106,0
DA:113,0
DA:118,0
DA:162,0
LF:50
LH:0
BRDA:32,0,0,0
BRDA:32,0,1,0
BRDA:34,1,0,0
BRDA:34,1,1,0
BRDA:40,2,0,0
BRDA:40,2,1,0
BRDA:67,3,0,0
BRDA:67,3,1,0
BRDA:72,4,0,0
BRDA:72,4,1,0
BRDA:94,5,0,0
BRDA:94,5,1,0
BRDA:97,6,0,0
BRDA:97,6,1,0
BRDA:105,7,0,0
BRDA:105,7,1,0
BRDA:128,8,0,0
BRDA:128,8,1,0
BRDA:131,9,0,0
BRDA:131,9,1,0
BRDA:134,10,0,0
BRDA:134,10,1,0
BRDA:143,11,0,0
BRDA:143,11,1,0
BRDA:152,12,0,0
BRDA:152,12,1,0
BRF:26
BRH:0
end_of_record
TN:
SF:app/languages.tsx
FN:41,LanguagesApp
FN:52,(anonymous_1)
FN:56,(anonymous_2)
FN:66,(anonymous_3)
FN:71,(anonymous_4)
FN:77,(anonymous_5)
FN:79,(anonymous_6)
FN:100,(anonymous_7)
FN:116,(anonymous_8)
FN:117,(anonymous_9)
FN:120,(anonymous_10)
FN:155,(anonymous_11)
FN:193,(anonymous_12)
FN:197,(anonymous_13)
FN:220,(anonymous_14)
FN:236,(anonymous_15)
FNF:16
FNH:0
FNDA:0,LanguagesApp
FNDA:0,(anonymous_1)
FNDA:0,(anonymous_2)
FNDA:0,(anonymous_3)
FNDA:0,(anonymous_4)
FNDA:0,(anonymous_5)
FNDA:0,(anonymous_6)
FNDA:0,(anonymous_7)
FNDA:0,(anonymous_8)
FNDA:0,(anonymous_9)
FNDA:0,(anonymous_10)
FNDA:0,(anonymous_11)
FNDA:0,(anonymous_12)
FNDA:0,(anonymous_13)
FNDA:0,(anonymous_14)
FNDA:0,(anonymous_15)
DA:11,0
DA:13,0
DA:17,0
DA:21,0
DA:42,0
DA:43,0
DA:44,0
DA:45,0
DA:46,0
DA:47,0
DA:49,0
DA:50,0
DA:52,0
DA:53,0
DA:54,0
DA:55,0
DA:56,0
DA:57,0
DA:59,0
DA:61,0
DA:65,0
DA:67,0
DA:71,0
DA:72,0
DA:73,0
DA:77,0
DA:78,0
DA:79,0
DA:86,0
DA:87,0
DA:88,0
DA:91,0
DA:94,0
DA:97,0
DA:100,0
DA:101,0
DA:105,0
DA:107,0
DA:108,0
DA:110,0
DA:116,0
DA:117,0
DA:120,0
DA:121,0
DA:133,0
DA:156,0
DA:194,0
DA:197,0
DA:220,0
DA:236,0
DA:248,0
LF:51
LH:0
BRDA:55,0,0,0
BRDA:55,0,1,0
BRDA:86,1,0,0
BRDA:86,1,1,0
BRDA:87,2,0,0
BRDA:87,2,1,0
BRDA:88,3,0,0
BRDA:88,3,1,0
BRDA:91,4,0,0
BRDA:91,4,1,0
BRDA:101,5,0,0
BRDA:101,5,1,0
BRDA:101,6,0,0
BRDA:101,6,1,0
BRDA:108,7,0,0
BRDA:108,7,1,0
BRDA:112,8,0,0
BRDA:112,8,1,0
BRDA:127,9,0,0
BRDA:127,9,1,0
BRDA:152,10,0,0
BRDA:152,10,1,0
BRDA:155,11,0,0
BRDA:155,11,1,0
BRDA:157,12,0,0
BRDA:157,12,1,0
BRDA:158,13,0,0
BRDA:158,13,1,0
BRDA:164,14,0,0
BRDA:164,14,1,0
BRDA:193,15,0,0
BRDA:193,15,1,0
BRDA:201,16,0,0
BRDA:201,16,1,0
BRDA:206,17,0,0
BRDA:206,17,1,0
BRDA:214,18,0,0
BRDA:214,18,1,0
BRDA:223,19,0,0
BRDA:223,19,1,0
BRDA:229,20,0,0
BRDA:229,20,1,0
BRF:42
BRH:0
end_of_record
TN:
SF:app/messages.tsx
FN:54,MessagesScreen
FN:67,(anonymous_1)
FN:72,(anonymous_2)
FN:83,(anonymous_3)
FN:83,(anonymous_4)
FN:84,(anonymous_5)
FN:87,(anonymous_6)
FN:96,(anonymous_7)
FN:99,(anonymous_8)
FN:106,(anonymous_9)
FN:111,(anonymous_10)
FN:149,(anonymous_11)
FN:159,(anonymous_12)
FN:174,(anonymous_13)
FN:175,(anonymous_14)
FN:189,(anonymous_15)
FN:200,(anonymous_16)
FN:223,(anonymous_17)
FN:232,(anonymous_18)
FN:239,(anonymous_19)
FN:245,(anonymous_20)
FN:259,(anonymous_21)
FN:262,(anonymous_22)
FN:283,(anonymous_23)
FN:295,(anonymous_24)
FN:314,(anonymous_25)
FN:365,(anonymous_26)
FN:382,(anonymous_27)
FN:437,(anonymous_28)
FN:438,(anonymous_29)
FN:444,(anonymous_30)
FN:456,(anonymous_31)
FNF:32
FNH:0
FNDA:0,MessagesScreen
FNDA:0,(anonymous_1)
FNDA:0,(anonymous_2)
FNDA:0,(anonymous_3)
FNDA:0,(anonymous_4)
FNDA:0,(anonymous_5)
FNDA:0,(anonymous_6)
FNDA:0,(anonymous_7)
FNDA:0,(anonymous_8)
FNDA:0,(anonymous_9)
FNDA:0,(anonymous_10)
FNDA:0,(anonymous_11)
FNDA:0,(anonymous_12)
FNDA:0,(anonymous_13)
FNDA:0,(anonymous_14)
FNDA:0,(anonymous_15)
FNDA:0,(anonymous_16)
FNDA:0,(anonymous_17)
FNDA:0,(anonymous_18)
FNDA:0,(anonymous_19)
FNDA:0,(anonymous_20)
FNDA:0,(anonymous_21)
FNDA:0,(anonymous_22)
FNDA:0,(anonymous_23)
FNDA:0,(anonymous_24)
FNDA:0,(anonymous_25)
FNDA:0,(anonymous_26)
FNDA:0,(anonymous_27)
FNDA:0,(anonymous_28)
FNDA:0,(anonymous_29)
FNDA:0,(anonymous_30)
FNDA:0,(anonymous_31)
DA:27,0
DA:29,0
DA:55,0
DA:56,0
DA:57,0
DA:58,0
DA:59,0
DA:60,0
DA:61,0
DA:62,0
DA:63,0
DA:66,0
DA:68,0
DA:72,0
DA:73,0
DA:74,0
DA:75,0
DA:77,0
DA:78,0
DA:79,0
DA:82,0
DA:83,0
DA:84,0
DA:87,0
DA:89,0
DA:92,0
DA:96,0
DA:97,0
DA:98,0
DA:99,0
DA:100,0
DA:102,0
DA:106,0
DA:107,0
DA:111,0
DA:149,0
DA:151,0
DA:152,0
DA:153,0
DA:156,0
DA:158,0
DA:159,0
DA:170,0
DA:171,0
DA:173,0
DA:174,0
DA:175,0
DA:189,0
DA:190,0
DA:192,0
DA:195,0
DA:200,0
DA:201,0
DA:202,0
DA:203,0
DA:206,0
DA:208,0
DA:210,0
DA:212,0
DA:213,0
DA:216,0
DA:222,0
DA:224,0
DA:225,0
DA:231,0
DA:233,0
DA:234,0
DA:239,0
DA:240,0
DA:241,0
DA:242,0
DA:245,0
DA:246,0
DA:259,0
DA:260,0
DA:262,0
DA:263,0
DA:264,0
DA:265,0
DA:279,0
DA:281,0
DA:283,0
DA:284,0
DA:288,0
DA:295,0
DA:296,0
DA:297,0
DA:299,0
DA:301,0
DA:302,0
DA:304,0
DA:305,0
DA:306,0
DA:307,0
DA:311,0
DA:314,0
DA:366,0
DA:367,0
DA:368,0
DA:369,0
DA:370,0
DA:371,0
DA:372,0
DA:373,0
DA:374,0
DA:375,0
DA:383,0
DA:386,0
DA:430,0
DA:437,0
DA:438,0
DA:444,0
DA:456,0
DA:477,0
LF:114
LH:0
BRDA:78,0,0,0
BRDA:78,0,1,0
BRDA:110,1,0,0
BRDA:110,1,1,0
BRDA:110,2,0,0
BRDA:110,2,1,0
BRDA:115,3,0,0
BRDA:115,3,1,0
BRDA:152,4,0,0
BRDA:152,4,1,0
BRDA:159,5,0,0
BRDA:159,5,1,0
BRDA:162,6,0,0
BRDA:162,6,1,0
BRDA:166,7,0,0
BRDA:166,7,1,0
BRDA:173,8,0,0
BRDA:173,8,1,0
BRDA:185,9,0,0
BRDA:185,9,1,0
BRDA:190,10,0,0
BRDA:190,10,1,0
BRDA:201,11,0,0
BRDA:201,11,1,0
BRDA:202,12,0,0
BRDA:202,12,1,0
BRDA:224,13,0,0
BRDA:224,13,1,0
BRDA:233,14,0,0
BRDA:233,14,1,0
BRDA:252,15,0,0
BRDA:252,15,1,0
BRDA:253,16,0,0
BRDA:253,16,1,0
BRDA:264,17,0,0
BRDA:264,17,1,0
BRDA:284,18,0,0
BRDA:284,18,1,0
BRDA:299,19,0,0
BRDA:299,19,1,0
BRDA:301,20,0,0
BRDA:301,20,1,0
BRDA:302,21,0,0
BRDA:302,21,1,0
BRDA:304,22,0,0
BRDA:304,22,1,0
BRDA:306,23,0,0
BRDA:306,23,1,0
BRDA:320,24,0,0
BRDA:320,24,1,0
BRDA:321,25,0,0
BRDA:321,25,1,0
BRDA:325,26,0,0
BRDA:325,26,1,0
BRDA:329,27,0,0
BRDA:329,27,1,0
BRDA:331,28,0,0
BRDA:331,28,1,0
BRDA:334,29,0,0
BRDA:334,29,1,0
BRDA:361,30,0,0
BRDA:361,30,1,0
BRDA:361,30,2,0
BRDA:367,31,0,0
BRDA:367,31,1,0
BRDA:367,32,0,0
BRDA:367,32,1,0
BRDA:368,33,0,0
BRDA:368,33,1,0
BRDA:368,34,0,0
BRDA:368,34,1,0
BRDA:369,35,0,0
BRDA:369,35,1,0
BRDA:369,36,0,0
BRDA:369,36,1,0
BRDA:370,37,0,0
BRDA:370,37,1,0
BRDA:370,38,0,0
BRDA:370,38,1,0
BRDA:370,38,2,0
BRDA:370,38,3,0
BRDA:371,39,0,0
BRDA:371,39,1,0
BRDA:372,40,0,0
BRDA:372,40,1,0
BRDA:372,41,0,0
BRDA:372,41,1,0
BRDA:373,42,0,0
BRDA:373,42,1,0
BRDA:373,43,0,0
BRDA:373,43,1,0
BRDA:374,44,0,0
BRDA:374,44,1,0
BRDA:374,45,0,0
BRDA:374,45,1,0
BRDA:374,45,2,0
BRDA:380,46,0,0
BRDA:380,46,1,0
BRDA:381,47,0,0
BRDA:381,47,1,0
BRDA:381,47,2,0
BRDA:386,48,0,0
BRDA:386,48,1,0
BRDA:392,49,0,0
BRDA:392,49,1,0
BRDA:395,50,0,0
BRDA:395,50,1,0
BRDA:400,51,0,0
BRDA:400,51,1,0
BRDA:402,52,0,0
BRDA:402,52,1,0
BRDA:408,53,0,0
BRDA:408,53,1,0
BRDA:408,54,0,0
BRDA:408,54,1,0
BRDA:409,55,0,0
BRDA:409,55,1,0
BRDA:409,56,0,0
BRDA:409,56,1,0
BRDA:413,57,0,0
BRDA:413,57,1,0
BRDA:419,58,0,0
BRDA:419,58,1,0
BRDA:419,59,0,0
BRDA:419,59,1,0
BRDA:433,60,0,0
BRDA:433,60,1,0
BRDA:434,61,0,0
BRDA:434,61,1,0
BRF:129
BRH:0
end_of_record
TN:
SF:app/my_profile.tsx
FN:14,ProfileScreen
FN:34,(anonymous_1)
FN:54,(anonymous_2)
FN:67,(anonymous_3)
FN:80,(anonymous_4)
FN:86,(anonymous_5)
FN:104,(anonymous_6)
FN:113,(anonymous_7)
FN:137,(anonymous_8)
FN:138,(anonymous_9)
FN:144,(anonymous_10)
FN:174,(anonymous_11)
FN:180,(anonymous_12)
FN:183,(anonymous_13)
FN:195,(anonymous_14)
FN:204,(anonymous_15)
FNF:16
FNH:0
FNDA:0,ProfileScreen
FNDA:0,(anonymous_1)
FNDA:0,(anonymous_2)
FNDA:0,(anonymous_3)
FNDA:0,(anonymous_4)
FNDA:0,(anonymous_5)
FNDA:0,(anonymous_6)
FNDA:0,(anonymous_7)
FNDA:0,(anonymous_8)
FNDA:0,(anonymous_9)
FNDA:0,(anonymous_10)
FNDA:0,(anonymous_11)
FNDA:0,(anonymous_12)
FNDA:0,(anonymous_13)
FNDA:0,(anonymous_14)
FNDA:0,(anonymous_15)
DA:15,0
DA:16,0
DA:17,0
DA:18,0
DA:19,0
DA:22,0
DA:23,0
DA:24,0
DA:25,0
DA:26,0
DA:29,0
DA:30,0
DA:31,0
DA:34,0
DA:35,0
DA:37,0
DA:39,0
DA:40,0
DA:41,0
DA:42,0
DA:45,0
DA:48,0
DA:49,0
DA:50,0
DA:54,0
DA:55,0
DA:56,0
DA:57,0
DA:58,0
DA:59,0
DA:60,0
DA:63,0
DA:67,0
DA:68,0
DA:69,0
DA:70,0
DA:71,0
DA:72,0
DA:80,0
DA:81,0
DA:86,0
DA:87,0
DA:88,0
DA:89,0
DA:92,0
DA:94,0
DA:96,0
DA:97,0
DA:98,0
DA:100,0
DA:104,0
DA:105,0
DA:114,0
DA:115,0
DA:122,0
DA:137,0
DA:138,0
DA:144,0
DA:174,0
DA:181,0
DA:183,0
DA:195,0
DA:204,0
DA:240,0
LF:64
LH:0
BRDA:37,0,0,0
BRDA:37,0,1,0
BRDA:39,1,0,0
BRDA:39,1,1,0
BRDA:39,2,0,0
BRDA:39,2,1,0
BRDA:41,3,0,0
BRDA:41,3,1,0
BRDA:48,4,0,0
BRDA:48,4,1,0
BRDA:57,5,0,0
BRDA:57,5,1,0
BRDA:70,6,0,0
BRDA:70,6,1,0
BRDA:87,7,0,0
BRDA:87,7,1,0
BRDA:94,8,0,0
BRDA:94,8,1,0
BRDA:100,9,0,0
BRDA:100,9,1,0
BRDA:125,10,0,0
BRDA:125,10,1,0
BRDA:127,11,0,0
BRDA:127,11,1,0
BRDA:135,12,0,0
BRDA:135,12,1,0
BRDA:135,13,0,0
BRDA:135,13,1,0
BRDA:137,14,0,0
BRDA:137,14,1,0
BRDA:137,15,0,0
BRDA:137,15,1,0
BRDA:141,16,0,0
BRDA:141,16,1,0
BRDA:141,16,2,0
BRDA:149,17,0,0
BRDA:149,17,1,0
BRDA:153,18,0,0
BRDA:153,18,1,0
BRDA:162,19,0,0
BRDA:162,19,1,0
BRDA:172,20,0,0
BRDA:172,20,1,0
BRDA:175,21,0,0
BRDA:175,21,1,0
BRDA:184,22,0,0
BRDA:184,22,1,0
BRDA:195,23,0,0
BRDA:195,23,1,0
BRDA:195,23,2,0
BRDA:195,24,0,0
BRDA:195,24,1,0
BRDA:202,25,0,0
BRDA:202,25,1,0
BRDA:202,25,2,0
BRDA:203,26,0,0
BRDA:203,26,1,0
BRDA:215,27,0,0
BRDA:215,27,1,0
BRF:59
BRH:0
end_of_record
TN:
SF:app/notes.tsx
FN:20,NotesScreen
FN:43,(anonymous_1)
FN:56,(anonymous_2)
FN:60,(anonymous_3)
FN:65,(anonymous_4)
FN:73,(anonymous_5)
FN:94,(anonymous_6)
FN:100,(anonymous_7)
FN:106,(anonymous_8)
FN:118,(anonymous_9)
FN:133,(anonymous_10)
FN:135,(anonymous_11)
FN:149,(anonymous_12)
FN:153,(anonymous_13)
FN:154,(anonymous_14)
FN:163,(anonymous_15)
FN:166,(anonymous_16)
FN:167,(anonymous_17)
FN:192,(anonymous_18)
FN:193,(anonymous_19)
FN:199,(anonymous_20)
FN:200,(anonymous_21)
FN:217,(anonymous_22)
FN:256,(anonymous_23)
FN:265,(anonymous_24)
FNF:25
FNH:0
FNDA:0,NotesScreen
FNDA:0,(anonymous_1)
FNDA:0,(anonymous_2)
FNDA:0,(anonymous_3)
FNDA:0,(anonymous_4)
FNDA:0,(anonymous_5)
FNDA:0,(anonymous_6)
FNDA:0,(anonymous_7)
FNDA:0,(anonymous_8)
FNDA:0,(anonymous_9)
FNDA:0,(anonymous_10)
FNDA:0,(anonymous_11)
FNDA:0,(anonymous_12)
FNDA:0,(anonymous_13)
FNDA:0,(anonymous_14)
FNDA:0,(anonymous_15)
FNDA:0,(anonymous_16)
FNDA:0,(anonymous_17)
FNDA:0,(anonymous_18)
FNDA:0,(anonymous_19)
FNDA:0,(anonymous_20)
FNDA:0,(anonymous_21)
FNDA:0,(anonymous_22)
FNDA:0,(anonymous_23)
FNDA:0,(anonymous_24)
DA:21,0
DA:22,0
DA:23,0
DA:24,0
DA:25,0
DA:26,0
DA:29,0
DA:30,0
DA:31,0
DA:32,0
DA:33,0
DA:35,0
DA:36,0
DA:39,0
DA:40,0
DA:41,0
DA:43,0
DA:44,0
DA:45,0
DA:46,0
DA:47,0
DA:48,0
DA:50,0
DA:52,0
DA:56,0
DA:57,0
DA:60,0
DA:61,0
DA:62,0
DA:64,0
DA:65,0
DA:66,0
DA:69,0
DA:73,0
DA:74,0
DA:76,0
DA:77,0
DA:78,0
DA:84,0
DA:85,0
DA:86,0
DA:87,0
DA:88,0
DA:90,0
DA:94,0
DA:95,0
DA:96,0
DA:97,0
DA:100,0
DA:101,0
DA:102,0
DA:103,0
DA:106,0
DA:107,0
DA:109,0
DA:110,0
DA:112,0
DA:113,0
DA:118,0
DA:119,0
DA:121,0
DA:122,0
DA:125,0
DA:127,0
DA:128,0
DA:133,0
DA:134,0
DA:135,0
DA:136,0
DA:140,0
DA:141,0
DA:143,0
DA:144,0
DA:149,0
DA:150,0
DA:153,0
DA:155,0
DA:164,0
DA:165,0
DA:166,0
DA:167,0
DA:169,0
DA:170,0
DA:192,0
DA:193,0
DA:195,0
DA:200,0
DA:217,0
DA:257,0
DA:258,0
DA:266,0
DA:267,0
DA:319,0
LF:93
LH:0
BRDA:61,0,0,0
BRDA:61,0,1,0
BRDA:66,1,0,0
BRDA:66,1,1,0
BRDA:66,1,2,0
BRDA:74,2,0,0
BRDA:74,2,1,0
BRDA:80,3,0,0
BRDA:80,3,1,0
BRDA:97,4,0,0
BRDA:97,4,1,0
BRDA:106,5,0,0
BRDA:107,6,0,0
BRDA:107,6,1,0
BRDA:109,7,0,0
BRDA:109,7,1,0
BRDA:118,8,0,0
BRDA:118,8,1,0
BRDA:121,9,0,0
BRDA:121,9,1,0
BRDA:127,10,0,0
BRDA:127,10,1,0
BRDA:134,11,0,0
BRDA:134,11,1,0
BRDA:136,12,0,0
BRDA:136,12,1,0
BRDA:140,13,0,0
BRDA:140,13,1,0
BRDA:140,14,0,0
BRDA:140,14,1,0
BRDA:143,15,0,0
BRDA:143,15,1,0
BRDA:143,16,0,0
BRDA:143,16,1,0
BRDA:170,17,0,0
BRDA:170,17,1,0
BRDA:177,18,0,0
BRDA:177,18,1,0
BRDA:180,19,0,0
BRDA:180,19,1,0
BRDA:186,20,0,0
BRDA:186,20,1,0
BRDA:186,21,0,0
BRDA:186,21,1,0
BRDA:207,22,0,0
BRDA:207,22,1,0
BRDA:210,23,0,0
BRDA:210,23,1,0
BRDA:216,24,0,0
BRDA:216,24,1,0
BRDA:224,25,0,0
BRDA:224,25,1,0
BRDA:230,26,0,0
BRDA:230,26,1,0
BRDA:255,27,0,0
BRDA:255,27,1,0
BRDA:258,28,0,0
BRDA:258,28,1,0
BRDA:261,29,0,0
BRDA:261,29,1,0
BRDA:267,30,0,0
BRDA:267,30,1,0
BRDA:275,31,0,0
BRDA:275,31,1,0
BRDA:275,32,0,0
BRDA:275,32,1,0
BRDA:285,33,0,0
BRDA:285,33,1,0
BRDA:286,34,0,0
BRDA:286,34,1,0
BRDA:293,35,0,0
BRDA:293,35,1,0
BRDA:294,36,0,0
BRDA:294,36,1,0
BRDA:303,37,0,0
BRDA:303,37,1,0
BRDA:303,37,2,0
BRDA:303,37,3,0
BRDA:305,38,0,0
BRDA:305,38,1,0
BRF:80
BRH:0
end_of_record
TN:
SF:app/passwords.tsx
FN:13,PasswordsScreen
FN:30,(anonymous_1)
FN:45,(anonymous_2)
FN:54,(anonymous_3)
FN:60,(anonymous_4)
FN:77,(anonymous_5)
FN:85,(anonymous_6)
FN:90,(anonymous_7)
FN:100,(anonymous_8)
FN:104,(anonymous_9)
FN:112,(anonymous_10)
FN:114,(anonymous_11)
FN:120,(anonymous_12)
FN:124,(anonymous_13)
FN:127,(anonymous_14)
FN:133,(anonymous_15)
FN:134,(anonymous_16)
FN:148,(anonymous_17)
FN:160,(anonymous_18)
FN:166,(anonymous_19)
FN:185,(anonymous_20)
FN:186,(anonymous_21)
FN:204,(anonymous_22)
FN:216,(anonymous_23)
FN:218,(anonymous_24)
FN:292,(anonymous_25)
FN:299,(anonymous_26)
FNF:27
FNH:0
FNDA:0,PasswordsScreen
FNDA:0,(anonymous_1)
FNDA:0,(anonymous_2)
FNDA:0,(anonymous_3)
FNDA:0,(anonymous_4)
FNDA:0,(anonymous_5)
FNDA:0,(anonymous_6)
FNDA:0,(anonymous_7)
FNDA:0,(anonymous_8)
FNDA:0,(anonymous_9)
FNDA:0,(anonymous_10)
FNDA:0,(anonymous_11)
FNDA:0,(anonymous_12)
FNDA:0,(anonymous_13)
FNDA:0,(anonymous_14)
FNDA:0,(anonymous_15)
FNDA:0,(anonymous_16)
FNDA:0,(anonymous_17)
FNDA:0,(anonymous_18)
FNDA:0,(anonymous_19)
FNDA:0,(anonymous_20)
FNDA:0,(anonymous_21)
FNDA:0,(anonymous_22)
FNDA:0,(anonymous_23)
FNDA:0,(anonymous_24)
FNDA:0,(anonymous_25)
FNDA:0,(anonymous_26)
DA:12,0
DA:14,0
DA:16,0
DA:17,0
DA:19,0
DA:20,0
DA:21,0
DA:24,0
DA:25,0
DA:26,0
DA:27,0
DA:28,0
DA:30,0
DA:31,0
DA:32,0
DA:35,0
DA:42,0
DA:45,0
DA:46,0
DA:54,0
DA:60,0
DA:61,0
DA:62,0
DA:63,0
DA:64,0
DA:65,0
DA:66,0
DA:68,0
DA:69,0
DA:70,0
DA:71,0
DA:72,0
DA:74,0
DA:77,0
DA:78,0
DA:79,0
DA:80,0
DA:81,0
DA:82,0
DA:85,0
DA:86,0
DA:90,0
DA:91,0
DA:92,0
DA:93,0
DA:95,0
DA:97,0
DA:100,0
DA:101,0
DA:102,0
DA:103,0
DA:104,0
DA:105,0
DA:111,0
DA:112,0
DA:114,0
DA:115,0
DA:116,0
DA:119,0
DA:120,0
DA:124,0
DA:127,0
DA:128,0
DA:130,0
DA:133,0
DA:134,0
DA:149,0
DA:150,0
DA:161,0
DA:162,0
DA:167,0
DA:168,0
DA:181,0
DA:186,0
DA:204,0
DA:216,0
DA:219,0
DA:293,0
DA:299,0
DA:330,0
LF:80
LH:0
BRDA:31,0,0,0
BRDA:31,0,1,0
BRDA:31,1,0,0
BRDA:31,1,1,0
BRDA:40,2,0,0
BRDA:40,2,1,0
BRDA:61,3,0,0
BRDA:61,3,1,0
BRDA:92,4,0,0
BRDA:92,4,1,0
BRDA:102,5,0,0
BRDA:102,5,1,0
BRDA:105,6,0,0
BRDA:105,6,1,0
BRDA:115,7,0,0
BRDA:115,7,1,0
BRDA:121,8,0,0
BRDA:121,8,1,0
BRDA:138,9,0,0
BRDA:138,9,1,0
BRDA:147,10,0,0
BRDA:147,10,1,0
BRDA:157,11,0,0
BRDA:157,11,1,0
BRDA:164,12,0,0
BRDA:164,12,1,0
BRDA:194,13,0,0
BRDA:194,13,1,0
BRDA:203,14,0,0
BRDA:203,14,1,0
BRDA:211,15,0,0
BRDA:211,15,1,0
BRDA:244,16,0,0
BRDA:244,16,1,0
BRDA:246,17,0,0
BRDA:246,17,1,0
BRDA:253,18,0,0
BRDA:253,18,1,0
BRDA:263,19,0,0
BRDA:263,19,1,0
BRDA:272,20,0,0
BRDA:272,20,1,0
BRDA:282,21,0,0
BRDA:282,21,1,0
BRDA:297,22,0,0
BRDA:297,22,1,0
BRDA:297,23,0,0
BRDA:297,23,1,0
BRDA:303,24,0,0
BRDA:303,24,1,0
BRDA:305,25,0,0
BRDA:305,25,1,0
BRF:52
BRH:0
end_of_record
TN:
SF:app/settings.tsx
FN:13,SettingsScreen
FN:26,(anonymous_1)
FN:30,(anonymous_2)
FN:37,(anonymous_3)
FN:42,(anonymous_4)
FN:51,(anonymous_5)
FN:65,(anonymous_6)
FN:69,(anonymous_7)
FN:85,(anonymous_8)
FN:90,(anonymous_9)
FN:184,(anonymous_10)
FN:192,(anonymous_11)
FNF:12
FNH:0
FNDA:0,SettingsScreen
FNDA:0,(anonymous_1)
FNDA:0,(anonymous_2)
FNDA:0,(anonymous_3)
FNDA:0,(anonymous_4)
FNDA:0,(anonymous_5)
FNDA:0,(anonymous_6)
FNDA:0,(anonymous_7)
FNDA:0,(anonymous_8)
FNDA:0,(anonymous_9)
FNDA:0,(anonymous_10)
FNDA:0,(anonymous_11)
DA:14,0
DA:15,0
DA:16,0
DA:17,0
DA:20,0
DA:23,0
DA:24,0
DA:26,0
DA:27,0
DA:30,0
DA:31,0
DA:32,0
DA:33,0
DA:37,0
DA:38,0
DA:39,0
DA:42,0
DA:43,0
DA:52,0
DA:53,0
DA:54,0
DA:55,0
DA:57,0
DA:65,0
DA:66,0
DA:69,0
DA:70,0
DA:71,0
DA:72,0
DA:73,0
DA:74,0
DA:78,0
DA:85,0
DA:90,0
DA:185,0
DA:192,0
DA:252,0
LF:37
LH:0
BRDA:45,0,0,0
BRDA:45,0,1,0
BRDA:66,1,0,0
BRDA:66,1,1,0
BRDA:72,2,0,0
BRDA:72,2,1,0
BRDA:126,3,0,0
BRDA:126,3,1,0
BRDA:127,4,0,0
BRDA:127,4,1,0
BRDA:139,5,0,0
BRDA:139,5,1,0
BRDA:154,6,0,0
BRDA:154,6,1,0
BRDA:155,7,0,0
BRDA:155,7,1,0
BRDA:190,8,0,0
BRDA:190,8,1,0
BRDA:194,9,0,0
BRDA:194,9,1,0
BRF:20
BRH:0
end_of_record
TN:
SF:app/socius-friends.tsx
FN:33,SociusManagerScreen
FN:43,(anonymous_1)
FN:57,(anonymous_2)
FN:63,(anonymous_3)
FN:67,(anonymous_4)
FN:73,(anonymous_5)
FN:75,(anonymous_6)
FN:85,(anonymous_7)
FN:90,(anonymous_8)
FN:94,(anonymous_9)
FN:107,(anonymous_10)
FN:116,(anonymous_11)
FN:119,(anonymous_12)
FN:119,(anonymous_13)
FN:129,(anonymous_14)
FN:131,(anonymous_15)
FN:141,(anonymous_16)
FN:142,(anonymous_17)
FN:151,(anonymous_18)
FN:160,(anonymous_19)
FN:163,(anonymous_20)
FN:170,(anonymous_21)
FN:186,(anonymous_22)
FN:218,(anonymous_23)
FN:225,(anonymous_24)
FN:232,(anonymous_25)
FN:246,(anonymous_26)
FN:263,(anonymous_27)
FN:285,(anonymous_28)
FNF:29
FNH:0
FNDA:0,SociusManagerScreen
FNDA:0,(anonymous_1)
FNDA:0,(anonymous_2)
FNDA:0,(anonymous_3)
FNDA:0,(anonymous_4)
FNDA:0,(anonymous_5)
FNDA:0,(anonymous_6)
FNDA:0,(anonymous_7)
FNDA:0,(anonymous_8)
FNDA:0,(anonymous_9)
FNDA:0,(anonymous_10)
FNDA:0,(anonymous_11)
FNDA:0,(anonymous_12)
FNDA:0,(anonymous_13)
FNDA:0,(anonymous_14)
FNDA:0,(anonymous_15)
FNDA:0,(anonymous_16)
FNDA:0,(anonymous_17)
FNDA:0,(anonymous_18)
FNDA:0,(anonymous_19)
FNDA:0,(anonymous_20)
FNDA:0,(anonymous_21)
FNDA:0,(anonymous_22)
FNDA:0,(anonymous_23)
FNDA:0,(anonymous_24)
FNDA:0,(anonymous_25)
FNDA:0,(anonymous_26)
FNDA:0,(anonymous_27)
FNDA:0,(anonymous_28)
DA:34,0
DA:35,0
DA:36,0
DA:38,0
DA:39,0
DA:40,0
DA:41,0
DA:43,0
DA:44,0
DA:45,0
DA:46,0
DA:48,0
DA:49,0
DA:51,0
DA:52,0
DA:56,0
DA:58,0
DA:63,0
DA:64,0
DA:65,0
DA:67,0
DA:68,0
DA:69,0
DA:70,0
DA:73,0
DA:75,0
DA:76,0
DA:77,0
DA:78,0
DA:81,0
DA:85,0
DA:86,0
DA:87,0
DA:90,0
DA:91,0
DA:94,0
DA:95,0
DA:107,0
DA:108,0
DA:117,0
DA:118,0
DA:119,0
DA:121,0
DA:129,0
DA:131,0
DA:141,0
DA:142,0
DA:143,0
DA:146,0
DA:149,0
DA:150,0
DA:151,0
DA:154,0
DA:155,0
DA:160,0
DA:161,0
DA:163,0
DA:170,0
DA:171,0
DA:172,0
DA:173,0
DA:174,0
DA:177,0
DA:186,0
DA:209,0
DA:210,0
DA:217,0
DA:218,0
DA:225,0
DA:226,0
DA:227,0
DA:228,0
DA:229,0
DA:232,0
DA:233,0
DA:234,0
DA:235,0
DA:236,0
DA:237,0
DA:241,0
DA:247,0
DA:263,0
DA:285,0
DA:319,0
LF:84
LH:0
BRDA:46,0,0,0
BRDA:46,0,1,0
BRDA:65,1,0,0
BRDA:65,1,1,0
BRDA:65,1,2,0
BRDA:65,1,3,0
BRDA:68,2,0,0
BRDA:68,2,1,0
BRDA:69,3,0,0
BRDA:69,3,1,0
BRDA:76,4,0,0
BRDA:76,4,1,0
BRDA:77,5,0,0
BRDA:77,5,1,0
BRDA:121,6,0,0
BRDA:121,6,1,0
BRDA:143,7,0,0
BRDA:143,7,1,0
BRDA:172,8,0,0
BRDA:172,8,1,0
BRDA:173,9,0,0
BRDA:173,9,1,0
BRDA:183,10,0,0
BRDA:183,10,1,0
BRDA:187,11,0,0
BRDA:187,11,1,0
BRDA:198,12,0,0
BRDA:198,12,1,0
BRDA:209,13,0,0
BRDA:209,13,1,0
BRDA:233,14,0,0
BRDA:233,14,1,0
BRDA:233,14,2,0
BRDA:233,14,3,0
BRDA:260,15,0,0
BRDA:260,15,1,0
BRDA:270,16,0,0
BRDA:270,16,1,0
BRDA:292,17,0,0
BRDA:292,17,1,0
BRF:40
BRH:0
end_of_record
TN:
SF:app/workout.tsx
FN:32,WorkoutScreen
FN:54,(anonymous_1)
FN:67,(anonymous_2)
FN:82,(anonymous_3)
FN:97,(anonymous_4)
FN:106,(anonymous_5)
FN:114,(anonymous_6)
FN:122,(anonymous_7)
FN:124,(anonymous_8)
FN:128,(anonymous_9)
FN:130,(anonymous_10)
FN:133,(anonymous_11)
FN:134,(anonymous_12)
FN:137,(anonymous_13)
FN:139,(anonymous_14)
FN:140,(anonymous_15)
FN:148,(anonymous_16)
FN:151,(anonymous_17)
FN:172,(anonymous_18)
FN:173,(anonymous_19)
FN:189,(anonymous_20)
FN:199,(anonymous_21)
FN:213,(anonymous_22)
FN:272,(anonymous_23)
FN:310,(anonymous_24)
FN:363,(anonymous_25)
FN:369,(anonymous_26)
FN:381,(anonymous_27)
FN:388,(anonymous_28)
FN:461,(anonymous_29)
FNF:30
FNH:0
FNDA:0,WorkoutScreen
FNDA:0,(anonymous_1)
FNDA:0,(anonymous_2)
FNDA:0,(anonymous_3)
FNDA:0,(anonymous_4)
FNDA:0,(anonymous_5)
FNDA:0,(anonymous_6)
FNDA:0,(anonymous_7)
FNDA:0,(anonymous_8)
FNDA:0,(anonymous_9)
FNDA:0,(anonymous_10)
FNDA:0,(anonymous_11)
FNDA:0,(anonymous_12)
FNDA:0,(anonymous_13)
FNDA:0,(anonymous_14)
FNDA:0,(anonymous_15)
FNDA:0,(anonymous_16)
FNDA:0,(anonymous_17)
FNDA:0,(anonymous_18)
FNDA:0,(anonymous_19)
FNDA:0,(anonymous_20)
FNDA:0,(anonymous_21)
FNDA:0,(anonymous_22)
FNDA:0,(anonymous_23)
FNDA:0,(anonymous_24)
FNDA:0,(anonymous_25)
FNDA:0,(anonymous_26)
FNDA:0,(anonymous_27)
FNDA:0,(anonymous_28)
FNDA:0,(anonymous_29)
DA:24,0
DA:33,0
DA:34,0
DA:36,0
DA:39,0
DA:40,0
DA:43,0
DA:44,0
DA:45,0
DA:46,0
DA:47,0
DA:49,0
DA:50,0
DA:51,0
DA:54,0
DA:55,0
DA:56,0
DA:57,0
DA:58,0
DA:59,0
DA:60,0
DA:61,0
DA:63,0
DA:67,0
DA:68,0
DA:70,0
DA:78,0
DA:79,0
DA:82,0
DA:83,0
DA:84,0
DA:85,0
DA:88,0
DA:91,0
DA:92,0
DA:93,0
DA:94,0
DA:97,0
DA:98,0
DA:106,0
DA:114,0
DA:115,0
DA:117,0
DA:118,0
DA:119,0
DA:122,0
DA:123,0
DA:124,0
DA:125,0
DA:128,0
DA:129,0
DA:130,0
DA:133,0
DA:134,0
DA:137,0
DA:138,0
DA:139,0
DA:140,0
DA:141,0
DA:144,0
DA:148,0
DA:149,0
DA:151,0
DA:168,0
DA:173,0
DA:189,0
DA:200,0
DA:201,0
DA:214,0
DA:215,0
DA:273,0
DA:274,0
DA:275,0
DA:277,0
DA:310,0
DA:363,0
DA:369,0
DA:382,0
DA:388,0
DA:461,0
DA:480,0
LF:81
LH:0
BRDA:55,0,0,0
BRDA:55,0,1,0
BRDA:56,1,0,0
BRDA:56,1,1,0
BRDA:57,2,0,0
BRDA:57,2,1,0
BRDA:58,3,0,0
BRDA:58,3,1,0
BRDA:59,4,0,0
BRDA:59,4,1,0
BRDA:60,5,0,0
BRDA:60,5,1,0
BRDA:61,6,0,0
BRDA:61,6,1,0
BRDA:61,7,0,0
BRDA:61,7,1,0
BRDA:68,8,0,0
BRDA:68,8,1,0
BRDA:68,9,0,0
BRDA:68,9,1,0
BRDA:68,9,2,0
BRDA:83,10,0,0
BRDA:83,10,1,0
BRDA:83,11,0,0
BRDA:83,11,1,0
BRDA:88,12,0,0
BRDA:88,12,1,0
BRDA:115,13,0,0
BRDA:115,13,1,0
BRDA:117,14,0,0
BRDA:117,14,1,0
BRDA:123,15,0,0
BRDA:123,15,1,0
BRDA:123,16,0,0
BRDA:123,16,1,0
BRDA:124,17,0,0
BRDA:124,17,1,0
BRDA:138,18,0,0
BRDA:138,18,1,0
BRDA:159,19,0,0
BRDA:159,19,1,0
BRDA:182,20,0,0
BRDA:182,20,1,0
BRDA:186,21,0,0
BRDA:186,21,1,0
BRDA:189,22,0,0
BRDA:189,22,1,0
BRDA:200,23,0,0
BRDA:200,23,1,0
BRDA:214,24,0,0
BRDA:214,24,1,0
BRDA:231,25,0,0
BRDA:231,25,1,0
BRDA:254,26,0,0
BRDA:254,26,1,0
BRDA:267,27,0,0
BRDA:267,27,1,0
BRDA:274,28,0,0
BRDA:274,28,1,0
BRDA:279,29,0,0
BRDA:279,29,1,0
BRDA:280,30,0,0
BRDA:280,30,1,0
BRDA:281,31,0,0
BRDA:281,31,1,0
BRDA:282,32,0,0
BRDA:282,32,1,0
BRDA:282,33,0,0
BRDA:282,33,1,0
BRDA:300,34,0,0
BRDA:300,34,1,0
BRDA:302,35,0,0
BRDA:302,35,1,0
BRDA:362,36,0,0
BRDA:362,36,1,0
BRDA:365,37,0,0
BRDA:365,37,1,0
BRDA:368,38,0,0
BRDA:368,38,1,0
BRDA:371,39,0,0
BRDA:371,39,1,0
BRDA:386,40,0,0
BRDA:386,40,1,0
BRDA:391,41,0,0
BRDA:391,41,1,0
BRDA:393,42,0,0
BRDA:393,42,1,0
BRDA:398,43,0,0
BRDA:398,43,1,0
BRDA:419,44,0,0
BRDA:419,44,1,0
BRDA:419,45,0,0
BRDA:419,45,1,0
BRDA:521,46,0,0
BRDA:521,46,1,0
BRF:95
BRH:0
end_of_record
TN:
SF:app/chat/[id].tsx
FN:8,ChatScreen
FN:37,(anonymous_1)
FN:63,(anonymous_2)
FN:65,(anonymous_3)
FNF:4
FNH:0
FNDA:0,ChatScreen
FNDA:0,(anonymous_1)
FNDA:0,(anonymous_2)
FNDA:0,(anonymous_3)
DA:9,0
DA:10,0
DA:11,0
DA:19,0
DA:22,0
DA:24,0
DA:25,0
DA:29,0
DA:30,0
DA:31,0
DA:32,0
DA:37,0
DA:39,0
DA:40,0
DA:41,0
DA:42,0
DA:43,0
DA:47,0
DA:55,0
DA:56,0
DA:58,0
DA:64,0
DA:65,0
LF:23
LH:0
BRDA:24,0,0,0
BRDA:24,0,1,0
BRDA:25,1,0,0
BRDA:25,1,1,0
BRDA:29,2,0,0
BRDA:29,2,1,0
BRDA:29,3,0,0
BRDA:29,3,1,0
BRDA:31,4,0,0
BRDA:31,4,1,0
BRDA:39,5,0,0
BRDA:39,5,1,0
BRDA:39,6,0,0
BRDA:39,6,1,0
BRDA:40,7,0,0
BRDA:40,7,1,0
BRDA:40,8,0,0
BRDA:40,8,1,0
BRDA:40,9,0,0
BRDA:40,9,1,0
BRDA:41,10,0,0
BRDA:41,10,1,0
BRDA:41,11,0,0
BRDA:41,11,1,0
BRDA:42,12,0,0
BRDA:42,12,1,0
BRDA:42,13,0,0
BRDA:42,13,1,0
BRDA:56,14,0,0
BRDA:56,14,1,0
BRDA:62,15,0,0
BRDA:62,15,1,0
BRDA:63,16,0,0
BRDA:63,16,1,0
BRDA:63,17,0,0
BRDA:63,17,1,0
BRDA:93,18,0,0
BRDA:93,18,1,0
BRDA:101,19,0,0
BRDA:101,19,1,0
BRF:40
BRH:0
end_of_record
TN:
SF:app/chat/index.tsx
FN:5,SociusChatScreen
FNF:1
FNH:0
FNDA:0,SociusChatScreen
DA:6,0
DA:11,0
DA:13,0
LF:3
LH:0
BRDA:11,0,0,0
BRDA:11,0,1,0
BRF:2
BRH:0
end_of_record
TN:
SF:app/onboarding/index.tsx
FN:21,OnboardingScreen
FN:29,(anonymous_1)
FN:30,(anonymous_2)
FN:34,(anonymous_3)
FN:40,(anonymous_4)
FN:53,(anonymous_5)
FN:59,(anonymous_6)
FN:107,(anonymous_7)
FN:113,(anonymous_8)
FNF:9
FNH:0
FNDA:0,OnboardingScreen
FNDA:0,(anonymous_1)
FNDA:0,(anonymous_2)
FNDA:0,(anonymous_3)
FNDA:0,(anonymous_4)
FNDA:0,(anonymous_5)
FNDA:0,(anonymous_6)
FNDA:0,(anonymous_7)
FNDA:0,(anonymous_8)
DA:12,0
DA:14,0
DA:16,0
DA:22,0
DA:23,0
DA:24,0
DA:25,0
DA:26,0
DA:29,0
DA:30,0
DA:31,0
DA:32,0
DA:34,0
DA:35,0
DA:40,0
DA:41,0
DA:43,0
DA:45,0
DA:46,0
DA:47,0
DA:48,0
DA:49,0
DA:53,0
DA:54,0
DA:55,0
DA:56,0
DA:59,0
DA:60,0
DA:61,0
DA:78,0
DA:107,0
DA:114,0
DA:141,0
LF:33
LH:0
BRDA:31,0,0,0
BRDA:31,0,1,0
BRDA:45,1,0,0
BRDA:45,1,1,0
BRDA:45,2,0,0
BRDA:45,2,1,0
BRDA:45,2,2,0
BRDA:66,3,0,0
BRDA:66,3,1,0
BRDA:67,4,0,0
BRDA:67,4,1,0
BRDA:68,5,0,0
BRDA:68,5,1,0
BRDA:69,6,0,0
BRDA:69,6,1,0
BRDA:132,7,0,0
BRDA:132,7,1,0
BRF:17
BRH:0
end_of_record
TN:
SF:app/socius-setup/index.tsx
FN:67,SociusSetupScreen
FN:94,(anonymous_1)
FN:95,(anonymous_2)
FN:99,(anonymous_3)
FN:108,(anonymous_4)
FN:110,(anonymous_5)
FN:124,(anonymous_6)
FN:136,(anonymous_7)
FN:137,(anonymous_8)
FN:138,(anonymous_9)
FN:141,(anonymous_10)
FN:142,(anonymous_11)
FN:145,(anonymous_12)
FN:157,(anonymous_13)
FN:169,(anonymous_14)
FN:189,(anonymous_15)
FN:201,(anonymous_16)
FN:205,(anonymous_17)
FN:215,(anonymous_18)
FN:234,(anonymous_19)
FN:235,(anonymous_20)
FN:236,(anonymous_21)
FN:259,(anonymous_22)
FN:269,(anonymous_23)
FN:283,(anonymous_24)
FN:301,(anonymous_25)
FN:309,(anonymous_26)
FN:343,(anonymous_27)
FN:356,(anonymous_28)
FN:360,(anonymous_29)
FN:370,(anonymous_30)
FN:390,(anonymous_31)
FN:394,(anonymous_32)
FN:407,(anonymous_33)
FN:422,(anonymous_34)
FNF:35
FNH:0
FNDA:0,SociusSetupScreen
FNDA:0,(anonymous_1)
FNDA:0,(anonymous_2)
FNDA:0,(anonymous_3)
FNDA:0,(anonymous_4)
FNDA:0,(anonymous_5)
FNDA:0,(anonymous_6)
FNDA:0,(anonymous_7)
FNDA:0,(anonymous_8)
FNDA:0,(anonymous_9)
FNDA:0,(anonymous_10)
FNDA:0,(anonymous_11)
FNDA:0,(anonymous_12)
FNDA:0,(anonymous_13)
FNDA:0,(anonymous_14)
FNDA:0,(anonymous_15)
FNDA:0,(anonymous_16)
FNDA:0,(anonymous_17)
FNDA:0,(anonymous_18)
FNDA:0,(anonymous_19)
FNDA:0,(anonymous_20)
FNDA:0,(anonymous_21)
FNDA:0,(anonymous_22)
FNDA:0,(anonymous_23)
FNDA:0,(anonymous_24)
FNDA:0,(anonymous_25)
FNDA:0,(anonymous_26)
FNDA:0,(anonymous_27)
FNDA:0,(anonymous_28)
FNDA:0,(anonymous_29)
FNDA:0,(anonymous_30)
FNDA:0,(anonymous_31)
FNDA:0,(anonymous_32)
FNDA:0,(anonymous_33)
FNDA:0,(anonymous_34)
DA:26,0
DA:41,0
DA:52,0
DA:57,0
DA:68,0
DA:69,0
DA:71,0
DA:73,0
DA:74,0
DA:75,0
DA:78,0
DA:79,0
DA:80,0
DA:88,0
DA:89,0
DA:90,0
DA:91,0
DA:92,0
DA:94,0
DA:95,0
DA:96,0
DA:97,0
DA:98,0
DA:99,0
DA:100,0
DA:105,0
DA:108,0
DA:109,0
DA:110,0
DA:111,0
DA:113,0
DA:115,0
DA:117,0
DA:122,0
DA:124,0
DA:125,0
DA:127,0
DA:130,0
DA:131,0
DA:133,0
DA:136,0
DA:137,0
DA:138,0
DA:141,0
DA:142,0
DA:145,0
DA:146,0
DA:147,0
DA:148,0
DA:150,0
DA:151,0
DA:152,0
DA:153,0
DA:154,0
DA:157,0
DA:158,0
DA:159,0
DA:160,0
DA:161,0
DA:162,0
DA:164,0
DA:165,0
DA:166,0
DA:169,0
DA:170,0
DA:171,0
DA:172,0
DA:180,0
DA:182,0
DA:183,0
DA:185,0
DA:189,0
DA:190,0
DA:201,0
DA:202,0
DA:206,0
DA:215,0
DA:234,0
DA:235,0
DA:236,0
DA:237,0
DA:238,0
DA:239,0
DA:241,0
DA:245,0
DA:260,0
DA:269,0
DA:283,0
DA:284,0
DA:301,0
DA:309,0
DA:310,0
DA:344,0
DA:345,0
DA:356,0
DA:357,0
DA:361,0
DA:370,0
DA:390,0
DA:391,0
DA:395,0
DA:407,0
DA:422,0
DA:423,0
DA:424,0
DA:425,0
DA:426,0
DA:427,0
DA:430,0
DA:468,0
LF:110
LH:0
BRDA:71,0,0,0
BRDA:71,0,1,0
BRDA:78,1,0,0
BRDA:78,1,1,0
BRDA:78,2,0,0
BRDA:78,2,1,0
BRDA:81,3,0,0
BRDA:81,3,1,0
BRDA:98,4,0,0
BRDA:98,4,1,0
BRDA:111,5,0,0
BRDA:111,5,1,0
BRDA:113,6,0,0
BRDA:113,6,1,0
BRDA:113,6,2,0
BRDA:125,7,0,0
BRDA:125,7,1,0
BRDA:130,8,0,0
BRDA:130,8,1,0
BRDA:131,9,0,0
BRDA:131,9,1,0
BRDA:146,10,0,0
BRDA:146,10,1,0
BRDA:147,11,0,0
BRDA:147,11,1,0
BRDA:150,12,0,0
BRDA:150,12,1,0
BRDA:151,13,0,0
BRDA:151,13,1,0
BRDA:152,14,0,0
BRDA:152,14,1,0
BRDA:153,15,0,0
BRDA:153,15,1,0
BRDA:154,16,0,0
BRDA:154,16,1,0
BRDA:158,17,0,0
BRDA:158,17,1,0
BRDA:159,18,0,0
BRDA:159,18,1,0
BRDA:160,19,0,0
BRDA:160,19,1,0
BRDA:161,20,0,0
BRDA:161,20,1,0
BRDA:164,21,0,0
BRDA:164,21,1,0
BRDA:165,22,0,0
BRDA:165,22,1,0
BRDA:166,23,0,0
BRDA:166,23,1,0
BRDA:183,24,0,0
BRDA:183,24,1,0
BRDA:190,25,0,0
BRDA:190,25,1,0
BRDA:211,26,0,0
BRDA:211,26,1,0
BRDA:212,27,0,0
BRDA:212,27,1,0
BRDA:220,28,0,0
BRDA:220,28,1,0
BRDA:224,29,0,0
BRDA:224,29,1,0
BRDA:238,30,0,0
BRDA:238,30,1,0
BRDA:249,31,0,0
BRDA:249,31,1,0
BRDA:253,32,0,0
BRDA:253,32,1,0
BRDA:258,33,0,0
BRDA:258,33,1,0
BRDA:265,34,0,0
BRDA:265,34,1,0
BRDA:266,35,0,0
BRDA:266,35,1,0
BRDA:292,36,0,0
BRDA:292,36,1,0
BRDA:366,37,0,0
BRDA:366,37,1,0
BRDA:374,38,0,0
BRDA:374,38,1,0
BRDA:380,39,0,0
BRDA:380,39,1,0
BRDA:400,40,0,0
BRDA:400,40,1,0
BRDA:411,41,0,0
BRDA:411,41,1,0
BRDA:423,42,0,0
BRDA:423,42,1,0
BRDA:424,43,0,0
BRDA:424,43,1,0
BRDA:425,44,0,0
BRDA:425,44,1,0
BRDA:426,45,0,0
BRDA:426,45,1,0
BRDA:435,46,0,0
BRDA:435,46,1,0
BRDA:437,47,0,0
BRDA:437,47,1,0
BRDA:439,48,0,0
BRDA:439,48,1,0
BRDA:440,49,0,0
BRDA:440,49,1,0
BRDA:441,50,0,0
BRDA:441,50,1,0
BRDA:442,51,0,0
BRDA:442,51,1,0
BRDA:443,52,0,0
BRDA:443,52,1,0
BRDA:444,53,0,0
BRDA:444,53,1,0
BRDA:452,54,0,0
BRDA:452,54,1,0
BRDA:453,55,0,0
BRDA:453,55,1,0
BRDA:457,56,0,0
BRDA:457,56,1,0
BRDA:460,57,0,0
BRDA:460,57,1,0
BRDA:460,58,0,0
BRDA:460,58,1,0
BRF:119
BRH:0
end_of_record
TN:
SF:components/features/bible/BibleBookmarksModal.tsx
FN:26,BibleBookmarksModal
FN:59,(anonymous_1)
FN:61,(anonymous_2)
FN:64,(anonymous_3)
FN:72,(anonymous_4)
FNF:5
FNH:0
FNDA:0,BibleBookmarksModal
FNDA:0,(anonymous_1)
FNDA:0,(anonymous_2)
FNDA:0,(anonymous_3)
FNDA:0,(anonymous_4)
DA:33,0
DA:34,0
DA:36,0
DA:59,0
DA:62,0
DA:64,0
DA:72,0
DA:84,0
LF:8
LH:0
BRDA:51,0,0,0
BRDA:51,0,1,0
BRF:2
BRH:0
end_of_record
TN:
SF:components/features/bible/BibleSettingsModal.tsx
FN:19,BibleSettingsModal
FN:54,(anonymous_1)
FN:65,(anonymous_2)
FN:75,(anonymous_3)
FN:90,(anonymous_4)
FN:103,(anonymous_5)
FNF:6
FNH:0
FNDA:0,BibleSettingsModal
FNDA:0,(anonymous_1)
FNDA:0,(anonymous_2)
FNDA:0,(anonymous_3)
FNDA:0,(anonymous_4)
FNDA:0,(anonymous_5)
DA:29,0
DA:30,0
DA:32,0
DA:54,0
DA:65,0
DA:76,0
DA:77,0
DA:91,0
DA:104,0
DA:129,0
LF:10
LH:0
BRDA:41,0,0,0
BRDA:41,0,1,0
BRDA:50,1,0,0
BRDA:50,1,1,0
BRDA:53,2,0,0
BRDA:53,2,1,0
BRDA:64,3,0,0
BRDA:64,3,1,0
BRDA:88,4,0,0
BRDA:88,4,1,0
BRDA:97,5,0,0
BRDA:97,5,1,0
BRDA:98,6,0,0
BRDA:98,6,1,0
BRDA:101,7,0,0
BRDA:101,7,1,0
BRDA:111,8,0,0
BRDA:111,8,1,0
BRDA:113,9,0,0
BRDA:113,9,1,0
BRDA:115,10,0,0
BRDA:115,10,1,0
BRF:22
BRH:0
end_of_record
TN:
SF:components/features/chat/AppSpecificChatHead.tsx
FN:45,AppSpecificChatHead
FN:61,(anonymous_1)
FN:68,(anonymous_2)
FN:85,(anonymous_3)
FN:95,(anonymous_4)
FN:96,(anonymous_5)
FN:119,(anonymous_6)
FN:120,(anonymous_7)
FN:121,(anonymous_8)
FN:127,(anonymous_9)
FN:136,(anonymous_10)
FN:189,(anonymous_11)
FN:207,(anonymous_12)
FN:212,(anonymous_13)
FN:217,(anonymous_14)
FN:258,(anonymous_15)
FN:263,(anonymous_16)
FN:289,(anonymous_17)
FNF:18
FNH:0
FNDA:0,AppSpecificChatHead
FNDA:0,(anonymous_1)
FNDA:0,(anonymous_2)
FNDA:0,(anonymous_3)
FNDA:0,(anonymous_4)
FNDA:0,(anonymous_5)
FNDA:0,(anonymous_6)
FNDA:0,(anonymous_7)
FNDA:0,(anonymous_8)
FNDA:0,(anonymous_9)
FNDA:0,(anonymous_10)
FNDA:0,(anonymous_11)
FNDA:0,(anonymous_12)
FNDA:0,(anonymous_13)
FNDA:0,(anonymous_14)
FNDA:0,(anonymous_15)
FNDA:0,(anonymous_16)
FNDA:0,(anonymous_17)
DA:21,0
DA:22,0
DA:23,0
DA:26,0
DA:46,0
DA:47,0
DA:48,0
DA:49,0
DA:50,0
DA:53,0
DA:54,0
DA:55,0
DA:56,0
DA:61,0
DA:62,0
DA:64,0
DA:65,0
DA:68,0
DA:69,0
DA:70,0
DA:72,0
DA:75,0
DA:76,0
DA:79,0
DA:84,0
DA:86,0
DA:95,0
DA:96,0
DA:97,0
DA:98,0
DA:99,0
DA:100,0
DA:101,0
DA:103,0
DA:104,0
DA:105,0
DA:108,0
DA:109,0
DA:111,0
DA:113,0
DA:117,0
DA:119,0
DA:120,0
DA:124,0
DA:125,0
DA:128,0
DA:129,0
DA:131,0
DA:137,0
DA:139,0
DA:140,0
DA:141,0
DA:146,0
DA:148,0
DA:150,0
DA:151,0
DA:154,0
DA:155,0
DA:159,0
DA:160,0
DA:162,0
DA:165,0
DA:168,0
DA:176,0
DA:177,0
DA:182,0
DA:184,0
DA:189,0
DA:190,0
DA:191,0
DA:192,0
DA:203,0
DA:207,0
DA:208,0
DA:209,0
DA:212,0
DA:213,0
DA:214,0
DA:217,0
DA:218,0
DA:219,0
DA:222,0
DA:224,0
DA:226,0
DA:258,0
DA:263,0
DA:289,0
DA:302,0
LF:88
LH:0
BRDA:65,0,0,0
BRDA:65,0,1,0
BRDA:69,1,0,0
BRDA:69,1,1,0
BRDA:70,2,0,0
BRDA:70,2,1,0
BRDA:75,3,0,0
BRDA:75,3,1,0
BRDA:76,4,0,0
BRDA:76,4,1,0
BRDA:99,5,0,0
BRDA:99,5,1,0
BRDA:128,6,0,0
BRDA:128,6,1,0
BRDA:128,7,0,0
BRDA:128,7,1,0
BRDA:139,8,0,0
BRDA:139,8,1,0
BRDA:154,9,0,0
BRDA:154,9,1,0
BRDA:155,10,0,0
BRDA:155,10,1,0
BRDA:160,11,0,0
BRDA:160,11,1,0
BRDA:191,12,0,0
BRDA:191,12,1,0
BRDA:214,13,0,0
BRDA:214,13,1,0
BRDA:214,13,2,0
BRDA:219,14,0,0
BRDA:219,14,1,0
BRDA:222,15,0,0
BRDA:222,15,1,0
BRDA:237,16,0,0
BRDA:237,16,1,0
BRDA:239,17,0,0
BRDA:239,17,1,0
BRDA:283,18,0,0
BRDA:283,18,1,0
BRDA:292,19,0,0
BRDA:292,19,1,0
BRF:41
BRH:0
end_of_record
TN:
SF:components/features/chat/ChatHead.tsx
FN:11,ChatHead
FN:23,(anonymous_1)
FN:27,(anonymous_2)
FN:35,(anonymous_3)
FN:36,(anonymous_4)
FN:59,(anonymous_5)
FN:60,(anonymous_6)
FN:61,(anonymous_7)
FN:62,(anonymous_8)
FN:67,(anonymous_9)
FN:77,(anonymous_10)
FNF:11
FNH:0
FNDA:0,ChatHead
FNDA:0,(anonymous_1)
FNDA:0,(anonymous_2)
FNDA:0,(anonymous_3)
FNDA:0,(anonymous_4)
FNDA:0,(anonymous_5)
FNDA:0,(anonymous_6)
FNDA:0,(anonymous_7)
FNDA:0,(anonymous_8)
FNDA:0,(anonymous_9)
FNDA:0,(anonymous_10)
DA:9,0
DA:12,0
DA:13,0
DA:14,0
DA:15,0
DA:16,0
DA:17,0
DA:18,0
DA:19,0
DA:20,0
DA:23,0
DA:24,0
DA:27,0
DA:28,0
DA:29,0
DA:30,0
DA:31,0
DA:32,0
DA:35,0
DA:36,0
DA:38,0
DA:39,0
DA:40,0
DA:41,0
DA:42,0
DA:43,0
DA:45,0
DA:46,0
DA:49,0
DA:50,0
DA:52,0
DA:54,0
DA:57,0
DA:59,0
DA:60,0
DA:62,0
DA:63,0
DA:64,0
DA:69,0
DA:70,0
DA:72,0
DA:78,0
DA:86,0
DA:87,0
DA:89,0
DA:90,0
DA:93,0
DA:94,0
DA:96,0
DA:97,0
DA:98,0
DA:99,0
DA:102,0
DA:103,0
DA:110,0
DA:111,0
DA:112,0
DA:115,0
DA:116,0
DA:120,0
DA:125,0
DA:128,0
DA:130,0
DA:159,0
LF:64
LH:0
BRDA:29,0,0,0
BRDA:29,0,1,0
BRDA:30,1,0,0
BRDA:30,1,1,0
BRDA:31,2,0,0
BRDA:31,2,1,0
BRDA:40,3,0,0
BRDA:40,3,1,0
BRDA:69,4,0,0
BRDA:69,4,1,0
BRDA:69,5,0,0
BRDA:69,5,1,0
BRDA:96,6,0,0
BRDA:96,6,1,0
BRDA:97,7,0,0
BRDA:97,7,1,0
BRDA:98,8,0,0
BRDA:98,8,1,0
BRDA:99,9,0,0
BRDA:99,9,1,0
BRDA:102,10,0,0
BRDA:102,10,1,0
BRDA:102,11,0,0
BRDA:102,11,1,0
BRDA:110,12,0,0
BRDA:110,12,1,0
BRDA:125,13,0,0
BRDA:125,13,1,0
BRDA:128,14,0,0
BRDA:128,14,1,0
BRDA:128,14,2,0
BRDA:137,15,0,0
BRDA:137,15,1,0
BRDA:139,16,0,0
BRDA:139,16,1,0
BRDA:144,17,0,0
BRDA:144,17,1,0
BRDA:147,18,0,0
BRDA:147,18,1,0
BRDA:150,19,0,0
BRDA:150,19,1,0
BRF:41
BRH:0
end_of_record
TN:
SF:components/features/chat/ChatInterface.tsx
FN:15,(anonymous_0)
FN:40,ChatInterface
FN:52,(anonymous_2)
FN:56,(anonymous_3)
FN:57,(anonymous_4)
FN:59,(anonymous_5)
FN:71,(anonymous_6)
FN:76,(anonymous_7)
FN:92,(anonymous_8)
FN:150,(anonymous_9)
FN:171,(anonymous_10)
FN:188,(anonymous_11)
FN:262,(anonymous_12)
FN:271,(anonymous_13)
FN:319,(anonymous_14)
FN:335,(anonymous_15)
FNF:16
FNH:0
FNDA:0,(anonymous_0)
FNDA:0,ChatInterface
FNDA:0,(anonymous_2)
FNDA:0,(anonymous_3)
FNDA:0,(anonymous_4)
FNDA:0,(anonymous_5)
FNDA:0,(anonymous_6)
FNDA:0,(anonymous_7)
FNDA:0,(anonymous_8)
FNDA:0,(anonymous_9)
FNDA:0,(anonymous_10)
FNDA:0,(anonymous_11)
FNDA:0,(anonymous_12)
FNDA:0,(anonymous_13)
FNDA:0,(anonymous_14)
FNDA:0,(anonymous_15)
DA:15,0
DA:16,0
DA:17,0
DA:41,0
DA:42,0
DA:43,0
DA:46,0
DA:49,0
DA:50,0
DA:52,0
DA:53,0
DA:54,0
DA:56,0
DA:57,0
DA:59,0
DA:60,0
DA:61,0
DA:71,0
DA:72,0
DA:76,0
DA:77,0
DA:92,0
DA:94,0
DA:95,0
DA:98,0
DA:99,0
DA:101,0
DA:102,0
DA:103,0
DA:105,0
DA:106,0
DA:107,0
DA:108,0
DA:109,0
DA:112,0
DA:113,0
DA:114,0
DA:115,0
DA:117,0
DA:126,0
DA:127,0
DA:128,0
DA:129,0
DA:133,0
DA:150,0
DA:151,0
DA:172,0
DA:173,0
DA:188,0
DA:189,0
DA:197,0
DA:212,0
DA:213,0
DA:214,0
DA:215,0
DA:216,0
DA:217,0
DA:219,0
DA:222,0
DA:225,0
DA:262,0
DA:272,0
DA:275,0
DA:276,0
DA:277,0
DA:278,0
DA:279,0
DA:280,0
DA:282,0
DA:285,0
DA:320,0
DA:321,0
DA:322,0
DA:323,0
DA:336,0
DA:344,0
LF:76
LH:0
BRDA:40,0,0,0
BRDA:40,1,0,0
BRDA:40,2,0,0
BRDA:40,3,0,0
BRDA:53,4,0,0
BRDA:53,4,1,0
BRDA:54,5,0,0
BRDA:54,5,1,0
BRDA:94,6,0,0
BRDA:94,6,1,0
BRDA:95,7,0,0
BRDA:95,7,1,0
BRDA:98,8,0,0
BRDA:98,8,1,0
BRDA:99,9,0,0
BRDA:99,9,1,0
BRDA:106,10,0,0
BRDA:106,10,1,0
BRDA:107,11,0,0
BRDA:107,11,1,0
BRDA:108,12,0,0
BRDA:108,12,1,0
BRDA:109,13,0,0
BRDA:109,13,1,0
BRDA:112,14,0,0
BRDA:112,14,1,0
BRDA:126,15,0,0
BRDA:126,15,1,0
BRDA:126,16,0,0
BRDA:126,16,1,0
BRDA:128,17,0,0
BRDA:128,17,1,0
BRDA:155,18,0,0
BRDA:155,18,1,0
BRDA:156,19,0,0
BRDA:156,19,1,0
BRDA:158,20,0,0
BRDA:158,20,1,0
BRDA:158,21,0,0
BRDA:158,21,1,0
BRDA:170,22,0,0
BRDA:170,22,1,0
BRDA:170,23,0,0
BRDA:170,23,1,0
BRDA:172,24,0,0
BRDA:172,24,1,0
BRDA:181,25,0,0
BRDA:181,25,1,0
BRDA:183,26,0,0
BRDA:183,26,1,0
BRDA:183,27,0,0
BRDA:183,27,1,0
BRDA:189,28,0,0
BRDA:189,28,1,0
BRDA:212,29,0,0
BRDA:212,29,1,0
BRDA:212,30,0,0
BRDA:212,30,1,0
BRDA:214,31,0,0
BRDA:214,31,1,0
BRDA:214,32,0,0
BRDA:214,32,1,0
BRDA:216,33,0,0
BRDA:216,33,1,0
BRDA:216,34,0,0
BRDA:216,34,1,0
BRDA:228,35,0,0
BRDA:228,35,1,0
BRDA:229,36,0,0
BRDA:229,36,1,0
BRDA:229,37,0,0
BRDA:229,37,1,0
BRDA:235,38,0,0
BRDA:235,38,1,0
BRDA:237,39,0,0
BRDA:237,39,1,0
BRDA:239,40,0,0
BRDA:239,40,1,0
BRDA:249,41,0,0
BRDA:249,41,1,0
BRDA:249,42,0,0
BRDA:249,42,1,0
BRDA:272,43,0,0
BRDA:272,43,1,0
BRDA:275,44,0,0
BRDA:275,44,1,0
BRDA:275,45,0,0
BRDA:275,45,1,0
BRDA:277,46,0,0
BRDA:277,46,1,0
BRDA:277,47,0,0
BRDA:277,47,1,0
BRDA:279,48,0,0
BRDA:279,48,1,0
BRDA:279,49,0,0
BRDA:279,49,1,0
BRDA:310,50,0,0
BRDA:310,50,1,0
BRDA:310,51,0,0
BRDA:310,51,1,0
BRDA:311,52,0,0
BRDA:311,52,1,0
BRDA:313,53,0,0
BRDA:313,53,1,0
BRDA:313,54,0,0
BRDA:313,54,1,0
BRDA:314,55,0,0
BRDA:314,55,1,0
BRDA:314,56,0,0
BRDA:314,56,1,0
BRDA:315,57,0,0
BRDA:315,57,1,0
BRDA:316,58,0,0
BRDA:316,58,1,0
BRDA:320,59,0,0
BRDA:320,59,1,0
BRDA:323,60,0,0
BRDA:323,60,1,0
BRDA:323,61,0,0
BRDA:323,61,1,0
BRF:120
BRH:0
end_of_record
TN:
SF:components/features/chat/MessageWidgets.tsx
FN:8,(anonymous_0)
FNF:1
FNH:0
FNDA:0,(anonymous_0)
DA:8,0
DA:9,0
DA:10,0
DA:11,0
DA:12,0
DA:15,0
DA:16,0
DA:17,0
DA:18,0
DA:20,0
DA:21,0
DA:22,0
DA:31,0
DA:32,0
DA:33,0
DA:43,0
DA:44,0
DA:56,0
DA:60,0
DA:62,0
DA:64,0
LF:21
LH:0
BRDA:20,0,0,0
BRDA:20,0,1,0
BRDA:21,1,0,0
BRDA:21,1,1,0
BRDA:21,1,2,0
BRDA:21,1,3,0
BRDA:21,1,4,0
BRDA:26,2,0,0
BRDA:26,2,1,0
BRDA:31,3,0,0
BRDA:31,3,1,0
BRDA:32,4,0,0
BRDA:32,4,1,0
BRDA:32,4,2,0
BRDA:32,4,3,0
BRDA:32,4,4,0
BRDA:38,5,0,0
BRDA:38,5,1,0
BRDA:43,6,0,0
BRDA:43,6,1,0
BRDA:47,7,0,0
BRDA:47,7,1,0
BRDA:48,8,0,0
BRDA:48,8,1,0
BRDA:49,9,0,0
BRDA:49,9,1,0
BRDA:62,10,0,0
BRDA:62,10,1,0
BRDA:62,11,0,0
BRDA:62,11,1,0
BRDA:66,12,0,0
BRDA:66,12,1,0
BRF:32
BRH:0
end_of_record
TN:
SF:components/features/chat/widgets/CalorieWidget.tsx
FN:24,CalorieWidget
FN:35,(anonymous_1)
FN:36,(anonymous_2)
FN:59,(anonymous_3)
FN:100,(anonymous_4)
FN:111,(anonymous_5)
FN:133,(anonymous_6)
FN:143,(anonymous_7)
FNF:8
FNH:0
FNDA:0,CalorieWidget
FNDA:0,(anonymous_1)
FNDA:0,(anonymous_2)
FNDA:0,(anonymous_3)
FNDA:0,(anonymous_4)
FNDA:0,(anonymous_5)
FNDA:0,(anonymous_6)
FNDA:0,(anonymous_7)
DA:22,0
DA:25,0
DA:26,0
DA:27,0
DA:29,0
DA:30,0
DA:31,0
DA:32,0
DA:35,0
DA:36,0
DA:37,0
DA:40,0
DA:41,0
DA:42,0
DA:45,0
DA:46,0
DA:47,0
DA:48,0
DA:49,0
DA:50,0
DA:56,0
DA:59,0
DA:60,0
DA:61,0
DA:66,0
DA:67,0
DA:68,0
DA:71,0
DA:72,0
DA:73,0
DA:76,0
DA:78,0
DA:80,0
DA:84,0
DA:85,0
DA:95,0
DA:101,0
DA:103,0
DA:104,0
DA:105,0
DA:107,0
DA:111,0
DA:134,0
DA:135,0
DA:143,0
DA:157,0
LF:46
LH:0
BRDA:37,0,0,0
BRDA:37,0,1,0
BRDA:40,1,0,0
BRDA:40,1,1,0
BRDA:48,2,0,0
BRDA:48,2,1,0
BRDA:66,3,0,0
BRDA:66,3,1,0
BRDA:71,4,0,0
BRDA:71,4,1,0
BRDA:76,5,0,0
BRDA:76,5,1,0
BRDA:84,6,0,0
BRDA:84,6,1,0
BRDA:103,7,0,0
BRDA:103,7,1,0
BRDA:103,8,0,0
BRDA:103,8,1,0
BRDA:104,9,0,0
BRDA:104,9,1,0
BRDA:104,10,0,0
BRDA:104,10,1,0
BRDA:105,11,0,0
BRDA:105,11,1,0
BRDA:105,12,0,0
BRDA:105,12,1,0
BRDA:121,13,0,0
BRDA:121,13,1,0
BRDA:135,14,0,0
BRDA:135,14,1,0
BRDA:137,15,0,0
BRDA:137,15,1,0
BRDA:148,16,0,0
BRDA:148,16,1,0
BRF:34
BRH:0
end_of_record
TN:
SF:components/features/chat/widgets/PasswordWidget.tsx
FN:31,PasswordWidget
FN:50,(anonymous_1)
FN:51,(anonymous_2)
FN:74,(anonymous_3)
FN:181,(anonymous_4)
FN:198,(anonymous_5)
FN:208,(anonymous_6)
FNF:7
FNH:0
FNDA:0,PasswordWidget
FNDA:0,(anonymous_1)
FNDA:0,(anonymous_2)
FNDA:0,(anonymous_3)
FNDA:0,(anonymous_4)
FNDA:0,(anonymous_5)
FNDA:0,(anonymous_6)
DA:25,0
DA:26,0
DA:29,0
DA:38,0
DA:39,0
DA:41,0
DA:42,0
DA:43,0
DA:44,0
DA:45,0
DA:46,0
DA:47,0
DA:50,0
DA:51,0
DA:52,0
DA:55,0
DA:56,0
DA:57,0
DA:60,0
DA:61,0
DA:62,0
DA:63,0
DA:64,0
DA:65,0
DA:71,0
DA:74,0
DA:75,0
DA:77,0
DA:78,0
DA:80,0
DA:81,0
DA:84,0
DA:94,0
DA:95,0
DA:97,0
DA:100,0
DA:101,0
DA:102,0
DA:105,0
DA:107,0
DA:109,0
DA:113,0
DA:114,0
DA:126,0
DA:181,0
DA:199,0
DA:208,0
DA:248,0
LF:48
LH:0
BRDA:43,0,0,0
BRDA:43,0,1,0
BRDA:44,1,0,0
BRDA:44,1,1,0
BRDA:45,2,0,0
BRDA:45,2,1,0
BRDA:52,3,0,0
BRDA:52,3,1,0
BRDA:55,4,0,0
BRDA:55,4,1,0
BRDA:63,5,0,0
BRDA:63,5,1,0
BRDA:75,6,0,0
BRDA:75,6,1,0
BRDA:81,7,0,0
BRDA:81,7,1,0
BRDA:86,8,0,0
BRDA:86,8,1,0
BRDA:87,9,0,0
BRDA:87,9,1,0
BRDA:100,10,0,0
BRDA:100,10,1,0
BRDA:105,11,0,0
BRDA:105,11,1,0
BRDA:113,12,0,0
BRDA:113,12,1,0
BRDA:119,13,0,0
BRDA:119,13,1,0
BRDA:119,14,0,0
BRDA:119,14,1,0
BRDA:131,15,0,0
BRDA:131,15,1,0
BRDA:138,16,0,0
BRDA:138,16,1,0
BRDA:144,17,0,0
BRDA:144,17,1,0
BRDA:152,18,0,0
BRDA:152,18,1,0
BRDA:158,19,0,0
BRDA:158,19,1,0
BRDA:167,20,0,0
BRDA:167,20,1,0
BRDA:184,21,0,0
BRDA:184,21,1,0
BRDA:195,22,0,0
BRDA:195,22,1,0
BRDA:204,23,0,0
BRDA:204,23,1,0
BRDA:205,24,0,0
BRDA:205,24,1,0
BRDA:212,25,0,0
BRDA:212,25,1,0
BRDA:214,26,0,0
BRDA:214,26,1,0
BRDA:225,27,0,0
BRDA:225,27,1,0
BRDA:227,28,0,0
BRDA:227,28,1,0
BRDA:233,29,0,0
BRDA:233,29,1,0
BRDA:239,30,0,0
BRDA:239,30,1,0
BRF:62
BRH:0
end_of_record
TN:
SF:components/features/chat/widgets/TypingIndicator.tsx
FN:10,TypingIndicator
FN:20,(anonymous_1)
FN:21,(anonymous_2)
FN:42,(anonymous_3)
FN:43,(anonymous_4)
FN:49,(anonymous_5)
FNF:6
FNH:0
FNDA:0,TypingIndicator
FNDA:0,(anonymous_1)
FNDA:0,(anonymous_2)
FNDA:0,(anonymous_3)
FNDA:0,(anonymous_4)
FNDA:0,(anonymous_5)
DA:11,0
DA:12,0
DA:14,0
DA:20,0
DA:21,0
DA:22,0
DA:40,0
DA:42,0
DA:43,0
DA:47,0
DA:50,0
DA:62,0
LF:12
LH:0
BRDA:12,0,0,0
BRDA:12,0,1,0
BRF:2
BRH:0
end_of_record
TN:
SF:components/features/chat/widgets/WorkoutWidget.tsx
FN:27,WorkoutWidget
FN:37,(anonymous_1)
FN:38,(anonymous_2)
FN:61,(anonymous_3)
FN:128,(anonymous_4)
FN:139,(anonymous_5)
FN:161,(anonymous_6)
FN:171,(anonymous_7)
FNF:8
FNH:0
FNDA:0,WorkoutWidget
FNDA:0,(anonymous_1)
FNDA:0,(anonymous_2)
FNDA:0,(anonymous_3)
FNDA:0,(anonymous_4)
FNDA:0,(anonymous_5)
FNDA:0,(anonymous_6)
FNDA:0,(anonymous_7)
DA:22,0
DA:25,0
DA:28,0
DA:29,0
DA:31,0
DA:32,0
DA:33,0
DA:34,0
DA:37,0
DA:38,0
DA:39,0
DA:42,0
DA:43,0
DA:44,0
DA:47,0
DA:48,0
DA:49,0
DA:50,0
DA:51,0
DA:52,0
DA:58,0
DA:61,0
DA:62,0
DA:63,0
DA:66,0
DA:67,0
DA:68,0
DA:69,0
DA:71,0
DA:75,0
DA:85,0
DA:86,0
DA:87,0
DA:88,0
DA:90,0
DA:93,0
DA:94,0
DA:95,0
DA:98,0
DA:100,0
DA:102,0
DA:106,0
DA:107,0
DA:117,0
DA:129,0
DA:131,0
DA:132,0
DA:133,0
DA:135,0
DA:139,0
DA:162,0
DA:163,0
DA:171,0
DA:185,0
LF:54
LH:0
BRDA:39,0,0,0
BRDA:39,0,1,0
BRDA:42,1,0,0
BRDA:42,1,1,0
BRDA:50,2,0,0
BRDA:50,2,1,0
BRDA:66,3,0,0
BRDA:66,3,1,0
BRDA:67,4,0,0
BRDA:67,4,1,0
BRDA:68,5,0,0
BRDA:68,5,1,0
BRDA:69,6,0,0
BRDA:69,6,1,0
BRDA:78,7,0,0
BRDA:78,7,1,0
BRDA:86,8,0,0
BRDA:86,8,1,0
BRDA:93,9,0,0
BRDA:93,9,1,0
BRDA:98,10,0,0
BRDA:98,10,1,0
BRDA:106,11,0,0
BRDA:106,11,1,0
BRDA:111,12,0,0
BRDA:111,12,1,0
BRDA:123,13,0,0
BRDA:123,13,1,0
BRDA:123,13,2,0
BRDA:131,14,0,0
BRDA:131,14,1,0
BRDA:131,15,0,0
BRDA:131,15,1,0
BRDA:132,16,0,0
BRDA:132,16,1,0
BRDA:132,17,0,0
BRDA:132,17,1,0
BRDA:133,18,0,0
BRDA:133,18,1,0
BRDA:133,19,0,0
BRDA:133,19,1,0
BRDA:133,20,0,0
BRDA:133,20,1,0
BRDA:149,21,0,0
BRDA:149,21,1,0
BRDA:153,22,0,0
BRDA:153,22,1,0
BRDA:163,23,0,0
BRDA:163,23,1,0
BRDA:165,24,0,0
BRDA:165,24,1,0
BRDA:167,25,0,0
BRDA:167,25,1,0
BRDA:172,26,0,0
BRDA:172,26,1,0
BRDA:176,27,0,0
BRDA:176,27,1,0
BRF:57
BRH:0
end_of_record
TN:
SF:components/features/home/DraggableAppsGrid.tsx
FN:44,(anonymous_0)
FN:69,(anonymous_1)
FN:86,(anonymous_2)
FN:87,(anonymous_3)
FN:99,(anonymous_4)
FN:104,(anonymous_5)
FN:147,(anonymous_6)
FN:156,(anonymous_7)
FN:177,(anonymous_8)
FN:199,(anonymous_9)
FN:203,(anonymous_10)
FN:205,(anonymous_11)
FN:216,(anonymous_12)
FN:219,(anonymous_13)
FN:232,(anonymous_14)
FN:240,(anonymous_15)
FNF:16
FNH:0
FNDA:0,(anonymous_0)
FNDA:0,(anonymous_1)
FNDA:0,(anonymous_2)
FNDA:0,(anonymous_3)
FNDA:0,(anonymous_4)
FNDA:0,(anonymous_5)
FNDA:0,(anonymous_6)
FNDA:0,(anonymous_7)
FNDA:0,(anonymous_8)
FNDA:0,(anonymous_9)
FNDA:0,(anonymous_10)
FNDA:0,(anonymous_11)
FNDA:0,(anonymous_12)
FNDA:0,(anonymous_13)
FNDA:0,(anonymous_14)
FNDA:0,(anonymous_15)
DA:15,0
DA:16,0
DA:17,0
DA:18,0
DA:19,0
DA:44,0
DA:61,0
DA:62,0
DA:63,0
DA:69,0
DA:71,0
DA:77,0
DA:78,0
DA:79,0
DA:82,0
DA:83,0
DA:85,0
DA:86,0
DA:88,0
DA:89,0
DA:90,0
DA:91,0
DA:97,0
DA:100,0
DA:101,0
DA:102,0
DA:105,0
DA:106,0
DA:108,0
DA:109,0
DA:111,0
DA:112,0
DA:114,0
DA:115,0
DA:116,0
DA:118,0
DA:122,0
DA:123,0
DA:125,0
DA:126,0
DA:127,0
DA:128,0
DA:129,0
DA:130,0
DA:131,0
DA:132,0
DA:136,0
DA:137,0
DA:138,0
DA:139,0
DA:143,0
DA:144,0
DA:148,0
DA:149,0
DA:150,0
DA:151,0
DA:152,0
DA:153,0
DA:156,0
DA:157,0
DA:172,0
DA:199,0
DA:201,0
DA:203,0
DA:204,0
DA:205,0
DA:206,0
DA:208,0
DA:213,0
DA:214,0
DA:216,0
DA:217,0
DA:218,0
DA:219,0
DA:220,0
DA:223,0
DA:225,0
DA:233,0
DA:240,0
DA:248,0
LF:80
LH:0
BRDA:51,0,0,0
BRDA:88,1,0,0
BRDA:88,1,1,0
BRDA:88,2,0,0
BRDA:88,2,1,0
BRDA:112,3,0,0
BRDA:112,3,1,0
BRDA:115,4,0,0
BRDA:115,4,1,0
BRDA:116,5,0,0
BRDA:116,5,1,0
BRDA:126,6,0,0
BRDA:126,6,1,0
BRDA:128,7,0,0
BRDA:128,7,1,0
BRDA:131,8,0,0
BRDA:131,8,1,0
BRDA:131,9,0,0
BRDA:131,9,1,0
BRDA:138,10,0,0
BRDA:138,10,1,0
BRDA:138,11,0,0
BRDA:138,11,1,0
BRDA:166,12,0,0
BRDA:166,12,1,0
BRDA:168,13,0,0
BRDA:168,13,1,0
BRDA:182,14,0,0
BRDA:182,14,1,0
BRF:29
BRH:0
end_of_record
TN:
SF:components/ui/Avatar.tsx
FN:32,Avatar
FN:37,(anonymous_1)
FNF:2
FNH:0
FNDA:0,Avatar
FNDA:0,(anonymous_1)
DA:16,0
DA:24,0
DA:33,0
DA:34,0
DA:35,0
DA:37,0
DA:38,0
DA:39,0
DA:40,0
DA:41,0
DA:44,0
DA:52,0
DA:56,0
DA:57,0
DA:71,0
LF:15
LH:0
BRDA:32,0,0,0
BRDA:38,1,0,0
BRDA:38,1,1,0
BRDA:40,2,0,0
BRDA:40,2,1,0
BRDA:52,3,0,0
BRDA:52,3,1,0
BRDA:52,4,0,0
BRDA:52,4,1,0
BRDA:56,5,0,0
BRDA:56,5,1,0
BRDA:60,6,0,0
BRDA:60,6,1,0
BRF:13
BRH:0
end_of_record
TN:
SF:components/ui/Badge.tsx
FN:31,Badge
FN:42,(anonymous_1)
FN:51,(anonymous_2)
FN:59,(anonymous_3)
FNF:4
FNH:0
FNDA:0,Badge
FNDA:0,(anonymous_1)
FNDA:0,(anonymous_2)
FNDA:0,(anonymous_3)
DA:24,0
DA:40,0
DA:42,0
DA:43,0
DA:44,0
DA:51,0
DA:55,0
DA:56,0
DA:59,0
DA:60,0
DA:61,0
DA:62,0
DA:63,0
DA:64,0
DA:68,0
DA:70,0
DA:77,0
DA:84,0
DA:93,0
DA:94,0
DA:96,0
DA:119,0
LF:22
LH:0
BRDA:33,0,0,0
BRDA:34,1,0,0
BRDA:35,2,0,0
BRDA:36,3,0,0
BRDA:38,4,0,0
BRDA:43,5,0,0
BRDA:43,5,1,0
BRDA:43,6,0,0
BRDA:43,6,1,0
BRDA:43,6,2,0
BRDA:55,7,0,0
BRDA:55,7,1,0
BRDA:55,8,0,0
BRDA:55,8,1,0
BRDA:55,8,2,0
BRDA:60,9,0,0
BRDA:60,9,1,0
BRDA:61,10,0,0
BRDA:61,10,1,0
BRDA:61,10,2,0
BRDA:68,11,0,0
BRDA:68,11,1,0
BRDA:68,11,2,0
BRDA:94,12,0,0
BRDA:94,12,1,0
BRDA:94,13,0,0
BRDA:94,13,1,0
BRDA:104,14,0,0
BRDA:104,14,1,0
BRDA:110,15,0,0
BRDA:110,15,1,0
BRF:31
BRH:0
end_of_record
TN:
SF:components/ui/Button.tsx
FN:36,Button
FN:51,(anonymous_1)
FN:55,(anonymous_2)
FN:59,(anonymous_3)
FN:63,(anonymous_4)
FN:87,(anonymous_5)
FNF:6
FNH:0
FNDA:0,Button
FNDA:0,(anonymous_1)
FNDA:0,(anonymous_2)
FNDA:0,(anonymous_3)
FNDA:0,(anonymous_4)
FNDA:0,(anonymous_5)
DA:21,0
DA:48,0
DA:49,0
DA:51,0
DA:55,0
DA:56,0
DA:59,0
DA:60,0
DA:63,0
DA:64,0
DA:66,0
DA:72,0
DA:79,0
DA:87,0
DA:88,0
DA:90,0
DA:95,0
DA:104,0
DA:109,0
DA:115,0
DA:122,0
DA:123,0
DA:125,0
DA:137,0
DA:143,0
DA:145,0
LF:26
LH:0
BRDA:39,0,0,0
BRDA:40,1,0,0
BRDA:42,2,0,0
BRDA:43,3,0,0
BRDA:44,4,0,0
BRDA:45,5,0,0
BRDA:64,6,0,0
BRDA:64,6,1,0
BRDA:64,6,2,0
BRDA:64,6,3,0
BRDA:88,7,0,0
BRDA:88,7,1,0
BRDA:88,7,2,0
BRDA:88,7,3,0
BRDA:88,7,4,0
BRDA:88,7,5,0
BRDA:131,8,0,0
BRDA:131,8,1,0
BRDA:134,9,0,0
BRDA:134,9,1,0
BRDA:150,10,0,0
BRDA:150,10,1,0
BRDA:153,11,0,0
BRDA:153,11,1,0
BRDA:157,12,0,0
BRDA:157,12,1,0
BRDA:157,12,2,0
BRDA:161,13,0,0
BRDA:161,13,1,0
BRDA:161,13,2,0
BRF:30
BRH:0
end_of_record
TN:
SF:components/ui/Card.tsx
FN:17,Card
FN:26,(anonymous_1)
FN:36,(anonymous_2)
FN:68,(anonymous_3)
FNF:4
FNH:0
FNDA:0,Card
FNDA:0,(anonymous_1)
FNDA:0,(anonymous_2)
FNDA:0,(anonymous_3)
DA:24,0
DA:26,0
DA:27,0
DA:28,0
DA:29,0
DA:30,0
DA:32,0
DA:36,0
DA:37,0
DA:39,0
DA:44,0
DA:51,0
DA:58,0
DA:64,0
DA:65,0
DA:68,0
DA:79,0
LF:17
LH:0
BRDA:20,0,0,0
BRDA:22,1,0,0
BRDA:27,2,0,0
BRDA:27,2,1,0
BRDA:27,2,2,0
BRDA:27,2,3,0
BRDA:27,2,4,0
BRDA:37,3,0,0
BRDA:37,3,1,0
BRDA:37,3,2,0
BRDA:37,3,3,0
BRDA:64,4,0,0
BRDA:64,4,1,0
BRDA:70,5,0,0
BRDA:70,5,1,0
BRF:15
BRH:0
end_of_record
TN:
SF:components/ui/ErrorBoundary.tsx
FN:22,(anonymous_0)
FN:31,(anonymous_1)
FN:36,(anonymous_2)
FN:49,(anonymous_3)
FN:57,(anonymous_4)
FNF:5
FNH:0
FNDA:0,(anonymous_0)
FNDA:0,(anonymous_1)
FNDA:0,(anonymous_2)
FNDA:0,(anonymous_3)
FNDA:0,(anonymous_4)
DA:23,0
DA:24,0
DA:33,0
DA:38,0
DA:40,0
DA:49,0
DA:50,0
DA:58,0
DA:60,0
DA:61,0
DA:64,0
DA:96,0
DA:100,0
LF:13
LH:0
BRDA:58,0,0,0
BRDA:58,0,1,0
BRDA:60,1,0,0
BRDA:60,1,1,0
BRDA:78,2,0,0
BRDA:78,2,1,0
BRDA:78,2,2,0
BRDA:84,3,0,0
BRDA:84,3,1,0
BRF:9
BRH:0
end_of_record
TN:
SF:components/ui/Input.tsx
FN:36,Input
FN:50,(anonymous_1)
FN:55,(anonymous_2)
FN:60,(anonymous_3)
FNF:4
FNH:0
FNDA:0,Input
FNDA:0,(anonymous_1)
FNDA:0,(anonymous_2)
FNDA:0,(anonymous_3)
DA:24,0
DA:46,0
DA:47,0
DA:48,0
DA:50,0
DA:51,0
DA:52,0
DA:55,0
DA:56,0
DA:57,0
DA:60,0
DA:61,0
DA:69,0
DA:75,0
DA:84,0
DA:141,0
LF:16
LH:0
BRDA:61,0,0,0
BRDA:61,0,1,0
BRDA:71,1,0,0
BRDA:71,1,1,0
BRDA:86,2,0,0
BRDA:86,2,1,0
BRDA:93,3,0,0
BRDA:93,3,1,0
BRDA:97,4,0,0
BRDA:97,4,1,0
BRDA:116,5,0,0
BRDA:116,5,1,0
BRDA:127,6,0,0
BRDA:127,6,1,0
BRDA:127,6,2,0
BRDA:131,7,0,0
BRDA:131,7,1,0
BRDA:134,8,0,0
BRDA:134,8,1,0
BRF:19
BRH:0
end_of_record
TN:
SF:components/ui/haptic-tab.tsx
FN:5,HapticTab
FN:9,(anonymous_1)
FNF:2
FNH:0
FNDA:0,HapticTab
FNDA:0,(anonymous_1)
DA:6,0
DA:10,0
DA:12,0
DA:14,0
LF:4
LH:0
BRDA:10,0,0,0
BRDA:10,0,1,0
BRF:2
BRH:0
end_of_record
TN:
SF:components/ui/hello-wave.tsx
FN:3,HelloWave
FNF:1
FNH:0
FNDA:0,HelloWave
DA:4,0
LF:1
LH:0
BRF:0
BRH:0
end_of_record
TN:
SF:components/ui/index.tsx
FNF:0
FNH:0
LF:0
LH:0
BRF:0
BRH:0
end_of_record
TN:
SF:hooks/useBible.ts
FN:50,useBible
FN:79,(anonymous_1)
FN:80,(anonymous_2)
FN:91,(anonymous_3)
FN:97,(anonymous_4)
FN:107,(anonymous_5)
FN:112,(anonymous_6)
FN:131,(anonymous_7)
FN:141,(anonymous_8)
FN:149,(anonymous_9)
FN:157,(anonymous_10)
FN:167,(anonymous_11)
FN:170,(anonymous_12)
FN:187,(anonymous_13)
FN:189,(anonymous_14)
FN:203,(anonymous_15)
FN:216,(anonymous_16)
FN:217,(anonymous_17)
FN:227,(anonymous_18)
FN:229,(anonymous_19)
FN:239,(anonymous_20)
FN:253,(anonymous_21)
FN:254,(anonymous_22)
FN:263,(anonymous_23)
FN:290,(anonymous_24)
FN:297,(anonymous_25)
FN:298,(anonymous_26)
FN:304,(anonymous_27)
FN:313,(anonymous_28)
FN:318,(anonymous_29)
FN:334,(anonymous_30)
FN:340,(anonymous_31)
FN:351,(anonymous_32)
FN:359,(anonymous_33)
FN:369,(anonymous_34)
FN:384,(anonymous_35)
FN:393,(anonymous_36)
FN:397,(anonymous_37)
FN:401,(anonymous_38)
FNF:39
FNH:0
FNDA:0,useBible
FNDA:0,(anonymous_1)
FNDA:0,(anonymous_2)
FNDA:0,(anonymous_3)
FNDA:0,(anonymous_4)
FNDA:0,(anonymous_5)
FNDA:0,(anonymous_6)
FNDA:0,(anonymous_7)
FNDA:0,(anonymous_8)
FNDA:0,(anonymous_9)
FNDA:0,(anonymous_10)
FNDA:0,(anonymous_11)
FNDA:0,(anonymous_12)
FNDA:0,(anonymous_13)
FNDA:0,(anonymous_14)
FNDA:0,(anonymous_15)
FNDA:0,(anonymous_16)
FNDA:0,(anonymous_17)
FNDA:0,(anonymous_18)
FNDA:0,(anonymous_19)
FNDA:0,(anonymous_20)
FNDA:0,(anonymous_21)
FNDA:0,(anonymous_22)
FNDA:0,(anonymous_23)
FNDA:0,(anonymous_24)
FNDA:0,(anonymous_25)
FNDA:0,(anonymous_26)
FNDA:0,(anonymous_27)
FNDA:0,(anonymous_28)
FNDA:0,(anonymous_29)
FNDA:0,(anonymous_30)
FNDA:0,(anonymous_31)
FNDA:0,(anonymous_32)
FNDA:0,(anonymous_33)
FNDA:0,(anonymous_34)
FNDA:0,(anonymous_35)
FNDA:0,(anonymous_36)
FNDA:0,(anonymous_37)
FNDA:0,(anonymous_38)
DA:25,0
DA:51,0
DA:52,0
DA:54,0
DA:55,0
DA:56,0
DA:57,0
DA:60,0
DA:61,0
DA:62,0
DA:65,0
DA:66,0
DA:69,0
DA:70,0
DA:71,0
DA:72,0
DA:73,0
DA:74,0
DA:77,0
DA:79,0
DA:80,0
DA:84,0
DA:85,0
DA:86,0
DA:87,0
DA:91,0
DA:92,0
DA:93,0
DA:94,0
DA:97,0
DA:98,0
DA:99,0
DA:100,0
DA:101,0
DA:102,0
DA:107,0
DA:108,0
DA:109,0
DA:112,0
DA:113,0
DA:114,0
DA:115,0
DA:116,0
DA:117,0
DA:118,0
DA:120,0
DA:121,0
DA:122,0
DA:123,0
DA:125,0
DA:127,0
DA:131,0
DA:132,0
DA:133,0
DA:134,0
DA:135,0
DA:137,0
DA:141,0
DA:142,0
DA:143,0
DA:145,0
DA:149,0
DA:150,0
DA:151,0
DA:152,0
DA:157,0
DA:158,0
DA:159,0
DA:160,0
DA:161,0
DA:163,0
DA:167,0
DA:168,0
DA:169,0
DA:170,0
DA:173,0
DA:174,0
DA:175,0
DA:176,0
DA:178,0
DA:180,0
DA:181,0
DA:187,0
DA:189,0
DA:190,0
DA:192,0
DA:193,0
DA:194,0
DA:195,0
DA:203,0
DA:205,0
DA:208,0
DA:209,0
DA:213,0
DA:214,0
DA:215,0
DA:216,0
DA:217,0
DA:227,0
DA:228,0
DA:229,0
DA:231,0
DA:232,0
DA:239,0
DA:240,0
DA:241,0
DA:242,0
DA:243,0
DA:244,0
DA:245,0
DA:247,0
DA:249,0
DA:253,0
DA:254,0
DA:255,0
DA:261,0
DA:262,0
DA:263,0
DA:264,0
DA:265,0
DA:266,0
DA:268,0
DA:277,0
DA:278,0
DA:279,0
DA:281,0
DA:282,0
DA:290,0
DA:291,0
DA:292,0
DA:297,0
DA:298,0
DA:299,0
DA:300,0
DA:301,0
DA:304,0
DA:305,0
DA:306,0
DA:307,0
DA:308,0
DA:313,0
DA:314,0
DA:315,0
DA:316,0
DA:318,0
DA:319,0
DA:320,0
DA:321,0
DA:322,0
DA:323,0
DA:324,0
DA:331,0
DA:334,0
DA:335,0
DA:336,0
DA:340,0
DA:341,0
DA:342,0
DA:343,0
DA:344,0
DA:345,0
DA:347,0
DA:351,0
DA:352,0
DA:353,0
DA:354,0
DA:355,0
DA:356,0
DA:359,0
DA:360,0
DA:361,0
DA:362,0
DA:363,0
DA:364,0
DA:365,0
DA:369,0
DA:370,0
DA:371,0
DA:372,0
DA:373,0
DA:374,0
DA:375,0
DA:376,0
DA:377,0
DA:384,0
DA:385,0
DA:386,0
DA:387,0
DA:388,0
DA:389,0
DA:390,0
DA:393,0
DA:394,0
DA:395,0
DA:396,0
DA:397,0
DA:401,0
DA:402,0
DA:403,0
DA:404,0
DA:405,0
DA:406,0
DA:407,0
DA:409,0
DA:410,0
DA:422,0
DA:426,0
LF:207
LH:0
BRDA:80,0,0,0
BRDA:80,0,1,0
BRDA:84,1,0,0
BRDA:84,1,1,0
BRDA:84,2,0,0
BRDA:84,2,1,0
BRDA:86,3,0,0
BRDA:86,3,1,0
BRDA:86,4,0,0
BRDA:86,4,1,0
BRDA:86,5,0,0
BRDA:86,5,1,0
BRDA:87,6,0,0
BRDA:87,6,1,0
BRDA:98,7,0,0
BRDA:98,7,1,0
BRDA:108,8,0,0
BRDA:108,8,1,0
BRDA:109,9,0,0
BRDA:109,9,1,0
BRDA:120,10,0,0
BRDA:120,10,1,0
BRDA:121,11,0,0
BRDA:121,11,1,0
BRDA:122,12,0,0
BRDA:122,12,1,0
BRDA:123,13,0,0
BRDA:123,13,1,0
BRDA:161,14,0,0
BRDA:161,14,1,0
BRDA:168,15,0,0
BRDA:168,15,1,0
BRDA:169,16,0,0
BRDA:169,16,1,0
BRDA:192,17,0,0
BRDA:192,17,1,0
BRDA:203,18,0,0
BRDA:203,18,1,0
BRDA:215,19,0,0
BRDA:215,19,1,0
BRDA:223,20,0,0
BRDA:223,20,1,0
BRDA:227,21,0,0
BRDA:227,21,1,0
BRDA:243,22,0,0
BRDA:243,22,1,0
BRDA:255,23,0,0
BRDA:255,23,1,0
BRDA:255,23,2,0
BRDA:261,24,0,0
BRDA:261,24,1,0
BRDA:290,25,0,0
BRDA:290,25,1,0
BRDA:314,26,0,0
BRDA:314,26,1,0
BRDA:314,27,0,0
BRDA:314,27,1,0
BRDA:320,28,0,0
BRDA:320,28,1,0
BRDA:320,29,0,0
BRDA:320,29,1,0
BRDA:322,30,0,0
BRDA:322,30,1,0
BRDA:326,31,0,0
BRDA:326,31,1,0
BRDA:335,32,0,0
BRDA:335,32,1,0
BRDA:335,33,0,0
BRDA:335,33,1,0
BRDA:341,34,0,0
BRDA:341,34,1,0
BRDA:347,35,0,0
BRDA:347,35,1,0
BRDA:354,36,0,0
BRDA:354,36,1,0
BRDA:360,37,0,0
BRDA:360,37,1,0
BRDA:361,38,0,0
BRDA:361,38,1,0
BRDA:363,39,0,0
BRDA:363,39,1,0
BRDA:370,40,0,0
BRDA:370,40,1,0
BRDA:372,41,0,0
BRDA:372,41,1,0
BRDA:375,42,0,0
BRDA:375,42,1,0
BRDA:385,43,0,0
BRDA:385,43,1,0
BRDA:385,44,0,0
BRDA:385,44,1,0
BRDA:390,45,0,0
BRDA:390,45,1,0
BRDA:396,46,0,0
BRDA:396,46,1,0
BRDA:402,47,0,0
BRDA:402,47,1,0
BRDA:402,48,0,0
BRDA:402,48,1,0
BRDA:409,49,0,0
BRDA:409,49,1,0
BRF:101
BRH:0
end_of_record
TN:
SF:hooks/useCalories.ts
FN:16,useCalories
FN:21,(anonymous_1)
FN:29,(anonymous_2)
FN:30,(anonymous_3)
FN:48,(anonymous_4)
FN:65,(anonymous_5)
FN:70,(anonymous_6)
FN:85,(anonymous_7)
FN:91,(anonymous_8)
FN:94,(anonymous_9)
FN:107,(anonymous_10)
FN:130,(anonymous_11)
FN:134,(anonymous_12)
FN:160,(anonymous_13)
FN:177,(anonymous_14)
FN:178,(anonymous_15)
FN:190,(anonymous_16)
FN:192,(anonymous_17)
FN:193,(anonymous_18)
FN:205,(anonymous_19)
FN:207,(anonymous_20)
FN:208,(anonymous_21)
FN:212,(anonymous_22)
FNF:23
FNH:0
FNDA:0,useCalories
FNDA:0,(anonymous_1)
FNDA:0,(anonymous_2)
FNDA:0,(anonymous_3)
FNDA:0,(anonymous_4)
FNDA:0,(anonymous_5)
FNDA:0,(anonymous_6)
FNDA:0,(anonymous_7)
FNDA:0,(anonymous_8)
FNDA:0,(anonymous_9)
FNDA:0,(anonymous_10)
FNDA:0,(anonymous_11)
FNDA:0,(anonymous_12)
FNDA:0,(anonymous_13)
FNDA:0,(anonymous_14)
FNDA:0,(anonymous_15)
FNDA:0,(anonymous_16)
FNDA:0,(anonymous_17)
FNDA:0,(anonymous_18)
FNDA:0,(anonymous_19)
FNDA:0,(anonymous_20)
FNDA:0,(anonymous_21)
FNDA:0,(anonymous_22)
DA:14,0
DA:17,0
DA:18,0
DA:21,0
DA:22,0
DA:23,0
DA:25,0
DA:29,0
DA:30,0
DA:31,0
DA:33,0
DA:34,0
DA:36,0
DA:37,0
DA:39,0
DA:48,0
DA:49,0
DA:51,0
DA:58,0
DA:59,0
DA:60,0
DA:62,0
DA:65,0
DA:66,0
DA:67,0
DA:68,0
DA:69,0
DA:70,0
DA:71,0
DA:85,0
DA:88,0
DA:91,0
DA:94,0
DA:95,0
DA:96,0
DA:99,0
DA:100,0
DA:103,0
DA:107,0
DA:108,0
DA:109,0
DA:110,0
DA:111,0
DA:112,0
DA:113,0
DA:117,0
DA:120,0
DA:123,0
DA:125,0
DA:130,0
DA:131,0
DA:134,0
DA:137,0
DA:138,0
DA:139,0
DA:140,0
DA:142,0
DA:145,0
DA:146,0
DA:147,0
DA:148,0
DA:150,0
DA:160,0
DA:161,0
DA:162,0
DA:163,0
DA:167,0
DA:168,0
DA:177,0
DA:178,0
DA:179,0
DA:180,0
DA:187,0
DA:190,0
DA:192,0
DA:193,0
DA:194,0
DA:195,0
DA:198,0
DA:199,0
DA:201,0
DA:205,0
DA:207,0
DA:208,0
DA:209,0
DA:211,0
DA:212,0
DA:213,0
DA:214,0
DA:217,0
DA:221,0
DA:225,0
LF:92
LH:0
BRDA:31,0,0,0
BRDA:31,0,1,0
BRDA:49,1,0,0
BRDA:49,1,1,0
BRDA:58,2,0,0
BRDA:58,2,1,0
BRDA:68,3,0,0
BRDA:68,3,1,0
BRDA:95,4,0,0
BRDA:95,4,1,0
BRDA:111,5,0,0
BRDA:111,5,1,0
BRDA:137,6,0,0
BRDA:137,6,1,0
BRDA:138,7,0,0
BRDA:138,7,1,0
BRDA:139,8,0,0
BRDA:139,8,1,0
BRDA:140,9,0,0
BRDA:140,9,1,0
BRDA:178,10,0,0
BRDA:178,10,1,0
BRDA:209,11,0,0
BRDA:209,11,1,0
BRDA:212,12,0,0
BRDA:212,12,1,0
BRF:26
BRH:0
end_of_record
TN:
SF:hooks/useChat.ts
FN:13,useChat
FN:45,(anonymous_1)
FN:52,(anonymous_2)
FN:75,(anonymous_3)
FN:81,(anonymous_4)
FN:93,(anonymous_5)
FN:104,(anonymous_6)
FN:111,(anonymous_7)
FN:120,(anonymous_8)
FN:123,(anonymous_9)
FN:128,(anonymous_10)
FN:147,(anonymous_11)
FN:182,(anonymous_12)
FN:197,(anonymous_13)
FN:202,(anonymous_14)
FN:217,(anonymous_15)
FN:233,(anonymous_16)
FN:243,(anonymous_17)
FN:244,(anonymous_18)
FNF:19
FNH:10
FNDA:8,useChat
FNDA:8,(anonymous_1)
FNDA:8,(anonymous_2)
FNDA:6,(anonymous_3)
FNDA:8,(anonymous_4)
FNDA:0,(anonymous_5)
FNDA:8,(anonymous_6)
FNDA:6,(anonymous_7)
FNDA:0,(anonymous_8)
FNDA:0,(anonymous_9)
FNDA:0,(anonymous_10)
FNDA:0,(anonymous_11)
FNDA:0,(anonymous_12)
FNDA:0,(anonymous_13)
FNDA:2,(anonymous_14)
FNDA:0,(anonymous_15)
FNDA:0,(anonymous_16)
FNDA:2,(anonymous_17)
FNDA:2,(anonymous_18)
DA:28,8
DA:29,8
DA:30,8
DA:31,8
DA:33,8
DA:34,8
DA:35,8
DA:36,8
DA:38,8
DA:39,8
DA:40,8
DA:42,8
DA:45,8
DA:52,8
DA:54,8
DA:55,6
DA:56,2
DA:57,0
DA:58,2
DA:59,0
DA:61,2
DA:64,8
DA:74,8
DA:75,8
DA:76,6
DA:77,6
DA:81,8
DA:82,8
DA:83,8
DA:84,0
DA:85,0
DA:87,0
DA:93,0
DA:95,0
DA:96,0
DA:97,0
DA:98,0
DA:99,0
DA:104,8
DA:105,8
DA:106,0
DA:111,8
DA:112,6
DA:113,1
DA:119,8
DA:121,0
DA:123,0
DA:124,0
DA:125,0
DA:127,0
DA:128,0
DA:129,0
DA:130,0
DA:132,0
DA:135,0
DA:136,0
DA:137,0
DA:138,0
DA:139,0
DA:141,0
DA:142,0
DA:145,0
DA:147,0
DA:148,0
DA:149,0
DA:150,0
DA:158,0
DA:160,0
DA:162,0
DA:163,0
DA:166,0
DA:167,0
DA:169,0
DA:170,0
DA:171,0
DA:172,0
DA:175,0
DA:176,0
DA:177,0
DA:178,0
DA:182,0
DA:188,0
DA:190,0
DA:192,0
DA:196,0
DA:197,0
DA:202,8
DA:203,2
DA:205,2
DA:206,1
DA:207,1
DA:209,0
DA:210,0
DA:213,1
DA:214,1
DA:216,1
DA:217,1
DA:218,0
DA:219,0
DA:220,0
DA:223,1
DA:224,1
DA:230,0
DA:231,0
DA:232,0
DA:233,0
DA:243,8
DA:244,2
DA:245,2
DA:246,2
DA:247,2
DA:248,2
DA:251,8
LF:113
LH:51
BRDA:14,0,0,2
BRDA:34,1,0,8
BRDA:34,1,1,7
BRDA:42,2,0,2
BRDA:42,2,1,6
BRDA:42,3,0,0
BRDA:42,3,1,6
BRDA:47,4,0,8
BRDA:47,4,1,8
BRDA:54,5,0,6
BRDA:54,5,1,2
BRDA:55,6,0,6
BRDA:55,6,1,0
BRDA:56,7,0,0
BRDA:56,7,1,2
BRDA:56,8,0,2
BRDA:56,8,1,0
BRDA:58,9,0,0
BRDA:58,9,1,2
BRDA:58,10,0,2
BRDA:58,10,1,0
BRDA:61,11,0,2
BRDA:61,11,1,0
BRDA:66,12,0,8
BRDA:66,12,1,0
BRDA:66,12,2,0
BRDA:74,13,0,8
BRDA:74,13,1,8
BRDA:82,14,0,8
BRDA:82,14,1,8
BRDA:83,15,0,0
BRDA:83,15,1,8
BRDA:83,16,0,8
BRDA:83,16,1,0
BRDA:83,16,2,0
BRDA:84,17,0,0
BRDA:84,17,1,0
BRDA:99,18,0,0
BRDA:99,18,1,0
BRDA:105,19,0,0
BRDA:105,19,1,8
BRDA:105,20,0,8
BRDA:105,20,1,2
BRDA:105,20,2,0
BRDA:112,21,0,1
BRDA:112,21,1,5
BRDA:124,22,0,0
BRDA:124,22,1,0
BRDA:124,23,0,0
BRDA:124,23,1,0
BRDA:127,24,0,0
BRDA:127,24,1,0
BRDA:127,25,0,0
BRDA:127,25,1,0
BRDA:129,26,0,0
BRDA:129,26,1,0
BRDA:137,27,0,0
BRDA:137,27,1,0
BRDA:139,28,0,0
BRDA:139,28,1,0
BRDA:142,29,0,0
BRDA:142,29,1,0
BRDA:145,30,0,0
BRDA:145,30,1,0
BRDA:148,31,0,0
BRDA:148,31,1,0
BRDA:149,32,0,0
BRDA:149,32,1,0
BRDA:149,33,0,0
BRDA:149,33,1,0
BRDA:151,34,0,0
BRDA:151,34,1,0
BRDA:152,35,0,0
BRDA:152,35,1,0
BRDA:154,36,0,0
BRDA:154,36,1,0
BRDA:158,37,0,0
BRDA:158,37,1,0
BRDA:158,38,0,0
BRDA:158,38,1,0
BRDA:160,39,0,0
BRDA:160,39,1,0
BRDA:167,40,0,0
BRDA:167,40,1,0
BRDA:167,41,0,0
BRDA:167,41,1,0
BRDA:185,42,0,0
BRDA:185,42,1,0
BRDA:186,43,0,0
BRDA:186,43,1,0
BRDA:205,44,0,1
BRDA:205,44,1,1
BRDA:216,45,0,0
BRDA:216,45,1,1
BRDA:243,46,0,0
BRF:95
BRH:31
end_of_record
TN:
SF:hooks/useDebounce.ts
FN:3,useDebounce
FN:6,(anonymous_1)
FN:7,(anonymous_2)
FN:11,(anonymous_3)
FNF:4
FNH:0
FNDA:0,useDebounce
FNDA:0,(anonymous_1)
FNDA:0,(anonymous_2)
FNDA:0,(anonymous_3)
DA:4,0
DA:6,0
DA:7,0
DA:8,0
DA:11,0
DA:12,0
DA:16,0
LF:7
LH:0
BRF:0
BRH:0
end_of_record
TN:
SF:hooks/usePasswords.ts
FN:17,usePasswords
FN:21,(anonymous_1)
FN:22,(anonymous_2)
FN:38,(anonymous_3)
FN:52,(anonymous_4)
FN:57,(anonymous_5)
FN:69,(anonymous_6)
FN:71,(anonymous_7)
FN:81,(anonymous_8)
FN:103,(anonymous_9)
FN:107,(anonymous_10)
FN:112,(anonymous_11)
FN:117,(anonymous_12)
FN:122,(anonymous_13)
FN:160,(anonymous_14)
FN:192,(anonymous_15)
FN:195,(anonymous_16)
FN:215,(anonymous_17)
FN:216,(anonymous_18)
FN:227,(anonymous_19)
FN:228,(anonymous_20)
FN:229,(anonymous_21)
FNF:22
FNH:0
FNDA:0,usePasswords
FNDA:0,(anonymous_1)
FNDA:0,(anonymous_2)
FNDA:0,(anonymous_3)
FNDA:0,(anonymous_4)
FNDA:0,(anonymous_5)
FNDA:0,(anonymous_6)
FNDA:0,(anonymous_7)
FNDA:0,(anonymous_8)
FNDA:0,(anonymous_9)
FNDA:0,(anonymous_10)
FNDA:0,(anonymous_11)
FNDA:0,(anonymous_12)
FNDA:0,(anonymous_13)
FNDA:0,(anonymous_14)
FNDA:0,(anonymous_15)
FNDA:0,(anonymous_16)
FNDA:0,(anonymous_17)
FNDA:0,(anonymous_18)
FNDA:0,(anonymous_19)
FNDA:0,(anonymous_20)
FNDA:0,(anonymous_21)
DA:15,0
DA:18,0
DA:19,0
DA:21,0
DA:22,0
DA:23,0
DA:25,0
DA:26,0
DA:28,0
DA:29,0
DA:30,0
DA:38,0
DA:39,0
DA:45,0
DA:46,0
DA:47,0
DA:49,0
DA:52,0
DA:53,0
DA:54,0
DA:55,0
DA:56,0
DA:57,0
DA:58,0
DA:69,0
DA:70,0
DA:71,0
DA:73,0
DA:74,0
DA:77,0
DA:81,0
DA:82,0
DA:83,0
DA:84,0
DA:85,0
DA:86,0
DA:87,0
DA:91,0
DA:94,0
DA:97,0
DA:99,0
DA:103,0
DA:104,0
DA:107,0
DA:108,0
DA:112,0
DA:113,0
DA:115,0
DA:117,0
DA:118,0
DA:122,0
DA:125,0
DA:126,0
DA:132,0
DA:133,0
DA:136,0
DA:137,0
DA:141,0
DA:155,0
DA:160,0
DA:161,0
DA:165,0
DA:174,0
DA:182,0
DA:183,0
DA:192,0
DA:194,0
DA:195,0
DA:197,0
DA:199,0
DA:200,0
DA:204,0
DA:205,0
DA:215,0
DA:216,0
DA:217,0
DA:218,0
DA:220,0
DA:222,0
DA:223,0
DA:227,0
DA:228,0
DA:229,0
DA:230,0
DA:231,0
DA:234,0
DA:235,0
DA:237,0
DA:241,0
LF:89
LH:0
BRDA:23,0,0,0
BRDA:23,0,1,0
BRDA:38,1,0,0
BRDA:38,1,1,0
BRDA:45,2,0,0
BRDA:45,2,1,0
BRDA:55,3,0,0
BRDA:55,3,1,0
BRDA:85,4,0,0
BRDA:85,4,1,0
BRDA:115,5,0,0
BRDA:115,5,1,0
BRDA:118,6,0,0
BRDA:118,6,1,0
BRDA:165,7,0,0
BRDA:165,7,1,0
BRDA:194,8,0,0
BRDA:194,8,1,0
BRDA:195,9,0,0
BRDA:195,9,1,0
BRDA:216,10,0,0
BRDA:216,10,1,0
BRF:22
BRH:0
end_of_record
TN:
SF:hooks/useWorkouts.ts
FN:28,useWorkouts
FN:33,(anonymous_1)
FN:34,(anonymous_2)
FN:50,(anonymous_3)
FN:64,(anonymous_4)
FN:77,(anonymous_5)
FN:89,(anonymous_6)
FN:91,(anonymous_7)
FN:93,(anonymous_8)
FN:101,(anonymous_9)
FN:130,(anonymous_10)
FN:134,(anonymous_11)
FN:148,(anonymous_12)
FN:163,(anonymous_13)
FN:180,(anonymous_14)
FN:181,(anonymous_15)
FN:193,(anonymous_16)
FN:194,(anonymous_17)
FN:195,(anonymous_18)
FNF:19
FNH:0
FNDA:0,useWorkouts
FNDA:0,(anonymous_1)
FNDA:0,(anonymous_2)
FNDA:0,(anonymous_3)
FNDA:0,(anonymous_4)
FNDA:0,(anonymous_5)
FNDA:0,(anonymous_6)
FNDA:0,(anonymous_7)
FNDA:0,(anonymous_8)
FNDA:0,(anonymous_9)
FNDA:0,(anonymous_10)
FNDA:0,(anonymous_11)
FNDA:0,(anonymous_12)
FNDA:0,(anonymous_13)
FNDA:0,(anonymous_14)
FNDA:0,(anonymous_15)
FNDA:0,(anonymous_16)
FNDA:0,(anonymous_17)
FNDA:0,(anonymous_18)
DA:25,0
DA:26,0
DA:29,0
DA:30,0
DA:31,0
DA:33,0
DA:34,0
DA:35,0
DA:37,0
DA:38,0
DA:40,0
DA:41,0
DA:42,0
DA:50,0
DA:51,0
DA:57,0
DA:58,0
DA:59,0
DA:61,0
DA:64,0
DA:66,0
DA:67,0
DA:68,0
DA:69,0
DA:73,0
DA:74,0
DA:75,0
DA:76,0
DA:77,0
DA:78,0
DA:89,0
DA:90,0
DA:91,0
DA:93,0
DA:95,0
DA:96,0
DA:101,0
DA:102,0
DA:103,0
DA:104,0
DA:107,0
DA:108,0
DA:111,0
DA:112,0
DA:113,0
DA:114,0
DA:118,0
DA:121,0
DA:124,0
DA:126,0
DA:130,0
DA:131,0
DA:134,0
DA:135,0
DA:136,0
DA:138,0
DA:139,0
DA:148,0
DA:149,0
DA:150,0
DA:151,0
DA:153,0
DA:163,0
DA:164,0
DA:165,0
DA:166,0
DA:169,0
DA:170,0
DA:180,0
DA:181,0
DA:182,0
DA:183,0
DA:190,0
DA:193,0
DA:194,0
DA:195,0
DA:196,0
DA:197,0
DA:200,0
DA:201,0
DA:203,0
DA:207,0
LF:82
LH:0
BRDA:35,0,0,0
BRDA:35,0,1,0
BRDA:50,1,0,0
BRDA:50,1,1,0
BRDA:57,2,0,0
BRDA:57,2,1,0
BRDA:75,3,0,0
BRDA:75,3,1,0
BRDA:107,4,0,0
BRDA:107,4,1,0
BRDA:112,5,0,0
BRDA:112,5,1,0
BRDA:181,6,0,0
BRDA:181,6,1,0
BRF:14
BRH:0
end_of_record
TN:
SF:utils/date.ts
FN:1,(anonymous_0)
FNF:1
FNH:0
FNDA:0,(anonymous_0)
DA:1,1
DA:2,0
DA:6,0
DA:9,0
DA:10,0
DA:13,0
DA:14,0
DA:15,0
DA:17,0
LF:9
LH:1
BRDA:2,0,0,0
BRDA:2,0,1,0
BRDA:9,1,0,0
BRDA:9,1,1,0
BRDA:9,2,0,0
BRDA:9,2,1,0
BRDA:9,2,2,0
BRDA:14,3,0,0
BRDA:14,3,1,0
BRF:9
BRH:0
end_of_record
